#
# There is insufficient memory for the Java Runtime Environment to continue.
# Native memory allocation (mmap) failed to map 183500800 bytes. Error detail: G1 virtual space
# Possible reasons:
#   The system is out of physical RAM or swap space
#   This process is running with CompressedOops enabled, and the Java Heap may be blocking the growth of the native heap
# Possible solutions:
#   Reduce memory load on the system
#   Increase physical memory or swap space
#   Check if swap backing store is full
#   Decrease Java heap size (-Xmx/-Xms)
#   Decrease number of Java threads
#   Decrease Java thread stack sizes (-Xss)
#   Set larger code cache with -XX:ReservedCodeCacheSize=
#   JVM is running with Unscaled Compressed Oops mode in which the Java heap is
#     placed in the first 4GB address space. The Java Heap base address is the
#     maximum limit for the native heap growth. Please use -XX:HeapBaseMinAddress
#     to set the Java Heap base and to place the Java Heap above 4GB virtual address.
# This output file may be truncated or incomplete.
#
#  Out of Memory Error (os_windows.cpp:3618), pid=73320, tid=63544
#
# JRE version: OpenJDK Runtime Environment Corretto-17.0.18.9.1 (17.0.18+9) (build 17.0.18+9-LTS)
# Java VM: OpenJDK 64-Bit Server VM Corretto-17.0.18.9.1 (17.0.18+9-LTS, mixed mode, sharing, tiered, compressed oops, compressed class ptrs, g1 gc, windows-amd64)
# No core dump will be written. Minidumps are not enabled by default on client versions of Windows
#

---------------  S U M M A R Y ------------

Command Line: org.jetbrains.kotlin.cli.jvm.K2JVMCompiler @D:\FIELTHY D\fielthy apps (ijul)\FielthyApps-master punya oti\app\build\20260621_3018343046471519401.compiler.options

Host: AMD Ryzen 3 5300U with Radeon Graphics         , 8 cores, 5G,  Windows 10 , 64 bit Build 19041 (10.0.19041.5915)
Time: Sun Jun 21 14:58:03 2026 SE Asia Standard Time elapsed time: 11.905550 seconds (0d 0h 0m 11s)

---------------  T H R E A D  ---------------

Current thread (0x00000257483fd8f0):  VMThread "VM Thread" [stack: 0x000000ef3b400000,0x000000ef3b500000] [id=63544]

Stack: [0x000000ef3b400000,0x000000ef3b500000]
Native frames: (J=compiled Java code, j=interpreted, Vv=VM code, C=native code)
V  [jvm.dll+0x68b3f9]
V  [jvm.dll+0x841779]
V  [jvm.dll+0x8434e8]
V  [jvm.dll+0x843b73]
V  [jvm.dll+0x24ce4f]
V  [jvm.dll+0x688259]
V  [jvm.dll+0x67d26a]
V  [jvm.dll+0x30d1b0]
V  [jvm.dll+0x30d052]
V  [jvm.dll+0x3145a9]
V  [jvm.dll+0x366969]
V  [jvm.dll+0x366b9d]
V  [jvm.dll+0x2e42ca]
V  [jvm.dll+0x2e26c1]
V  [jvm.dll+0x2e1e5c]
V  [jvm.dll+0x325ebb]
V  [jvm.dll+0x8483ed]
V  [jvm.dll+0x849103]
V  [jvm.dll+0x849634]
V  [jvm.dll+0x849a18]
V  [jvm.dll+0x849b0e]
V  [jvm.dll+0x7f1cdc]
V  [jvm.dll+0x68a307]
C  [ucrtbase.dll+0x21bb2]
C  [KERNEL32.DLL+0x17374]
C  [ntdll.dll+0x4cc91]

VM_Operation (0x000000ef3aefdfc0): G1CollectForAllocation, mode: safepoint, requested by thread 0x00000257297fc880


---------------  P R O C E S S  ---------------

Threads class SMR info:
_java_thread_list=0x0000025791b8f520, length=13, elements={
0x00000257297fc880, 0x0000025748403fa0, 0x0000025748404e20, 0x000002574841aa70,
0x000002574841e950, 0x000002574841f310, 0x0000025748421ce0, 0x0000025748422a80,
0x0000025748424fb0, 0x00000257484259b0, 0x0000025748a9eb00, 0x0000025748ac22d0,
0x000002579187aa40
}

Java Threads: ( => current thread )
  0x00000257297fc880 JavaThread "main" [_thread_blocked, id=67484, stack(0x000000ef3ae00000,0x000000ef3af00000)]
  0x0000025748403fa0 JavaThread "Reference Handler" daemon [_thread_blocked, id=70168, stack(0x000000ef3b500000,0x000000ef3b600000)]
  0x0000025748404e20 JavaThread "Finalizer" daemon [_thread_blocked, id=71584, stack(0x000000ef3b600000,0x000000ef3b700000)]
  0x000002574841aa70 JavaThread "Signal Dispatcher" daemon [_thread_blocked, id=74384, stack(0x000000ef3b700000,0x000000ef3b800000)]
  0x000002574841e950 JavaThread "Attach Listener" daemon [_thread_blocked, id=42540, stack(0x000000ef3b800000,0x000000ef3b900000)]
  0x000002574841f310 JavaThread "Service Thread" daemon [_thread_blocked, id=74128, stack(0x000000ef3b900000,0x000000ef3ba00000)]
  0x0000025748421ce0 JavaThread "Monitor Deflation Thread" daemon [_thread_blocked, id=58136, stack(0x000000ef3ba00000,0x000000ef3bb00000)]
  0x0000025748422a80 JavaThread "C2 CompilerThread0" daemon [_thread_blocked, id=11024, stack(0x000000ef3bb00000,0x000000ef3bc00000)]
  0x0000025748424fb0 JavaThread "C1 CompilerThread0" daemon [_thread_blocked, id=63688, stack(0x000000ef3bc00000,0x000000ef3bd00000)]
  0x00000257484259b0 JavaThread "Sweeper thread" daemon [_thread_blocked, id=24808, stack(0x000000ef3bd00000,0x000000ef3be00000)]
  0x0000025748a9eb00 JavaThread "Notification Thread" daemon [_thread_blocked, id=74372, stack(0x000000ef3be00000,0x000000ef3bf00000)]
  0x0000025748ac22d0 JavaThread "Common-Cleaner" daemon [_thread_blocked, id=74332, stack(0x000000ef3c000000,0x000000ef3c100000)]
  0x000002579187aa40 JavaThread "C2 CompilerThread1" daemon [_thread_in_native, id=68288, stack(0x000000ef3c100000,0x000000ef3c200000)]

Other Threads:
=>0x00000257483fd8f0 VMThread "VM Thread" [stack: 0x000000ef3b400000,0x000000ef3b500000] [id=63544]
  0x0000025748ac1810 WatcherThread [stack: 0x000000ef3bf00000,0x000000ef3c000000] [id=74464]
  0x0000025729849790 GCTaskThread "GC Thread#0" [stack: 0x000000ef3af00000,0x000000ef3b000000] [id=73996]
  0x000002578e2a3f90 GCTaskThread "GC Thread#1" [stack: 0x000000ef3c200000,0x000000ef3c300000] [id=65620]
  0x000002578e2a4f40 GCTaskThread "GC Thread#2" [stack: 0x000000ef3c300000,0x000000ef3c400000] [id=74520]
  0x000002578e2a5200 GCTaskThread "GC Thread#3" [stack: 0x000000ef3c400000,0x000000ef3c500000] [id=40820]
  0x000002578e2d4ed0 GCTaskThread "GC Thread#4" [stack: 0x000000ef3c500000,0x000000ef3c600000] [id=69264]
  0x000002578e5e0970 GCTaskThread "GC Thread#5" [stack: 0x000000ef3c600000,0x000000ef3c700000] [id=73548]
  0x000002578e90a3d0 GCTaskThread "GC Thread#6" [stack: 0x000000ef3c700000,0x000000ef3c800000] [id=74232]
  0x000002578e6a6450 GCTaskThread "GC Thread#7" [stack: 0x000000ef3c800000,0x000000ef3c900000] [id=58900]
  0x00000257298743c0 ConcurrentGCThread "G1 Main Marker" [stack: 0x000000ef3b000000,0x000000ef3b100000] [id=74116]
  0x0000025729875df0 ConcurrentGCThread "G1 Conc#0" [stack: 0x000000ef3b100000,0x000000ef3b200000] [id=71348]
  0x000002578f5ec990 ConcurrentGCThread "G1 Conc#1" [stack: 0x000000ef3ca00000,0x000000ef3cb00000] [id=55208]
  0x00000257482c3f70 ConcurrentGCThread "G1 Refine#0" [stack: 0x000000ef3b200000,0x000000ef3b300000] [id=74524]
  0x000002578eef6700 ConcurrentGCThread "G1 Refine#1" [stack: 0x000000ef3c900000,0x000000ef3ca00000] [id=64592]
  0x000002578fa1e6d0 ConcurrentGCThread "G1 Refine#2" [stack: 0x000000ef3cb00000,0x000000ef3cc00000] [id=74328]
  0x000002578fa1ecb0 ConcurrentGCThread "G1 Refine#3" [stack: 0x000000ef3cc00000,0x000000ef3cd00000] [id=70420]
  0x00000257482c49a0 ConcurrentGCThread "G1 Service" [stack: 0x000000ef3b300000,0x000000ef3b400000] [id=74656]

Threads with active compile tasks:
C2 CompilerThread0  11923 9555       4       org.jetbrains.kotlin.fir.backend.Fir2IrTypeConverterKt::toIrType (36 bytes)
C1 CompilerThread0  11923 9563       1       org.jetbrains.kotlin.ir.declarations.impl.IrFunctionImpl::setDispatchReceiverParameter (6 bytes)
C2 CompilerThread1  11923 9501       4       org.jetbrains.kotlin.fir.backend.Fir2IrTypeConverter::toIrType (1744 bytes)

VM state: at safepoint (normal execution)

VM Mutex/Monitor currently owned by a thread:  ([mutex/lock_event])
[0x000002572976ae70] Threads_lock - owner thread: 0x00000257483fd8f0
[0x000002572976c460] Heap_lock - owner thread: 0x00000257297fc880

Heap address: 0x00000000a2200000, size: 1502 MB, Compressed Oops mode: 32-bit

CDS archive(s) mapped at: [0x0000025749000000-0x0000025749bb0000-0x0000025749bb0000), size 12255232, SharedBaseAddress: 0x0000025749000000, ArchiveRelocationMode: 1.
Compressed class space mapped at: 0x000002574a000000-0x000002578a000000, reserved size: 1073741824
Narrow klass base: 0x0000025749000000, Narrow klass shift: 0, Narrow klass range: 0x100000000

GC Precious Log:
 CPUs: 8 total, 8 available
 Memory: 6005M
 Large Page Support: Disabled
 NUMA Support: Disabled
 Compressed Oops: Enabled (32-bit)
 Heap Region Size: 1M
 Heap Min Capacity: 8M
 Heap Initial Capacity: 94M
 Heap Max Capacity: 1502M
 Pre-touch: Disabled
 Parallel Workers: 8
 Concurrent Workers: 2
 Concurrent Refinement Workers: 8
 Periodic GC: Disabled

Heap:
 garbage-first heap   total 160768K, used 93429K [0x00000000a2200000, 0x0000000100000000)
  region size 1024K, 1 young (1024K), 1 survivors (1024K)
 Metaspace       used 65640K, committed 65984K, reserved 1114112K
  class space    used 7322K, committed 7488K, reserved 1048576K

Heap Regions: E=young(eden), S=young(survivor), O=old, HS=humongous(starts), HC=humongous(continues), CS=collection set, F=free, OA=open archive, CA=closed archive, TAMS=top-at-mark-start (previous, next)
|   0|0x00000000a2200000, 0x00000000a2300000, 0x00000000a2300000|100%|HS|  |TAMS 0x00000000a2300000, 0x00000000a2200000| Complete 
|   1|0x00000000a2300000, 0x00000000a2400000, 0x00000000a2400000|100%|HC|  |TAMS 0x00000000a2400000, 0x00000000a2300000| Complete 
|   2|0x00000000a2400000, 0x00000000a2500000, 0x00000000a2500000|100%|HC|  |TAMS 0x00000000a2500000, 0x00000000a2400000| Complete 
|   3|0x00000000a2500000, 0x00000000a2600000, 0x00000000a2600000|100%|HC|  |TAMS 0x00000000a2600000, 0x00000000a2500000| Complete 
|   4|0x00000000a2600000, 0x00000000a2700000, 0x00000000a2700000|100%| O|  |TAMS 0x00000000a2700000, 0x00000000a2600000| Untracked 
|   5|0x00000000a2700000, 0x00000000a2800000, 0x00000000a2800000|100%| O|  |TAMS 0x00000000a2800000, 0x00000000a2700000| Untracked 
|   6|0x00000000a2800000, 0x00000000a2900000, 0x00000000a2900000|100%| O|  |TAMS 0x00000000a2900000, 0x00000000a2800000| Untracked 
|   7|0x00000000a2900000, 0x00000000a2a00000, 0x00000000a2a00000|100%| O|  |TAMS 0x00000000a2a00000, 0x00000000a2900000| Untracked 
|   8|0x00000000a2a00000, 0x00000000a2b00000, 0x00000000a2b00000|100%| O|  |TAMS 0x00000000a2b00000, 0x00000000a2a00000| Untracked 
|   9|0x00000000a2b00000, 0x00000000a2c00000, 0x00000000a2c00000|100%| O|  |TAMS 0x00000000a2c00000, 0x00000000a2b00000| Untracked 
|  10|0x00000000a2c00000, 0x00000000a2d00000, 0x00000000a2d00000|100%| O|  |TAMS 0x00000000a2d00000, 0x00000000a2c00000| Untracked 
|  11|0x00000000a2d00000, 0x00000000a2e00000, 0x00000000a2e00000|100%| O|  |TAMS 0x00000000a2e00000, 0x00000000a2d00000| Untracked 
|  12|0x00000000a2e00000, 0x00000000a2f00000, 0x00000000a2f00000|100%| O|  |TAMS 0x00000000a2f00000, 0x00000000a2e00000| Untracked 
|  13|0x00000000a2f00000, 0x00000000a3000000, 0x00000000a3000000|100%| O|  |TAMS 0x00000000a3000000, 0x00000000a2f00000| Untracked 
|  14|0x00000000a3000000, 0x00000000a3100000, 0x00000000a3100000|100%| O|  |TAMS 0x00000000a3100000, 0x00000000a3000000| Untracked 
|  15|0x00000000a3100000, 0x00000000a3200000, 0x00000000a3200000|100%| O|  |TAMS 0x00000000a3200000, 0x00000000a3100000| Untracked 
|  16|0x00000000a3200000, 0x00000000a3300000, 0x00000000a3300000|100%| O|  |TAMS 0x00000000a3300000, 0x00000000a3200000| Untracked 
|  17|0x00000000a3300000, 0x00000000a3400000, 0x00000000a3400000|100%| O|  |TAMS 0x00000000a3400000, 0x00000000a3300000| Untracked 
|  18|0x00000000a3400000, 0x00000000a3500000, 0x00000000a3500000|100%| O|  |TAMS 0x00000000a3500000, 0x00000000a3400000| Untracked 
|  19|0x00000000a3500000, 0x00000000a3600000, 0x00000000a3600000|100%| O|  |TAMS 0x00000000a3600000, 0x00000000a3500000| Untracked 
|  20|0x00000000a3600000, 0x00000000a3700000, 0x00000000a3700000|100%| O|  |TAMS 0x00000000a3700000, 0x00000000a3600000| Untracked 
|  21|0x00000000a3700000, 0x00000000a3800000, 0x00000000a3800000|100%| O|  |TAMS 0x00000000a3800000, 0x00000000a3700000| Untracked 
|  22|0x00000000a3800000, 0x00000000a3900000, 0x00000000a3900000|100%| O|  |TAMS 0x00000000a3900000, 0x00000000a3800000| Untracked 
|  23|0x00000000a3900000, 0x00000000a3a00000, 0x00000000a3a00000|100%| O|  |TAMS 0x00000000a3a00000, 0x00000000a3900000| Untracked 
|  24|0x00000000a3a00000, 0x00000000a3b00000, 0x00000000a3b00000|100%| O|  |TAMS 0x00000000a3b00000, 0x00000000a3a00000| Untracked 
|  25|0x00000000a3b00000, 0x00000000a3c00000, 0x00000000a3c00000|100%| O|  |TAMS 0x00000000a3c00000, 0x00000000a3b00000| Untracked 
|  26|0x00000000a3c00000, 0x00000000a3d00000, 0x00000000a3d00000|100%| O|  |TAMS 0x00000000a3d00000, 0x00000000a3c00000| Untracked 
|  27|0x00000000a3d00000, 0x00000000a3e00000, 0x00000000a3e00000|100%| O|  |TAMS 0x00000000a3e00000, 0x00000000a3d00000| Untracked 
|  28|0x00000000a3e00000, 0x00000000a3f00000, 0x00000000a3f00000|100%| O|  |TAMS 0x00000000a3f00000, 0x00000000a3e00000| Untracked 
|  29|0x00000000a3f00000, 0x00000000a4000000, 0x00000000a4000000|100%| O|  |TAMS 0x00000000a4000000, 0x00000000a3f00000| Untracked 
|  30|0x00000000a4000000, 0x00000000a4100000, 0x00000000a4100000|100%| O|  |TAMS 0x00000000a4100000, 0x00000000a4000000| Untracked 
|  31|0x00000000a4100000, 0x00000000a4200000, 0x00000000a4200000|100%| O|  |TAMS 0x00000000a4200000, 0x00000000a4100000| Untracked 
|  32|0x00000000a4200000, 0x00000000a4300000, 0x00000000a4300000|100%| O|  |TAMS 0x00000000a4300000, 0x00000000a4200000| Untracked 
|  33|0x00000000a4300000, 0x00000000a4400000, 0x00000000a4400000|100%| O|  |TAMS 0x00000000a4400000, 0x00000000a4300000| Untracked 
|  34|0x00000000a4400000, 0x00000000a4500000, 0x00000000a4500000|100%| O|  |TAMS 0x00000000a4500000, 0x00000000a4400000| Untracked 
|  35|0x00000000a4500000, 0x00000000a4600000, 0x00000000a4600000|100%| O|  |TAMS 0x00000000a4600000, 0x00000000a4500000| Untracked 
|  36|0x00000000a4600000, 0x00000000a4700000, 0x00000000a4700000|100%| O|  |TAMS 0x00000000a4700000, 0x00000000a4600000| Untracked 
|  37|0x00000000a4700000, 0x00000000a4800000, 0x00000000a4800000|100%| O|  |TAMS 0x00000000a4800000, 0x00000000a4700000| Untracked 
|  38|0x00000000a4800000, 0x00000000a4900000, 0x00000000a4900000|100%| O|  |TAMS 0x00000000a4900000, 0x00000000a4800000| Untracked 
|  39|0x00000000a4900000, 0x00000000a4a00000, 0x00000000a4a00000|100%| O|  |TAMS 0x00000000a4a00000, 0x00000000a4900000| Untracked 
|  40|0x00000000a4a00000, 0x00000000a4b00000, 0x00000000a4b00000|100%| O|  |TAMS 0x00000000a4b00000, 0x00000000a4a00000| Untracked 
|  41|0x00000000a4b00000, 0x00000000a4c00000, 0x00000000a4c00000|100%| O|  |TAMS 0x00000000a4c00000, 0x00000000a4b00000| Untracked 
|  42|0x00000000a4c00000, 0x00000000a4d00000, 0x00000000a4d00000|100%| O|  |TAMS 0x00000000a4d00000, 0x00000000a4c00000| Untracked 
|  43|0x00000000a4d00000, 0x00000000a4e00000, 0x00000000a4e00000|100%| O|  |TAMS 0x00000000a4e00000, 0x00000000a4d00000| Untracked 
|  44|0x00000000a4e00000, 0x00000000a4f00000, 0x00000000a4f00000|100%| O|  |TAMS 0x00000000a4f00000, 0x00000000a4e00000| Untracked 
|  45|0x00000000a4f00000, 0x00000000a5000000, 0x00000000a5000000|100%| O|  |TAMS 0x00000000a5000000, 0x00000000a4f00000| Untracked 
|  46|0x00000000a5000000, 0x00000000a5100000, 0x00000000a5100000|100%| O|  |TAMS 0x00000000a5100000, 0x00000000a5000000| Untracked 
|  47|0x00000000a5100000, 0x00000000a5200000, 0x00000000a5200000|100%| O|  |TAMS 0x00000000a5200000, 0x00000000a5100000| Untracked 
|  48|0x00000000a5200000, 0x00000000a5300000, 0x00000000a5300000|100%| O|  |TAMS 0x00000000a5300000, 0x00000000a5200000| Untracked 
|  49|0x00000000a5300000, 0x00000000a5400000, 0x00000000a5400000|100%| O|  |TAMS 0x00000000a5400000, 0x00000000a5300000| Untracked 
|  50|0x00000000a5400000, 0x00000000a5500000, 0x00000000a5500000|100%| O|  |TAMS 0x00000000a5500000, 0x00000000a5400000| Untracked 
|  51|0x00000000a5500000, 0x00000000a5600000, 0x00000000a5600000|100%| O|  |TAMS 0x00000000a5600000, 0x00000000a5500000| Untracked 
|  52|0x00000000a5600000, 0x00000000a5700000, 0x00000000a5700000|100%| O|  |TAMS 0x00000000a5700000, 0x00000000a5600000| Untracked 
|  53|0x00000000a5700000, 0x00000000a5800000, 0x00000000a5800000|100%| O|  |TAMS 0x00000000a5700000, 0x00000000a5700000| Untracked 
|  54|0x00000000a5800000, 0x00000000a5900000, 0x00000000a5900000|100%| O|  |TAMS 0x00000000a5900000, 0x00000000a5800000| Untracked 
|  55|0x00000000a5900000, 0x00000000a5a00000, 0x00000000a5a00000|100%| O|  |TAMS 0x00000000a5a00000, 0x00000000a5900000| Untracked 
|  56|0x00000000a5a00000, 0x00000000a5b00000, 0x00000000a5b00000|100%| O|  |TAMS 0x00000000a5b00000, 0x00000000a5a00000| Untracked 
|  57|0x00000000a5b00000, 0x00000000a5c00000, 0x00000000a5c00000|100%| O|  |TAMS 0x00000000a5c00000, 0x00000000a5b00000| Untracked 
|  58|0x00000000a5c00000, 0x00000000a5d00000, 0x00000000a5d00000|100%| O|  |TAMS 0x00000000a5d00000, 0x00000000a5c00000| Untracked 
|  59|0x00000000a5d00000, 0x00000000a5e00000, 0x00000000a5e00000|100%| O|  |TAMS 0x00000000a5e00000, 0x00000000a5d00000| Untracked 
|  60|0x00000000a5e00000, 0x00000000a5f00000, 0x00000000a5f00000|100%| O|  |TAMS 0x00000000a5f00000, 0x00000000a5e00000| Untracked 
|  61|0x00000000a5f00000, 0x00000000a6000000, 0x00000000a6000000|100%| O|  |TAMS 0x00000000a6000000, 0x00000000a5f00000| Untracked 
|  62|0x00000000a6000000, 0x00000000a6100000, 0x00000000a6100000|100%| O|  |TAMS 0x00000000a6100000, 0x00000000a6000000| Untracked 
|  63|0x00000000a6100000, 0x00000000a6200000, 0x00000000a6200000|100%| O|  |TAMS 0x00000000a6200000, 0x00000000a6100000| Untracked 
|  64|0x00000000a6200000, 0x00000000a6300000, 0x00000000a6300000|100%| O|  |TAMS 0x00000000a6300000, 0x00000000a6200000| Untracked 
|  65|0x00000000a6300000, 0x00000000a6400000, 0x00000000a6400000|100%| O|  |TAMS 0x00000000a6400000, 0x00000000a6300000| Untracked 
|  66|0x00000000a6400000, 0x00000000a6500000, 0x00000000a6500000|100%| O|  |TAMS 0x00000000a6500000, 0x00000000a6400000| Untracked 
|  67|0x00000000a6500000, 0x00000000a6600000, 0x00000000a6600000|100%| O|  |TAMS 0x00000000a6600000, 0x00000000a6500000| Untracked 
|  68|0x00000000a6600000, 0x00000000a6700000, 0x00000000a6700000|100%| O|  |TAMS 0x00000000a6700000, 0x00000000a6600000| Untracked 
|  69|0x00000000a6700000, 0x00000000a6800000, 0x00000000a6800000|100%| O|  |TAMS 0x00000000a6800000, 0x00000000a6700000| Untracked 
|  70|0x00000000a6800000, 0x00000000a6900000, 0x00000000a6900000|100%| O|  |TAMS 0x00000000a6900000, 0x00000000a6800000| Untracked 
|  71|0x00000000a6900000, 0x00000000a6900000, 0x00000000a6a00000|  0%| F|  |TAMS 0x00000000a6900000, 0x00000000a6900000| Untracked 
|  72|0x00000000a6a00000, 0x00000000a6b00000, 0x00000000a6b00000|100%| O|  |TAMS 0x00000000a6b00000, 0x00000000a6a00000| Untracked 
|  73|0x00000000a6b00000, 0x00000000a6c00000, 0x00000000a6c00000|100%| O|  |TAMS 0x00000000a6c00000, 0x00000000a6b00000| Untracked 
|  74|0x00000000a6c00000, 0x00000000a6d00000, 0x00000000a6d00000|100%| O|  |TAMS 0x00000000a6d00000, 0x00000000a6c00000| Untracked 
|  75|0x00000000a6d00000, 0x00000000a6e00000, 0x00000000a6e00000|100%| O|  |TAMS 0x00000000a6e00000, 0x00000000a6d00000| Untracked 
|  76|0x00000000a6e00000, 0x00000000a6f00000, 0x00000000a6f00000|100%| O|  |TAMS 0x00000000a6f00000, 0x00000000a6e00000| Untracked 
|  77|0x00000000a6f00000, 0x00000000a7000000, 0x00000000a7000000|100%| O|  |TAMS 0x00000000a7000000, 0x00000000a6f00000| Untracked 
|  78|0x00000000a7000000, 0x00000000a7100000, 0x00000000a7100000|100%| O|  |TAMS 0x00000000a7100000, 0x00000000a7000000| Untracked 
|  79|0x00000000a7100000, 0x00000000a7200000, 0x00000000a7200000|100%| O|  |TAMS 0x00000000a7200000, 0x00000000a7100000| Untracked 
|  80|0x00000000a7200000, 0x00000000a7300000, 0x00000000a7300000|100%| O|  |TAMS 0x00000000a7300000, 0x00000000a7200000| Untracked 
|  81|0x00000000a7300000, 0x00000000a7400000, 0x00000000a7400000|100%| O|  |TAMS 0x00000000a7400000, 0x00000000a7300000| Untracked 
|  82|0x00000000a7400000, 0x00000000a7500000, 0x00000000a7500000|100%| O|  |TAMS 0x00000000a7500000, 0x00000000a7400000| Untracked 
|  83|0x00000000a7500000, 0x00000000a7600000, 0x00000000a7600000|100%| O|  |TAMS 0x00000000a7500000, 0x00000000a7500000| Untracked 
|  84|0x00000000a7600000, 0x00000000a7700000, 0x00000000a7700000|100%| O|  |TAMS 0x00000000a7600000, 0x00000000a7600000| Untracked 
|  85|0x00000000a7700000, 0x00000000a7800000, 0x00000000a7800000|100%| O|  |TAMS 0x00000000a7700000, 0x00000000a7700000| Untracked 
|  86|0x00000000a7800000, 0x00000000a7900000, 0x00000000a7900000|100%| O|  |TAMS 0x00000000a7800000, 0x00000000a7800000| Untracked 
|  87|0x00000000a7900000, 0x00000000a7a00000, 0x00000000a7a00000|100%| O|  |TAMS 0x00000000a7900000, 0x00000000a7900000| Untracked 
|  88|0x00000000a7a00000, 0x00000000a7b00000, 0x00000000a7b00000|100%| O|  |TAMS 0x00000000a7a00000, 0x00000000a7a00000| Untracked 
|  89|0x00000000a7b00000, 0x00000000a7c00000, 0x00000000a7c00000|100%| O|  |TAMS 0x00000000a7b00000, 0x00000000a7b00000| Untracked 
|  90|0x00000000a7c00000, 0x00000000a7d00000, 0x00000000a7d00000|100%| O|  |TAMS 0x00000000a7c00000, 0x00000000a7c00000| Untracked 
|  91|0x00000000a7d00000, 0x00000000a7db7c00, 0x00000000a7e00000| 71%| O|  |TAMS 0x00000000a7d00000, 0x00000000a7d00000| Untracked 
|  92|0x00000000a7e00000, 0x00000000a7e00000, 0x00000000a7f00000|  0%| F|  |TAMS 0x00000000a7e00000, 0x00000000a7e00000| Untracked 
|  93|0x00000000a7f00000, 0x00000000a7f00000, 0x00000000a8000000|  0%| F|  |TAMS 0x00000000a7f00000, 0x00000000a7f00000| Untracked 
|  94|0x00000000a8000000, 0x00000000a8000000, 0x00000000a8100000|  0%| F|  |TAMS 0x00000000a8000000, 0x00000000a8000000| Untracked 
|  95|0x00000000a8100000, 0x00000000a8100000, 0x00000000a8200000|  0%| F|  |TAMS 0x00000000a8100000, 0x00000000a8100000| Untracked 
|  96|0x00000000a8200000, 0x00000000a8200000, 0x00000000a8300000|  0%| F|  |TAMS 0x00000000a8200000, 0x00000000a8200000| Untracked 
|  97|0x00000000a8300000, 0x00000000a8300000, 0x00000000a8400000|  0%| F|  |TAMS 0x00000000a8300000, 0x00000000a8300000| Untracked 
|  98|0x00000000a8400000, 0x00000000a8400000, 0x00000000a8500000|  0%| F|  |TAMS 0x00000000a8400000, 0x00000000a8400000| Untracked 
|  99|0x00000000a8500000, 0x00000000a8500000, 0x00000000a8600000|  0%| F|  |TAMS 0x00000000a8500000, 0x00000000a8500000| Untracked 
| 100|0x00000000a8600000, 0x00000000a8600000, 0x00000000a8700000|  0%| F|  |TAMS 0x00000000a8600000, 0x00000000a8600000| Untracked 
| 101|0x00000000a8700000, 0x00000000a8700000, 0x00000000a8800000|  0%| F|  |TAMS 0x00000000a8700000, 0x00000000a8700000| Untracked 
| 102|0x00000000a8800000, 0x00000000a8800000, 0x00000000a8900000|  0%| F|  |TAMS 0x00000000a8800000, 0x00000000a8800000| Untracked 
| 103|0x00000000a8900000, 0x00000000a8900000, 0x00000000a8a00000|  0%| F|  |TAMS 0x00000000a8900000, 0x00000000a8900000| Untracked 
| 104|0x00000000a8a00000, 0x00000000a8a00000, 0x00000000a8b00000|  0%| F|  |TAMS 0x00000000a8a00000, 0x00000000a8a00000| Untracked 
| 105|0x00000000a8b00000, 0x00000000a8b00000, 0x00000000a8c00000|  0%| F|  |TAMS 0x00000000a8b00000, 0x00000000a8b00000| Untracked 
| 106|0x00000000a8c00000, 0x00000000a8c00000, 0x00000000a8d00000|  0%| F|  |TAMS 0x00000000a8c00000, 0x00000000a8c00000| Untracked 
| 107|0x00000000a8d00000, 0x00000000a8d00000, 0x00000000a8e00000|  0%| F|  |TAMS 0x00000000a8d00000, 0x00000000a8d00000| Untracked 
| 108|0x00000000a8e00000, 0x00000000a8e00000, 0x00000000a8f00000|  0%| F|  |TAMS 0x00000000a8e00000, 0x00000000a8e00000| Untracked 
| 109|0x00000000a8f00000, 0x00000000a8f00000, 0x00000000a9000000|  0%| F|  |TAMS 0x00000000a8f00000, 0x00000000a8f00000| Untracked 
| 110|0x00000000a9000000, 0x00000000a9000000, 0x00000000a9100000|  0%| F|  |TAMS 0x00000000a9000000, 0x00000000a9000000| Untracked 
| 111|0x00000000a9100000, 0x00000000a9100000, 0x00000000a9200000|  0%| F|  |TAMS 0x00000000a9100000, 0x00000000a9100000| Untracked 
| 112|0x00000000a9200000, 0x00000000a9200000, 0x00000000a9300000|  0%| F|  |TAMS 0x00000000a9200000, 0x00000000a9200000| Untracked 
| 113|0x00000000a9300000, 0x00000000a9300000, 0x00000000a9400000|  0%| F|  |TAMS 0x00000000a9300000, 0x00000000a9300000| Untracked 
| 114|0x00000000a9400000, 0x00000000a9400000, 0x00000000a9500000|  0%| F|  |TAMS 0x00000000a9400000, 0x00000000a9400000| Untracked 
| 115|0x00000000a9500000, 0x00000000a9500000, 0x00000000a9600000|  0%| F|  |TAMS 0x00000000a9500000, 0x00000000a9500000| Untracked 
| 116|0x00000000a9600000, 0x00000000a9600000, 0x00000000a9700000|  0%| F|  |TAMS 0x00000000a9600000, 0x00000000a9600000| Untracked 
| 117|0x00000000a9700000, 0x00000000a9700000, 0x00000000a9800000|  0%| F|  |TAMS 0x00000000a9700000, 0x00000000a9700000| Untracked 
| 118|0x00000000a9800000, 0x00000000a9800000, 0x00000000a9900000|  0%| F|  |TAMS 0x00000000a9800000, 0x00000000a9800000| Untracked 
| 119|0x00000000a9900000, 0x00000000a9900000, 0x00000000a9a00000|  0%| F|  |TAMS 0x00000000a9900000, 0x00000000a9900000| Untracked 
| 120|0x00000000a9a00000, 0x00000000a9a00000, 0x00000000a9b00000|  0%| F|  |TAMS 0x00000000a9a00000, 0x00000000a9a00000| Untracked 
| 121|0x00000000a9b00000, 0x00000000a9b00000, 0x00000000a9c00000|  0%| F|  |TAMS 0x00000000a9b00000, 0x00000000a9b00000| Untracked 
| 122|0x00000000a9c00000, 0x00000000a9c00000, 0x00000000a9d00000|  0%| F|  |TAMS 0x00000000a9c00000, 0x00000000a9c00000| Untracked 
| 123|0x00000000a9d00000, 0x00000000a9d00000, 0x00000000a9e00000|  0%| F|  |TAMS 0x00000000a9d00000, 0x00000000a9d00000| Untracked 
| 124|0x00000000a9e00000, 0x00000000a9e00000, 0x00000000a9f00000|  0%| F|  |TAMS 0x00000000a9e00000, 0x00000000a9e00000| Untracked 
| 125|0x00000000a9f00000, 0x00000000a9f00000, 0x00000000aa000000|  0%| F|  |TAMS 0x00000000a9f00000, 0x00000000a9f00000| Untracked 
| 126|0x00000000aa000000, 0x00000000aa000000, 0x00000000aa100000|  0%| F|  |TAMS 0x00000000aa000000, 0x00000000aa000000| Untracked 
| 127|0x00000000aa100000, 0x00000000aa100000, 0x00000000aa200000|  0%| F|  |TAMS 0x00000000aa100000, 0x00000000aa100000| Untracked 
| 128|0x00000000aa200000, 0x00000000aa200000, 0x00000000aa300000|  0%| F|  |TAMS 0x00000000aa200000, 0x00000000aa200000| Untracked 
| 129|0x00000000aa300000, 0x00000000aa300000, 0x00000000aa400000|  0%| F|  |TAMS 0x00000000aa300000, 0x00000000aa300000| Untracked 
| 130|0x00000000aa400000, 0x00000000aa400000, 0x00000000aa500000|  0%| F|  |TAMS 0x00000000aa400000, 0x00000000aa400000| Untracked 
| 131|0x00000000aa500000, 0x00000000aa500000, 0x00000000aa600000|  0%| F|  |TAMS 0x00000000aa500000, 0x00000000aa500000| Untracked 
| 132|0x00000000aa600000, 0x00000000aa600000, 0x00000000aa700000|  0%| F|  |TAMS 0x00000000aa600000, 0x00000000aa600000| Untracked 
| 133|0x00000000aa700000, 0x00000000aa700000, 0x00000000aa800000|  0%| F|  |TAMS 0x00000000aa700000, 0x00000000aa700000| Untracked 
| 134|0x00000000aa800000, 0x00000000aa800000, 0x00000000aa900000|  0%| F|  |TAMS 0x00000000aa800000, 0x00000000aa800000| Untracked 
| 135|0x00000000aa900000, 0x00000000aa900000, 0x00000000aaa00000|  0%| F|  |TAMS 0x00000000aa900000, 0x00000000aa900000| Untracked 
| 136|0x00000000aaa00000, 0x00000000aaa00000, 0x00000000aab00000|  0%| F|  |TAMS 0x00000000aaa00000, 0x00000000aaa00000| Untracked 
| 137|0x00000000aab00000, 0x00000000aab00000, 0x00000000aac00000|  0%| F|  |TAMS 0x00000000aab00000, 0x00000000aab00000| Untracked 
| 138|0x00000000aac00000, 0x00000000aac00000, 0x00000000aad00000|  0%| F|  |TAMS 0x00000000aac00000, 0x00000000aac00000| Untracked 
| 139|0x00000000aad00000, 0x00000000aad00000, 0x00000000aae00000|  0%| F|  |TAMS 0x00000000aad00000, 0x00000000aad00000| Untracked 
| 140|0x00000000aae00000, 0x00000000aae00000, 0x00000000aaf00000|  0%| F|  |TAMS 0x00000000aae00000, 0x00000000aae00000| Untracked 
| 141|0x00000000aaf00000, 0x00000000aaf00000, 0x00000000ab000000|  0%| F|  |TAMS 0x00000000aaf00000, 0x00000000aaf00000| Untracked 
| 142|0x00000000ab000000, 0x00000000ab000000, 0x00000000ab100000|  0%| F|  |TAMS 0x00000000ab000000, 0x00000000ab000000| Untracked 
| 143|0x00000000ab100000, 0x00000000ab100000, 0x00000000ab200000|  0%| F|  |TAMS 0x00000000ab100000, 0x00000000ab100000| Untracked 
| 144|0x00000000ab200000, 0x00000000ab200000, 0x00000000ab300000|  0%| F|  |TAMS 0x00000000ab200000, 0x00000000ab200000| Untracked 
| 145|0x00000000ab300000, 0x00000000ab300000, 0x00000000ab400000|  0%| F|  |TAMS 0x00000000ab300000, 0x00000000ab300000| Untracked 
| 146|0x00000000ab400000, 0x00000000ab400000, 0x00000000ab500000|  0%| F|  |TAMS 0x00000000ab400000, 0x00000000ab400000| Untracked 
| 147|0x00000000ab500000, 0x00000000ab500000, 0x00000000ab600000|  0%| F|  |TAMS 0x00000000ab500000, 0x00000000ab500000| Untracked 
| 148|0x00000000ab600000, 0x00000000ab600000, 0x00000000ab700000|  0%| F|  |TAMS 0x00000000ab600000, 0x00000000ab600000| Untracked 
| 149|0x00000000ab700000, 0x00000000ab700000, 0x00000000ab800000|  0%| F|  |TAMS 0x00000000ab700000, 0x00000000ab700000| Untracked 
| 150|0x00000000ab800000, 0x00000000ab800000, 0x00000000ab900000|  0%| F|  |TAMS 0x00000000ab800000, 0x00000000ab800000| Untracked 
| 151|0x00000000ab900000, 0x00000000ab900000, 0x00000000aba00000|  0%| F|  |TAMS 0x00000000ab900000, 0x00000000ab900000| Untracked 
| 152|0x00000000aba00000, 0x00000000aba85818, 0x00000000abb00000| 52%| S|CS|TAMS 0x00000000aba00000, 0x00000000aba00000| Complete 
| 153|0x00000000abb00000, 0x00000000abb00000, 0x00000000abc00000|  0%| F|  |TAMS 0x00000000abb00000, 0x00000000abb00000| Untracked 
| 154|0x00000000abc00000, 0x00000000abc00000, 0x00000000abd00000|  0%| F|  |TAMS 0x00000000abc00000, 0x00000000abc00000| Untracked 
| 155|0x00000000abd00000, 0x00000000abd00000, 0x00000000abe00000|  0%| F|  |TAMS 0x00000000abd00000, 0x00000000abd00000| Untracked 
| 156|0x00000000abe00000, 0x00000000abe00000, 0x00000000abf00000|  0%| F|  |TAMS 0x00000000abe00000, 0x00000000abe00000| Untracked 

Card table byte_map: [0x00000257428d0000,0x0000025742bc0000] _byte_map_base: 0x00000257423bf000

Marking Bits (Prev, Next): (CMBitMap*) 0x0000025729849db0, (CMBitMap*) 0x0000025729849df0
 Prev Bits: [0x0000025742eb0000, 0x0000025744628000)
 Next Bits: [0x0000025744630000, 0x0000025745da8000)

Polling page: 0x00000257298c0000

Metaspace:

Usage:
  Non-class:     56.95 MB used.
      Class:      7.15 MB used.
       Both:     64.10 MB used.

Virtual space:
  Non-class space:       64.00 MB reserved,      57.12 MB ( 89%) committed,  1 nodes.
      Class space:        1.00 GB reserved,       7.31 MB ( <1%) committed,  1 nodes.
             Both:        1.06 GB reserved,      64.44 MB (  6%) committed. 

Chunk freelists:
   Non-Class:  5.73 MB
       Class:  8.72 MB
        Both:  14.45 MB

MaxMetaspaceSize: unlimited
CompressedClassSpaceSize: 1.00 GB
Initial GC threshold: 21.00 MB
Current GC threshold: 100.62 MB
CDS: on
MetaspaceReclaimPolicy: balanced
 - commit_granule_bytes: 65536.
 - commit_granule_words: 8192.
 - virtual_space_node_default_size: 8388608.
 - enlarge_chunks_in_place: 1.
 - new_chunks_are_fully_committed: 0.
 - uncommit_free_chunks: 1.
 - use_allocation_guard: 0.
 - handle_deallocations: 1.


Internal statistics:

num_allocs_failed_limit: 6.
num_arena_births: 322.
num_arena_deaths: 0.
num_vsnodes_births: 2.
num_vsnodes_deaths: 0.
num_space_committed: 1031.
num_space_uncommitted: 0.
num_chunks_returned_to_freelist: 6.
num_chunks_taken_from_freelist: 2625.
num_chunk_merges: 6.
num_chunk_splits: 2155.
num_chunks_enlarged: 1944.
num_inconsistent_stats: 0.

CodeHeap 'non-profiled nmethods': size=120000Kb used=4530Kb max_used=4530Kb free=115469Kb
 bounds [0x000002573a650000, 0x000002573aac0000, 0x0000025741b80000]
CodeHeap 'profiled nmethods': size=120000Kb used=26626Kb max_used=26626Kb free=93373Kb
 bounds [0x0000025732b80000, 0x0000025734590000, 0x000002573a0b0000]
CodeHeap 'non-nmethods': size=5760Kb used=1429Kb max_used=1474Kb free=4330Kb
 bounds [0x000002573a0b0000, 0x000002573a320000, 0x000002573a650000]
 total_blobs=9096 nmethods=8330 adapters=676
 compilation: enabled
              stopped_count=0, restarted_count=0
 full_count=0

Compilation events (20 events):
Event: 11.861 Thread 0x0000025748422a80 9551   !   4       java.lang.ClassLoader::addClass (27 bytes)
Event: 11.866 Thread 0x0000025748422a80 nmethod 9551 0x000002573aabaa10 code [0x000002573aababc0, 0x000002573aabb658]
Event: 11.866 Thread 0x0000025748422a80 9547       4       java.lang.Integer::hashCode (2 bytes)
Event: 11.867 Thread 0x0000025748422a80 nmethod 9547 0x000002573aabba90 code [0x000002573aabbc00, 0x000002573aabbc58]
Event: 11.891 Thread 0x0000025748424fb0 9553       3       kotlin.collections.ArraysKt___ArraysJvmKt::asList (17 bytes)
Event: 11.891 Thread 0x0000025748422a80 9555       4       org.jetbrains.kotlin.fir.backend.Fir2IrTypeConverterKt::toIrType (36 bytes)
Event: 11.891 Thread 0x0000025748424fb0 nmethod 9553 0x0000025734580010 code [0x0000025734580280, 0x0000025734580cb8]
Event: 11.891 Thread 0x0000025748424fb0 9554       3       kotlin.collections.ArraysUtilJVM::asList (5 bytes)
Event: 11.892 Thread 0x0000025748424fb0 nmethod 9554 0x0000025734581090 code [0x0000025734581280, 0x0000025734581768]
Event: 11.892 Thread 0x0000025748424fb0 9557       1       org.jetbrains.kotlin.ir.builders.IrElementBuilder::getStartOffset (5 bytes)
Event: 11.892 Thread 0x0000025748424fb0 nmethod 9557 0x000002573aabbd90 code [0x000002573aabbf20, 0x000002573aabbff8]
Event: 11.892 Thread 0x0000025748424fb0 9558       1       org.jetbrains.kotlin.ir.builders.IrElementBuilder::getEndOffset (5 bytes)
Event: 11.892 Thread 0x0000025748424fb0 nmethod 9558 0x000002573aabc090 code [0x000002573aabc220, 0x000002573aabc2f8]
Event: 11.892 Thread 0x0000025748424fb0 9560       3       kotlin.sequences.TransformingSequence$iterator$1::next (22 bytes)
Event: 11.892 Thread 0x0000025748424fb0 nmethod 9560 0x0000025734581990 code [0x0000025734581b60, 0x0000025734581e18]
Event: 11.892 Thread 0x0000025748424fb0 9559       1       org.jetbrains.kotlin.ir.builders.declarations.IrDeclarationBuilder::getOrigin (5 bytes)
Event: 11.892 Thread 0x0000025748424fb0 nmethod 9559 0x000002573aabc390 code [0x000002573aabc520, 0x000002573aabc5f8]
Event: 11.893 Thread 0x0000025748424fb0 9561       1       org.jetbrains.kotlin.ir.declarations.impl.IrFunctionImpl::getFactory (5 bytes)
Event: 11.893 Thread 0x0000025748424fb0 nmethod 9561 0x000002573aabc690 code [0x000002573aabc820, 0x000002573aabc8f8]
Event: 11.897 Thread 0x0000025748424fb0 9563       1       org.jetbrains.kotlin.ir.declarations.impl.IrFunctionImpl::setDispatchReceiverParameter (6 bytes)

GC Heap History (20 events):
Event: 6.764 GC heap after
{Heap after GC invocations=18 (full 0):
 garbage-first heap   total 107520K, used 63879K [0x00000000a2200000, 0x0000000100000000)
  region size 1024K, 2 young (2048K), 2 survivors (2048K)
 Metaspace       used 46716K, committed 47040K, reserved 1114112K
  class space    used 5521K, committed 5696K, reserved 1048576K
}
Event: 6.890 GC heap before
{Heap before GC invocations=18 (full 0):
 garbage-first heap   total 107520K, used 66951K [0x00000000a2200000, 0x0000000100000000)
  region size 1024K, 5 young (5120K), 2 survivors (2048K)
 Metaspace       used 46806K, committed 47104K, reserved 1114112K
  class space    used 5521K, committed 5696K, reserved 1048576K
}
Event: 6.900 GC heap after
{Heap after GC invocations=19 (full 0):
 garbage-first heap   total 107520K, used 63922K [0x00000000a2200000, 0x0000000100000000)
  region size 1024K, 1 young (1024K), 1 survivors (1024K)
 Metaspace       used 46806K, committed 47104K, reserved 1114112K
  class space    used 5521K, committed 5696K, reserved 1048576K
}
Event: 7.672 GC heap before
{Heap before GC invocations=19 (full 0):
 garbage-first heap   total 107520K, used 81330K [0x00000000a2200000, 0x0000000100000000)
  region size 1024K, 18 young (18432K), 1 survivors (1024K)
 Metaspace       used 48690K, committed 49024K, reserved 1114112K
  class space    used 5691K, committed 5824K, reserved 1048576K
}
Event: 7.679 GC heap after
{Heap after GC invocations=20 (full 0):
 garbage-first heap   total 146432K, used 66046K [0x00000000a2200000, 0x0000000100000000)
  region size 1024K, 3 young (3072K), 3 survivors (3072K)
 Metaspace       used 48690K, committed 49024K, reserved 1114112K
  class space    used 5691K, committed 5824K, reserved 1048576K
}
Event: 9.677 GC heap before
{Heap before GC invocations=21 (full 0):
 garbage-first heap   total 146432K, used 104958K [0x00000000a2200000, 0x0000000100000000)
  region size 1024K, 42 young (43008K), 3 survivors (3072K)
 Metaspace       used 54138K, committed 54528K, reserved 1114112K
  class space    used 6291K, committed 6464K, reserved 1048576K
}
Event: 9.687 GC heap after
{Heap after GC invocations=22 (full 0):
 garbage-first heap   total 146432K, used 71041K [0x00000000a2200000, 0x0000000100000000)
  region size 1024K, 6 young (6144K), 6 survivors (6144K)
 Metaspace       used 54138K, committed 54528K, reserved 1114112K
  class space    used 6291K, committed 6464K, reserved 1048576K
}
Event: 9.695 GC heap before
{Heap before GC invocations=22 (full 0):
 garbage-first heap   total 146432K, used 71041K [0x00000000a2200000, 0x0000000100000000)
  region size 1024K, 7 young (7168K), 6 survivors (6144K)
 Metaspace       used 54150K, committed 54528K, reserved 1114112K
  class space    used 6291K, committed 6464K, reserved 1048576K
}
Event: 9.701 GC heap after
{Heap after GC invocations=23 (full 0):
 garbage-first heap   total 146432K, used 72116K [0x00000000a2200000, 0x0000000100000000)
  region size 1024K, 1 young (1024K), 1 survivors (1024K)
 Metaspace       used 54150K, committed 54528K, reserved 1114112K
  class space    used 6291K, committed 6464K, reserved 1048576K
}
Event: 10.248 GC heap before
{Heap before GC invocations=23 (full 0):
 garbage-first heap   total 146432K, used 110004K [0x00000000a2200000, 0x0000000100000000)
  region size 1024K, 38 young (38912K), 1 survivors (1024K)
 Metaspace       used 55577K, committed 55936K, reserved 1114112K
  class space    used 6418K, committed 6592K, reserved 1048576K
}
Event: 10.259 GC heap after
{Heap after GC invocations=24 (full 0):
 garbage-first heap   total 146432K, used 79188K [0x00000000a2200000, 0x0000000100000000)
  region size 1024K, 5 young (5120K), 5 survivors (5120K)
 Metaspace       used 55577K, committed 55936K, reserved 1114112K
  class space    used 6418K, committed 6592K, reserved 1048576K
}
Event: 11.073 GC heap before
{Heap before GC invocations=25 (full 0):
 garbage-first heap   total 146432K, used 111956K [0x00000000a2200000, 0x0000000100000000)
  region size 1024K, 37 young (37888K), 5 survivors (5120K)
 Metaspace       used 60652K, committed 60992K, reserved 1114112K
  class space    used 6878K, committed 7040K, reserved 1048576K
}
Event: 11.085 GC heap after
{Heap after GC invocations=26 (full 0):
 garbage-first heap   total 146432K, used 84373K [0x00000000a2200000, 0x0000000100000000)
  region size 1024K, 5 young (5120K), 5 survivors (5120K)
 Metaspace       used 60652K, committed 60992K, reserved 1114112K
  class space    used 6878K, committed 7040K, reserved 1048576K
}
Event: 11.129 GC heap before
{Heap before GC invocations=26 (full 0):
 garbage-first heap   total 146432K, used 86421K [0x00000000a2200000, 0x0000000100000000)
  region size 1024K, 7 young (7168K), 5 survivors (5120K)
 Metaspace       used 60687K, committed 60992K, reserved 1114112K
  class space    used 6878K, committed 7040K, reserved 1048576K
}
Event: 11.136 GC heap after
{Heap after GC invocations=27 (full 0):
 garbage-first heap   total 146432K, used 84992K [0x00000000a2200000, 0x0000000100000000)
  region size 1024K, 1 young (1024K), 1 survivors (1024K)
 Metaspace       used 60687K, committed 60992K, reserved 1114112K
  class space    used 6878K, committed 7040K, reserved 1048576K
}
Event: 11.396 GC heap before
{Heap before GC invocations=27 (full 0):
 garbage-first heap   total 146432K, used 114688K [0x00000000a2200000, 0x0000000100000000)
  region size 1024K, 30 young (30720K), 1 survivors (1024K)
 Metaspace       used 61305K, committed 61568K, reserved 1114112K
  class space    used 6910K, committed 7040K, reserved 1048576K
}
Event: 11.406 GC heap after
{Heap after GC invocations=28 (full 0):
 garbage-first heap   total 146432K, used 90462K [0x00000000a2200000, 0x0000000100000000)
  region size 1024K, 4 young (4096K), 4 survivors (4096K)
 Metaspace       used 61305K, committed 61568K, reserved 1114112K
  class space    used 6910K, committed 7040K, reserved 1048576K
}
Event: 11.818 GC heap before
{Heap before GC invocations=29 (full 0):
 garbage-first heap   total 160768K, used 114014K [0x00000000a2200000, 0x0000000100000000)
  region size 1024K, 28 young (28672K), 4 survivors (4096K)
 Metaspace       used 64554K, committed 64896K, reserved 1114112K
  class space    used 7188K, committed 7360K, reserved 1048576K
}
Event: 11.825 GC heap after
{Heap after GC invocations=30 (full 0):
 garbage-first heap   total 160768K, used 93412K [0x00000000a2200000, 0x0000000100000000)
  region size 1024K, 3 young (3072K), 3 survivors (3072K)
 Metaspace       used 64554K, committed 64896K, reserved 1114112K
  class space    used 7188K, committed 7360K, reserved 1048576K
}
Event: 11.897 GC heap before
{Heap before GC invocations=30 (full 0):
 garbage-first heap   total 160768K, used 97508K [0x00000000a2200000, 0x0000000100000000)
  region size 1024K, 7 young (7168K), 3 survivors (3072K)
 Metaspace       used 65640K, committed 65984K, reserved 1114112K
  class space    used 7322K, committed 7488K, reserved 1048576K
}

Dll operation events (7 events):
Event: 0.016 Loaded shared library C:\Users\Lenovo\.jdks\corretto-17.0.18\bin\java.dll
Event: 0.040 Loaded shared library C:\Users\Lenovo\.jdks\corretto-17.0.18\bin\jsvml.dll
Event: 0.080 Loaded shared library C:\Users\Lenovo\.jdks\corretto-17.0.18\bin\net.dll
Event: 0.082 Loaded shared library C:\Users\Lenovo\.jdks\corretto-17.0.18\bin\nio.dll
Event: 0.109 Loaded shared library C:\Users\Lenovo\.jdks\corretto-17.0.18\bin\zip.dll
Event: 0.131 Loaded shared library C:\Users\Lenovo\.jdks\corretto-17.0.18\bin\jimage.dll
Event: 1.174 Loaded shared library C:\Users\Lenovo\.jdks\corretto-17.0.18\bin\verify.dll

Deoptimization events (20 events):
Event: 11.636 Thread 0x00000257297fc880 Uncommon trap: trap_request=0xffffffbe fr.pc=0x000002573a8853a4 relative=0x00000000000035e4
Event: 11.636 Thread 0x00000257297fc880 Uncommon trap: reason=profile_predicate action=maybe_recompile pc=0x000002573a8853a4 method=org.jetbrains.kotlin.fir.scopes.impl.FirClassDeclaredMemberScopeImpl.processFunctionsByName(Lorg/jetbrains/kotlin/name/Name;Lkotlin/jvm/functions/Function1;)V @ 60
Event: 11.636 Thread 0x00000257297fc880 DEOPT PACKING pc=0x000002573a8853a4 sp=0x000000ef3aefdcb0
Event: 11.636 Thread 0x00000257297fc880 DEOPT UNPACKING pc=0x000002573a1069a3 sp=0x000000ef3aefdb10 mode 2
Event: 11.773 Thread 0x00000257297fc880 Uncommon trap: trap_request=0xffffffde fr.pc=0x000002573aa6d0d8 relative=0x0000000000000cd8
Event: 11.773 Thread 0x00000257297fc880 Uncommon trap: reason=class_check action=maybe_recompile pc=0x000002573aa6d0d8 method=kotlin.collections.CollectionsKt___CollectionsKt.toSet(Ljava/lang/Iterable;)Ljava/util/Set; @ 96 c2
Event: 11.773 Thread 0x00000257297fc880 DEOPT PACKING pc=0x000002573aa6d0d8 sp=0x000000ef3aefc8e0
Event: 11.773 Thread 0x00000257297fc880 DEOPT UNPACKING pc=0x000002573a1069a3 sp=0x000000ef3aefc8b8 mode 2
Event: 11.773 Thread 0x00000257297fc880 Uncommon trap: trap_request=0xffffffde fr.pc=0x000002573aa6d0d8 relative=0x0000000000000cd8
Event: 11.773 Thread 0x00000257297fc880 Uncommon trap: reason=class_check action=maybe_recompile pc=0x000002573aa6d0d8 method=kotlin.collections.CollectionsKt___CollectionsKt.toSet(Ljava/lang/Iterable;)Ljava/util/Set; @ 96 c2
Event: 11.773 Thread 0x00000257297fc880 DEOPT PACKING pc=0x000002573aa6d0d8 sp=0x000000ef3aefc8e0
Event: 11.773 Thread 0x00000257297fc880 DEOPT UNPACKING pc=0x000002573a1069a3 sp=0x000000ef3aefc8b8 mode 2
Event: 11.773 Thread 0x00000257297fc880 Uncommon trap: trap_request=0xffffffde fr.pc=0x000002573a9822d0 relative=0x00000000000001b0
Event: 11.773 Thread 0x00000257297fc880 Uncommon trap: reason=class_check action=maybe_recompile pc=0x000002573a9822d0 method=org.jetbrains.kotlin.ir.declarations.IrDeclarationOriginImpl.equals(Ljava/lang/Object;)Z @ 8 c2
Event: 11.773 Thread 0x00000257297fc880 DEOPT PACKING pc=0x000002573a9822d0 sp=0x000000ef3aefd840
Event: 11.773 Thread 0x00000257297fc880 DEOPT UNPACKING pc=0x000002573a1069a3 sp=0x000000ef3aefd7d0 mode 2
Event: 11.811 Thread 0x00000257297fc880 Uncommon trap: trap_request=0xffffff45 fr.pc=0x000002573a815568 relative=0x00000000000003a8
Event: 11.811 Thread 0x00000257297fc880 Uncommon trap: reason=unstable_if action=reinterpret pc=0x000002573a815568 method=kotlin.LazyKt__LazyJVMKt.lazy(Lkotlin/LazyThreadSafetyMode;Lkotlin/jvm/functions/Function0;)Lkotlin/Lazy; @ 21 c2
Event: 11.811 Thread 0x00000257297fc880 DEOPT PACKING pc=0x000002573a815568 sp=0x000000ef3aefe7e0
Event: 11.811 Thread 0x00000257297fc880 DEOPT UNPACKING pc=0x000002573a1069a3 sp=0x000000ef3aefe7a0 mode 2

Classes loaded (20 events):
Event: 6.070 Loading class java/util/RegularEnumSet$EnumSetIterator
Event: 6.070 Loading class java/util/RegularEnumSet$EnumSetIterator done
Event: 7.998 Loading class java/util/stream/LongStream
Event: 7.999 Loading class java/util/stream/LongStream done
Event: 7.999 Loading class java/util/stream/DoubleStream
Event: 7.999 Loading class java/util/stream/DoubleStream done
Event: 8.111 Loading class java/util/EnumMap$EntrySet
Event: 8.111 Loading class java/util/EnumMap$EntrySet done
Event: 8.112 Loading class java/util/EnumMap$EntryIterator
Event: 8.112 Loading class java/util/EnumMap$EnumMapIterator
Event: 8.112 Loading class java/util/EnumMap$EnumMapIterator done
Event: 8.112 Loading class java/util/EnumMap$EntryIterator done
Event: 8.112 Loading class java/util/EnumMap$EntryIterator$Entry
Event: 8.112 Loading class java/util/EnumMap$EntryIterator$Entry done
Event: 8.781 Loading class java/text/MessageFormat
Event: 8.782 Loading class java/text/MessageFormat done
Event: 8.834 Loading class java/text/ChoiceFormat
Event: 8.835 Loading class java/text/ChoiceFormat done
Event: 11.454 Loading class java/lang/Short$ShortCache
Event: 11.455 Loading class java/lang/Short$ShortCache done

Classes unloaded (0 events):
No events

Classes redefined (0 events):
No events

Internal exceptions (20 events):
Event: 8.228 Thread 0x00000257297fc880 Exception <a 'java/lang/NoSuchMethodError'{0x00000000aa707330}: 'java.lang.Object java.lang.invoke.DirectMethodHandle$Holder.newInvokeSpecial(java.lang.Object, java.lang.Object, java.lang.Object, java.lang.Object, java.lang.Object, int)'> (0x00000000aa707330) 
thrown [s\src\hotspot\share\interpreter\linkResolver.cpp, line 759]
Event: 8.229 Thread 0x00000257297fc880 Exception <a 'java/lang/NoSuchMethodError'{0x00000000aa70bce8}: 'java.lang.Object java.lang.invoke.DirectMethodHandle$Holder.invokeSpecial(java.lang.Object, java.lang.Object, java.lang.Object, java.lang.Object, java.lang.Object, java.lang.Object, int)'> (0x00000000aa70bce8) 
thrown [s\src\hotspot\share\interpreter\linkResolver.cpp, line 759]
Event: 8.230 Thread 0x00000257297fc880 Exception <a 'java/lang/NoSuchMethodError'{0x00000000aa710028}: 'java.lang.Object java.lang.invoke.Invokers$Holder.linkToTargetMethod(java.lang.Object, java.lang.Object, java.lang.Object, java.lang.Object, int, java.lang.Object)'> (0x00000000aa710028) 
thrown [s\src\hotspot\share\interpreter\linkResolver.cpp, line 759]
Event: 9.043 Thread 0x00000257297fc880 Implicit null exception at 0x000002573a8aec55 to 0x000002573a8aee10
Event: 9.413 Thread 0x00000257297fc880 Implicit null exception at 0x000002573a730ff7 to 0x000002573a731358
Event: 9.420 Thread 0x00000257297fc880 Implicit null exception at 0x000002573a792ff7 to 0x000002573a79336c
Event: 9.513 Thread 0x00000257297fc880 Exception <a 'java/lang/NoSuchMethodError'{0x00000000a8fee558}: 'java.lang.Object java.lang.invoke.DirectMethodHandle$Holder.newInvokeSpecial(java.lang.Object, java.lang.Object, int, java.lang.Object, java.lang.Object, java.lang.Object)'> (0x00000000a8fee558) 
thrown [s\src\hotspot\share\interpreter\linkResolver.cpp, line 759]
Event: 9.514 Thread 0x00000257297fc880 Exception <a 'java/lang/NoSuchMethodError'{0x00000000a8ff28c8}: 'java.lang.Object java.lang.invoke.DirectMethodHandle$Holder.invokeSpecial(java.lang.Object, java.lang.Object, java.lang.Object, int, java.lang.Object, java.lang.Object, java.lang.Object)'> (0x00000000a8ff28c8) 
thrown [s\src\hotspot\share\interpreter\linkResolver.cpp, line 759]
Event: 9.514 Thread 0x00000257297fc880 Exception <a 'java/lang/NoSuchMethodError'{0x00000000a8ff61a8}: 'java.lang.Object java.lang.invoke.Invokers$Holder.linkToTargetMethod(java.lang.Object, int, java.lang.Object, java.lang.Object, java.lang.Object, java.lang.Object)'> (0x00000000a8ff61a8) 
thrown [s\src\hotspot\share\interpreter\linkResolver.cpp, line 759]
Event: 10.299 Thread 0x00000257297fc880 Implicit null exception at 0x000002573a696274 to 0x000002573a696984
Event: 10.302 Thread 0x00000257297fc880 Implicit null exception at 0x000002573a683474 to 0x000002573a683b6c
Event: 10.552 Thread 0x00000257297fc880 Exception <a 'java/lang/NoSuchMethodError'{0x00000000aadfb490}: 'java.lang.Object java.lang.invoke.DirectMethodHandle$Holder.invokeStatic(java.lang.Object, java.lang.Object, int)'> (0x00000000aadfb490) 
thrown [s\src\hotspot\share\interpreter\linkResolver.cpp, line 759]
Event: 10.672 Thread 0x00000257297fc880 Exception <a 'java/lang/NoSuchMethodError'{0x00000000aa48e310}: 'java.lang.Object java.lang.invoke.DirectMethodHandle$Holder.invokeStatic(java.lang.Object, java.lang.Object, int, java.lang.Object)'> (0x00000000aa48e310) 
thrown [s\src\hotspot\share\interpreter\linkResolver.cpp, line 759]
Event: 10.708 Thread 0x00000257297fc880 Exception <a 'java/lang/NoSuchMethodError'{0x00000000aa1257b8}: 'java.lang.Object java.lang.invoke.DirectMethodHandle$Holder.newInvokeSpecial(java.lang.Object, java.lang.Object, java.lang.Object, java.lang.Object, java.lang.Object, java.lang.Object, java.lang.Object, java.lang.Object, int)'> (0x00000000aa1257b8) 
thrown [s\src\hotspot\share\interpreter\linkResolver.cpp, line 759]
Event: 10.708 Thread 0x00000257297fc880 Exception <a 'java/lang/NoSuchMethodError'{0x00000000aa12af80}: 'java.lang.Object java.lang.invoke.DirectMethodHandle$Holder.invokeSpecial(java.lang.Object, java.lang.Object, java.lang.Object, java.lang.Object, java.lang.Object, java.lang.Object, java.lang.Object, java.lang.Object, java.lang.Object, int)'> (0x00000000aa12af80) 
thrown [s\src\hotspot\share\interpreter\linkResolver.cpp, line 759]
Event: 11.754 Thread 0x00000257297fc880 Exception <a 'java/lang/NoSuchMethodError'{0x00000000aaad3308}: 'java.lang.Object java.lang.invoke.DirectMethodHandle$Holder.invokeStatic(java.lang.Object, int, java.lang.Object)'> (0x00000000aaad3308) 
thrown [s\src\hotspot\share\interpreter\linkResolver.cpp, line 759]
Event: 11.758 Thread 0x00000257297fc880 Exception <a 'java/lang/NoSuchMethodError'{0x00000000aa904af0}: 'java.lang.Object java.lang.invoke.DirectMethodHandle$Holder.newInvokeSpecial(java.lang.Object, java.lang.Object, java.lang.Object, java.lang.Object, int, java.lang.Object, java.lang.Object, java.lang.Object)'> (0x00000000aa904af0) 
thrown [s\src\hotspot\share\interpreter\linkResolver.cpp, line 759]
Event: 11.759 Thread 0x00000257297fc880 Exception <a 'java/lang/NoSuchMethodError'{0x00000000aa917810}: 'java.lang.Object java.lang.invoke.DirectMethodHandle$Holder.newInvokeSpecial(java.lang.Object, java.lang.Object, java.lang.Object, java.lang.Object, int, java.lang.Object)'> (0x00000000aa917810) 
thrown [s\src\hotspot\share\interpreter\linkResolver.cpp, line 759]
Event: 11.759 Thread 0x00000257297fc880 Exception <a 'java/lang/NoSuchMethodError'{0x00000000aa91f528}: 'java.lang.Object java.lang.invoke.Invokers$Holder.linkToTargetMethod(java.lang.Object, java.lang.Object, java.lang.Object, int, java.lang.Object, java.lang.Object)'> (0x00000000aa91f528) 
thrown [s\src\hotspot\share\interpreter\linkResolver.cpp, line 759]
Event: 11.759 Thread 0x00000257297fc880 Exception <a 'java/lang/NoSuchMethodError'{0x00000000aa923340}: 'java.lang.Object java.lang.invoke.DirectMethodHandle$Holder.invokeStatic(java.lang.Object, java.lang.Object, java.lang.Object, java.lang.Object, int, java.lang.Object)'> (0x00000000aa923340) 
thrown [s\src\hotspot\share\interpreter\linkResolver.cpp, line 759]

VM Operations (20 events):
Event: 11.366 Executing VM operation: ICBufferFull done
Event: 11.396 Executing VM operation: G1CollectForAllocation
Event: 11.406 Executing VM operation: G1CollectForAllocation done
Event: 11.479 Executing VM operation: HandshakeAllThreads
Event: 11.479 Executing VM operation: HandshakeAllThreads done
Event: 11.479 Executing VM operation: G1PauseRemark
Event: 11.486 Executing VM operation: G1PauseRemark done
Event: 11.526 Executing VM operation: G1PauseCleanup
Event: 11.527 Executing VM operation: G1PauseCleanup done
Event: 11.623 Executing VM operation: ICBufferFull
Event: 11.624 Executing VM operation: ICBufferFull done
Event: 11.765 Executing VM operation: HandshakeAllThreads
Event: 11.765 Executing VM operation: HandshakeAllThreads done
Event: 11.805 Executing VM operation: HandshakeAllThreads
Event: 11.805 Executing VM operation: HandshakeAllThreads done
Event: 11.817 Executing VM operation: G1CollectForAllocation
Event: 11.825 Executing VM operation: G1CollectForAllocation done
Event: 11.869 Executing VM operation: HandshakeAllThreads
Event: 11.869 Executing VM operation: HandshakeAllThreads done
Event: 11.897 Executing VM operation: G1CollectForAllocation

Memory protections (0 events):
No events

Nmethod flushes (20 events):
Event: 10.346 Thread 0x00000257484259b0 flushing  nmethod 0x0000025733d2c690
Event: 10.346 Thread 0x00000257484259b0 flushing  nmethod 0x0000025733d2d210
Event: 10.346 Thread 0x00000257484259b0 flushing  nmethod 0x0000025733d2d590
Event: 10.346 Thread 0x00000257484259b0 flushing  nmethod 0x0000025733d4d510
Event: 10.346 Thread 0x00000257484259b0 flushing  nmethod 0x0000025733d51390
Event: 10.346 Thread 0x00000257484259b0 flushing  nmethod 0x0000025733d54990
Event: 10.346 Thread 0x00000257484259b0 flushing  nmethod 0x0000025733d63590
Event: 10.346 Thread 0x00000257484259b0 flushing  nmethod 0x0000025733d63b10
Event: 10.346 Thread 0x00000257484259b0 flushing  nmethod 0x0000025733d6cc90
Event: 10.346 Thread 0x00000257484259b0 flushing  nmethod 0x0000025733d71510
Event: 10.346 Thread 0x00000257484259b0 flushing  nmethod 0x0000025733d76510
Event: 10.346 Thread 0x00000257484259b0 flushing  nmethod 0x0000025733d9b590
Event: 10.347 Thread 0x00000257484259b0 flushing  nmethod 0x0000025733e0cd90
Event: 10.347 Thread 0x00000257484259b0 flushing  nmethod 0x0000025733ed9990
Event: 10.347 Thread 0x00000257484259b0 flushing  nmethod 0x0000025733f60a10
Event: 10.347 Thread 0x00000257484259b0 flushing  nmethod 0x0000025733f61290
Event: 10.348 Thread 0x00000257484259b0 flushing  nmethod 0x0000025734009710
Event: 10.348 Thread 0x00000257484259b0 flushing  nmethod 0x00000257340e7f90
Event: 10.348 Thread 0x00000257484259b0 flushing  nmethod 0x00000257340ffc10
Event: 10.348 Thread 0x00000257484259b0 flushing  nmethod 0x0000025734101890

Events (19 events):
Event: 0.040 Thread 0x00000257297fc880 Thread added: 0x00000257297fc880
Event: 0.042 Thread 0x00000257297fc880 Thread added: 0x0000025748403fa0
Event: 0.043 Thread 0x00000257297fc880 Thread added: 0x0000025748404e20
Event: 0.050 Thread 0x00000257297fc880 Thread added: 0x000002574841aa70
Event: 0.051 Thread 0x00000257297fc880 Thread added: 0x000002574841e950
Event: 0.051 Thread 0x00000257297fc880 Thread added: 0x000002574841f310
Event: 0.051 Thread 0x00000257297fc880 Thread added: 0x0000025748421ce0
Event: 0.051 Thread 0x00000257297fc880 Thread added: 0x0000025748422a80
Event: 0.051 Thread 0x00000257297fc880 Thread added: 0x0000025748424fb0
Event: 0.051 Thread 0x00000257297fc880 Thread added: 0x00000257484259b0
Event: 0.076 Thread 0x00000257297fc880 Thread added: 0x0000025748a9eb00
Event: 0.077 Thread 0x00000257297fc880 Thread added: 0x0000025748ac22d0
Event: 0.102 Thread 0x0000025748422a80 Thread added: 0x0000025748b26ec0
Event: 1.856 Thread 0x0000025748b26ec0 Thread exited: 0x0000025748b26ec0
Event: 1.933 Thread 0x0000025748424fb0 Thread added: 0x000002578ff78860
Event: 3.298 Thread 0x000002578ff78860 Thread exited: 0x000002578ff78860
Event: 3.674 Thread 0x0000025748424fb0 Thread added: 0x000002578ff79300
Event: 10.505 Thread 0x000002578ff79300 Thread exited: 0x000002578ff79300
Event: 10.968 Thread 0x0000025748424fb0 Thread added: 0x000002579187aa40


Dynamic libraries:
0x00007ff7b0200000 - 0x00007ff7b020e000 	C:\Users\Lenovo\.jdks\corretto-17.0.18\bin\java.exe
0x00007fff22b90000 - 0x00007fff22d88000 	C:\Windows\SYSTEM32\ntdll.dll
0x00007fff21f90000 - 0x00007fff22052000 	C:\Windows\System32\KERNEL32.DLL
0x00007fff20220000 - 0x00007fff20516000 	C:\Windows\System32\KERNELBASE.dll
0x00007fff20990000 - 0x00007fff20a90000 	C:\Windows\System32\ucrtbase.dll
0x00007fff123f0000 - 0x00007fff12408000 	C:\Users\Lenovo\.jdks\corretto-17.0.18\bin\jli.dll
0x00007fff20fd0000 - 0x00007fff21171000 	C:\Windows\System32\USER32.dll
0x00007fff20520000 - 0x00007fff20542000 	C:\Windows\System32\win32u.dll
0x00007fff12440000 - 0x00007fff1245e000 	C:\Users\Lenovo\.jdks\corretto-17.0.18\bin\VCRUNTIME140.dll
0x00007fff0fe00000 - 0x00007fff1009b000 	C:\Windows\WinSxS\amd64_microsoft.windows.common-controls_6595b64144ccf1df_6.0.19041.6456_none_60b8a6cb71f64256\COMCTL32.dll
0x00007fff212d0000 - 0x00007fff212fb000 	C:\Windows\System32\GDI32.dll
0x00007fff21300000 - 0x00007fff2139e000 	C:\Windows\System32\msvcrt.dll
0x00007fff20650000 - 0x00007fff20769000 	C:\Windows\System32\gdi32full.dll
0x00007fff20a90000 - 0x00007fff20b2d000 	C:\Windows\System32\msvcp_win.dll
0x00007fff21f50000 - 0x00007fff21f7f000 	C:\Windows\System32\IMM32.DLL
0x00007fff1c040000 - 0x00007fff1c04c000 	C:\Users\Lenovo\.jdks\corretto-17.0.18\bin\vcruntime140_1.dll
0x00007ffeee530000 - 0x00007ffeee5b9000 	C:\Users\Lenovo\.jdks\corretto-17.0.18\bin\msvcp140.dll
0x00007ffed3f00000 - 0x00007ffed4b74000 	C:\Users\Lenovo\.jdks\corretto-17.0.18\bin\server\jvm.dll
0x00007fff213a0000 - 0x00007fff21451000 	C:\Windows\System32\ADVAPI32.dll
0x00007fff22060000 - 0x00007fff220ff000 	C:\Windows\System32\sechost.dll
0x00007fff22760000 - 0x00007fff22880000 	C:\Windows\System32\RPCRT4.dll
0x00007fff20770000 - 0x00007fff20797000 	C:\Windows\System32\bcrypt.dll
0x00007fff20df0000 - 0x00007fff20e5b000 	C:\Windows\System32\WS2_32.dll
0x00007fff1f7b0000 - 0x00007fff1f7fb000 	C:\Windows\SYSTEM32\POWRPROF.dll
0x00007fff14660000 - 0x00007fff14687000 	C:\Windows\SYSTEM32\WINMM.dll
0x00007fff16820000 - 0x00007fff1682a000 	C:\Windows\SYSTEM32\VERSION.dll
0x00007fff1f620000 - 0x00007fff1f632000 	C:\Windows\SYSTEM32\UMPDC.dll
0x00007fff1ea30000 - 0x00007fff1ea42000 	C:\Windows\SYSTEM32\kernel.appcore.dll
0x00007fff1c010000 - 0x00007fff1c01a000 	C:\Users\Lenovo\.jdks\corretto-17.0.18\bin\jimage.dll
0x00007fff1e040000 - 0x00007fff1e241000 	C:\Windows\SYSTEM32\DBGHELP.DLL
0x00007fff0c690000 - 0x00007fff0c6c4000 	C:\Windows\SYSTEM32\dbgcore.DLL
0x00007fff20900000 - 0x00007fff20982000 	C:\Windows\System32\bcryptPrimitives.dll
0x00007fff123b0000 - 0x00007fff123d6000 	C:\Users\Lenovo\.jdks\corretto-17.0.18\bin\java.dll
0x00007ffee1480000 - 0x00007ffee1557000 	C:\Users\Lenovo\.jdks\corretto-17.0.18\bin\jsvml.dll
0x00007fff217e0000 - 0x00007fff21f50000 	C:\Windows\System32\SHELL32.dll
0x00007fff1e270000 - 0x00007fff1ea15000 	C:\Windows\SYSTEM32\windows.storage.dll
0x00007fff21470000 - 0x00007fff217c4000 	C:\Windows\System32\combase.dll
0x00007fff1fc50000 - 0x00007fff1fc7b000 	C:\Windows\SYSTEM32\Wldp.dll
0x00007fff21180000 - 0x00007fff2124d000 	C:\Windows\System32\OLEAUT32.dll
0x00007fff20e60000 - 0x00007fff20f0d000 	C:\Windows\System32\SHCORE.dll
0x00007fff20f10000 - 0x00007fff20f6b000 	C:\Windows\System32\shlwapi.dll
0x00007fff20150000 - 0x00007fff20174000 	C:\Windows\SYSTEM32\profapi.dll
0x00007fff122a0000 - 0x00007fff122bb000 	C:\Users\Lenovo\.jdks\corretto-17.0.18\bin\net.dll
0x00007fff1a870000 - 0x00007fff1a97a000 	C:\Windows\SYSTEM32\WINHTTP.dll
0x00007fff1f9b0000 - 0x00007fff1fa1a000 	C:\Windows\system32\mswsock.dll
0x00007fff12280000 - 0x00007fff12296000 	C:\Users\Lenovo\.jdks\corretto-17.0.18\bin\nio.dll
0x00007fff12390000 - 0x00007fff123a8000 	C:\Users\Lenovo\.jdks\corretto-17.0.18\bin\zip.dll
0x00007fff12200000 - 0x00007fff12210000 	C:\Users\Lenovo\.jdks\corretto-17.0.18\bin\verify.dll

dbghelp: loaded successfully - version: 4.0.5 - missing functions: none
symbol engine: initialized successfully - sym options: 0x614 - pdb path: .;C:\Users\Lenovo\.jdks\corretto-17.0.18\bin;C:\Windows\SYSTEM32;C:\Windows\WinSxS\amd64_microsoft.windows.common-controls_6595b64144ccf1df_6.0.19041.6456_none_60b8a6cb71f64256;C:\Users\Lenovo\.jdks\corretto-17.0.18\bin\server

VM Arguments:
java_command: org.jetbrains.kotlin.cli.jvm.K2JVMCompiler @D:\FIELTHY D\fielthy apps (ijul)\FielthyApps-master punya oti\app\build\20260621_3018343046471519401.compiler.options
java_class_path (initial): C:\Users\Lenovo\.gradle\caches\modules-2\files-2.1\org.jetbrains.kotlin\kotlin-compiler-embeddable\2.1.0\988bf980588bbbcfa1ba19c1ffd7aa869b335a31\kotlin-compiler-embeddable-2.1.0.jar;C:\Users\Lenovo\.gradle\caches\modules-2\files-2.1\org.jetbrains.kotlin\kotlin-stdlib\2.1.0\85f8b81009cda5890e54ba67d64b5e599c645020\kotlin-stdlib-2.1.0.jar;C:\Users\Lenovo\.gradle\caches\modules-2\files-2.1\org.jetbrains.kotlin\kotlin-script-runtime\2.1.0\5909da8c57b75a117714ab0e348c86101b7a3284\kotlin-script-runtime-2.1.0.jar;C:\Users\Lenovo\.gradle\caches\modules-2\files-2.1\org.jetbrains.kotlin\kotlin-reflect\1.6.10\1cbe9c92c12a94eea200d23c2bbaedaf3daf5132\kotlin-reflect-1.6.10.jar;C:\Users\Lenovo\.gradle\caches\modules-2\files-2.1\org.jetbrains.kotlin\kotlin-daemon-embeddable\2.1.0\420bae1908e4a353f5b56c3c850d24d86367b25d\kotlin-daemon-embeddable-2.1.0.jar;C:\Users\Lenovo\.gradle\caches\modules-2\files-2.1\org.jetbrains.intellij.deps\trove4j\1.0.20200330\3afb14d5f9ceb459d724e907a21145e8ff394f02\trove4j-1.0.20200330.jar;C:\Users\Lenovo\.gradle\caches\modules-2\files-2.1\org.jetbrains.kotlinx\kotlinx-coroutines-core-jvm\1.6.4\2c997cd1c0ef33f3e751d3831929aeff1390cb30\kotlinx-coroutines-core-jvm-1.6.4.jar;C:\Users\Lenovo\.gradle\caches\modules-2\files-2.1\org.jetbrains\annotations\13.0\919f0dfe192fb4e063e7dacadee7f8bb9a2672a9\annotations-13.0.jar
Launcher Type: SUN_STANDARD

[Global flags]
     intx CICompilerCount                          = 4                                         {product} {ergonomic}
     uint ConcGCThreads                            = 2                                         {product} {ergonomic}
     uint G1ConcRefinementThreads                  = 8                                         {product} {ergonomic}
   size_t G1HeapRegionSize                         = 1048576                                   {product} {ergonomic}
    uintx GCDrainStackTargetSize                   = 64                                        {product} {ergonomic}
   size_t InitialHeapSize                          = 98566144                                  {product} {ergonomic}
   size_t MarkStackSize                            = 4194304                                   {product} {ergonomic}
   size_t MaxHeapSize                              = 1574961152                                {product} {ergonomic}
   size_t MaxNewSize                               = 944766976                                 {product} {ergonomic}
   size_t MinHeapDeltaBytes                        = 1048576                                   {product} {ergonomic}
   size_t MinHeapSize                              = 8388608                                   {product} {ergonomic}
    uintx NonNMethodCodeHeapSize                   = 5839372                                {pd product} {ergonomic}
    uintx NonProfiledCodeHeapSize                  = 122909434                              {pd product} {ergonomic}
    uintx ProfiledCodeHeapSize                     = 122909434                              {pd product} {ergonomic}
    uintx ReservedCodeCacheSize                    = 251658240                              {pd product} {ergonomic}
     bool SegmentedCodeCache                       = true                                      {product} {ergonomic}
   size_t SoftMaxHeapSize                          = 1574961152                             {manageable} {ergonomic}
     bool UseCompressedClassPointers               = true                           {product lp64_product} {ergonomic}
     bool UseCompressedOops                        = true                           {product lp64_product} {ergonomic}
     bool UseG1GC                                  = true                                      {product} {ergonomic}
     bool UseLargePagesIndividualAllocation        = false                                  {pd product} {ergonomic}

Logging:
Log output configuration:
 #0: stdout all=warning uptime,level,tags
 #1: stderr all=off uptime,level,tags

Environment Variables:
PATH=C:\Program Files\Common Files\Oracle\Java\javapath;C:\Program Files\Microsoft SDKs\Azure\CLI2\wbin;C:\Windows\system32;C:\Windows;C:\Windows\System32\Wbem;C:\Windows\System32\WindowsPowerShell\v1.0\;C:\Windows\System32\OpenSSH\;C:\TDM-GCC-64\bin;D:\Program Files\nodejs\;C:\Users\Lenovo\Downloads\apache-maven-3.9.12-bin\apache-maven-3.9.12\bin;D:\Program Files\Java\jdk-25\bin;C:\Users\Lenovo\AppData\Local\Programs\Python\Python311\Scripts\;C:\Users\Lenovo\AppData\Local\Programs\Python\Python311\;C:\Users\Lenovo\AppData\Local\Microsoft\WindowsApps;;C:\Users\Lenovo\AppData\Local\Programs\Microsoft VS Code\bin;C:\Users\Lenovo\AppData\Roaming\npm
USERNAME=Lenovo
OS=Windows_NT
PROCESSOR_IDENTIFIER=AMD64 Family 23 Model 104 Stepping 1, AuthenticAMD
TMP=C:\Users\Lenovo\AppData\Local\Temp
TEMP=C:\Users\Lenovo\AppData\Local\Temp



Periodic native trim disabled


---------------  S Y S T E M  ---------------

OS:
 Windows 10 , 64 bit Build 19041 (10.0.19041.5915)
OS uptime: 1 days 17:37 hours

CPU: total 8 (initial active 8) (8 cores per cpu, 2 threads per core) family 23 model 104 stepping 1 microcode 0x0, cx8, cmov, fxsr, ht, mmx, 3dnowpref, sse, sse2, sse3, ssse3, sse4a, sse4.1, sse4.2, popcnt, lzcnt, tsc, tscinvbit, avx, avx2, aes, clmul, bmi1, bmi2, adx, sha, fma, vzeroupper, clflush, clflushopt
Processor Information for all 8 processors :
  Max Mhz: 2600, Current Mhz: 2600, Mhz Limit: 2600

Memory: 4k page, system-wide physical 6005M (519M free)
TotalPageFile size 24437M (AvailPageFile size 101M)
current process WorkingSet (physical memory assigned to process): 372M, peak: 376M
current process commit charge ("private bytes"): 410M, peak: 584M

vm_info: OpenJDK 64-Bit Server VM (17.0.18+9-LTS) for windows-amd64 JRE (17.0.18+9-LTS), built on Jan 27 2026 22:38:43 by "Administrator" with MS VC++ 17.14 (VS2022)

END.
