#
# There is insufficient memory for the Java Runtime Environment to continue.
# Native memory allocation (malloc) failed to allocate 1670432 bytes. Error detail: Chunk::new
# Possible reasons:
#   The system is out of physical RAM or swap space
#   This process is running with CompressedOops enabled, and the Java Heap may be blocking the growth of the native heap
# Possible solutions:
#   Reduce memory load on the system
#   Increase physical memory or swap space
#   Check if swap backing store is full
#   Decrease Java heap size (-Xmx/-Xms)
#   Decrease number of Java threads
#   Decrease Java thread stack sizes (-Xss)
#   Set larger code cache with -XX:ReservedCodeCacheSize=
#   JVM is running with Unscaled Compressed Oops mode in which the Java heap is
#     placed in the first 4GB address space. The Java Heap base address is the
#     maximum limit for the native heap growth. Please use -XX:HeapBaseMinAddress
#     to set the Java Heap base and to place the Java Heap above 4GB virtual address.
# This output file may be truncated or incomplete.
#
#  Out of Memory Error (arena.cpp:191), pid=79488, tid=57308
#
# JRE version: OpenJDK Runtime Environment Corretto-17.0.18.9.1 (17.0.18+9) (build 17.0.18+9-LTS)
# Java VM: OpenJDK 64-Bit Server VM Corretto-17.0.18.9.1 (17.0.18+9-LTS, mixed mode, sharing, tiered, compressed oops, compressed class ptrs, g1 gc, windows-amd64)
# No core dump will be written. Minidumps are not enabled by default on client versions of Windows
#

---------------  S U M M A R Y ------------

Command Line: --add-opens=java.base/java.util=ALL-UNNAMED --add-opens=java.base/java.lang=ALL-UNNAMED --add-opens=java.base/java.lang.invoke=ALL-UNNAMED --add-opens=java.prefs/java.util.prefs=ALL-UNNAMED --add-exports=jdk.compiler/com.sun.tools.javac.api=ALL-UNNAMED --add-exports=jdk.compiler/com.sun.tools.javac.util=ALL-UNNAMED --add-opens=java.base/java.nio.charset=ALL-UNNAMED --add-opens=java.base/java.net=ALL-UNNAMED --add-opens=java.base/java.util.concurrent.atomic=ALL-UNNAMED -Xmx2048m -Dfile.encoding=UTF-8 -Duser.country=US -Duser.language=en -Duser.variant -javaagent:C:\Users\Lenovo\.gradle\wrapper\dists\gradle-8.9-bin\90cnw93cvbtalezasaz0blq0a\gradle-8.9\lib\agents\gradle-instrumentation-agent-8.9.jar org.gradle.launcher.daemon.bootstrap.GradleDaemon 8.9

Host: AMD Ryzen 3 5300U with Radeon Graphics         , 8 cores, 5G,  Windows 10 , 64 bit Build 19041 (10.0.19041.5915)
Time: Sun Jun 21 21:19:39 2026 SE Asia Standard Time elapsed time: 18.079961 seconds (0d 0h 0m 18s)

---------------  T H R E A D  ---------------

Current thread (0x0000025c3176d4d0):  JavaThread "C2 CompilerThread0" daemon [_thread_in_native, id=57308, stack(0x000000e78a800000,0x000000e78a900000)]


Current CompileTask:
C2:18080 9803       4       com.google.common.collect.ImmutableSet$RegularSetBuilderImpl::add (68 bytes)

Stack: [0x000000e78a800000,0x000000e78a900000]
Native frames: (J=compiled Java code, j=interpreted, Vv=VM code, C=native code)
V  [jvm.dll+0x68b3f9]
V  [jvm.dll+0x841779]
V  [jvm.dll+0x8434e8]
V  [jvm.dll+0x843b73]
V  [jvm.dll+0x24ce4f]
V  [jvm.dll+0xaec76]
V  [jvm.dll+0xaf31c]
V  [jvm.dll+0x36e71e]
V  [jvm.dll+0x338975]
V  [jvm.dll+0x337dda]
V  [jvm.dll+0x21dda9]
V  [jvm.dll+0x21d1ec]
V  [jvm.dll+0x1a8c70]
V  [jvm.dll+0x22d9fb]
V  [jvm.dll+0x22bb86]
V  [jvm.dll+0x7f78db]
V  [jvm.dll+0x7f1cdc]
V  [jvm.dll+0x68a307]
C  [ucrtbase.dll+0x21bb2]
C  [KERNEL32.DLL+0x17374]
C  [ntdll.dll+0x4cc91]


---------------  P R O C E S S  ---------------

Threads class SMR info:
_java_thread_list=0x0000025c7a981880, length=87, elements={
0x0000025c132ad790, 0x0000025c3174e7a0, 0x0000025c3174f530, 0x0000025c31760820,
0x0000025c31763360, 0x0000025c31766040, 0x0000025c317678c0, 0x0000025c3176d4d0,
0x0000025c31778390, 0x0000025c31783c50, 0x0000025c31734f50, 0x0000025c31a62980,
0x0000025c7861c940, 0x0000025c785113f0, 0x0000025c784e1470, 0x0000025c31b37920,
0x0000025c31b39270, 0x0000025c31b37e30, 0x0000025c31b38850, 0x0000025c78772c70,
0x0000025c78776930, 0x0000025c787745c0, 0x0000025c78773180, 0x0000025c78774ad0,
0x0000025c78770e10, 0x0000025c78772760, 0x0000025c78773690, 0x0000025c78770900,
0x0000025c78773ba0, 0x0000025c78774fe0, 0x0000025c78771d40, 0x0000025c78772250,
0x0000025c78771320, 0x0000025c787740b0, 0x0000025c7876f4c0, 0x0000025c7aa812e0,
0x0000025c7aa7d110, 0x0000025c7aa7f990, 0x0000025c7aa82c30, 0x0000025c7aa82210,
0x0000025c7aa7ea60, 0x0000025c7aa817f0, 0x0000025c7aa80dd0, 0x0000025c7aa81d00,
0x0000025c7aa82720, 0x0000025c7aa7e550, 0x0000025c7aa7e040, 0x0000025c7aa7fea0,
0x0000025c7aa7c1e0, 0x0000025c7aa83140, 0x0000025c7aa83b60, 0x0000025c7aa803b0,
0x0000025c7aa7c6f0, 0x0000025c7aa7f480, 0x0000025c7aa808c0, 0x0000025c7aa7ef70,
0x0000025c7aa7cc00, 0x0000025c7aa7d620, 0x0000025c7aa7db30, 0x0000025c7a3e4090,
0x0000025c7a3e8770, 0x0000025c7a3e9190, 0x0000025c7a3e59e0, 0x0000025c7a3e6400,
0x0000025c7a3ea0c0, 0x0000025c7a3e6910, 0x0000025c7a3e7330, 0x0000025c7a3e4ab0,
0x0000025c7a3e96a0, 0x0000025c7a3eb500, 0x0000025c7a3e8c80, 0x0000025c7a3e5ef0,
0x0000025c7a3e9bb0, 0x0000025c7a3e7d50, 0x0000025c7a3e4fc0, 0x0000025c7a3e54d0,
0x0000025c7a3e6e20, 0x0000025c7a3e8260, 0x0000025c7a3eaae0, 0x0000025c7a3eba10,
0x0000025c31b38d60, 0x0000025c31b38340, 0x0000025c78d9e920, 0x0000025c78da4950,
0x0000025c78d9f850, 0x0000025c78da5d90, 0x0000025c7bd66f60
}

Java Threads: ( => current thread )
  0x0000025c132ad790 JavaThread "main" [_thread_blocked, id=77020, stack(0x000000e789b00000,0x000000e789c00000)]
  0x0000025c3174e7a0 JavaThread "Reference Handler" daemon [_thread_blocked, id=77932, stack(0x000000e78a200000,0x000000e78a300000)]
  0x0000025c3174f530 JavaThread "Finalizer" daemon [_thread_blocked, id=18992, stack(0x000000e78a300000,0x000000e78a400000)]
  0x0000025c31760820 JavaThread "Signal Dispatcher" daemon [_thread_blocked, id=75372, stack(0x000000e78a400000,0x000000e78a500000)]
  0x0000025c31763360 JavaThread "Attach Listener" daemon [_thread_blocked, id=56920, stack(0x000000e78a500000,0x000000e78a600000)]
  0x0000025c31766040 JavaThread "Service Thread" daemon [_thread_blocked, id=70668, stack(0x000000e78a600000,0x000000e78a700000)]
  0x0000025c317678c0 JavaThread "Monitor Deflation Thread" daemon [_thread_blocked, id=66456, stack(0x000000e78a700000,0x000000e78a800000)]
=>0x0000025c3176d4d0 JavaThread "C2 CompilerThread0" daemon [_thread_in_native, id=57308, stack(0x000000e78a800000,0x000000e78a900000)]
  0x0000025c31778390 JavaThread "C1 CompilerThread0" daemon [_thread_blocked, id=56136, stack(0x000000e78a900000,0x000000e78aa00000)]
  0x0000025c31783c50 JavaThread "Sweeper thread" daemon [_thread_blocked, id=64776, stack(0x000000e78aa00000,0x000000e78ab00000)]
  0x0000025c31734f50 JavaThread "Common-Cleaner" daemon [_thread_blocked, id=71156, stack(0x000000e78ab00000,0x000000e78ac00000)]
  0x0000025c31a62980 JavaThread "Notification Thread" daemon [_thread_blocked, id=67740, stack(0x000000e78ac00000,0x000000e78ad00000)]
  0x0000025c7861c940 JavaThread "Daemon health stats" [_thread_blocked, id=60768, stack(0x000000e78b500000,0x000000e78b600000)]
  0x0000025c785113f0 JavaThread "Incoming local TCP Connector on port 58809" [_thread_in_native, id=79432, stack(0x000000e78b600000,0x000000e78b700000)]
  0x0000025c784e1470 JavaThread "Daemon periodic checks" [_thread_blocked, id=79628, stack(0x000000e78b700000,0x000000e78b800000)]
  0x0000025c31b37920 JavaThread "Daemon" [_thread_blocked, id=54380, stack(0x000000e78b800000,0x000000e78b900000)]
  0x0000025c31b39270 JavaThread "Handler for socket connection from /127.0.0.1:58809 to /127.0.0.1:58810" [_thread_in_native, id=65220, stack(0x000000e78b900000,0x000000e78ba00000)]
  0x0000025c31b37e30 JavaThread "Cancel handler" [_thread_blocked, id=68976, stack(0x000000e78ba00000,0x000000e78bb00000)]
  0x0000025c31b38850 JavaThread "Daemon worker" [_thread_in_native, id=74036, stack(0x000000e78bb00000,0x000000e78bc00000)] _threads_hazard_ptr=0x0000025c7a981880
  0x0000025c78772c70 JavaThread "Asynchronous log dispatcher for DefaultDaemonConnection: socket connection from /127.0.0.1:58809 to /127.0.0.1:58810" [_thread_blocked, id=80748, stack(0x000000e78bc00000,0x000000e78bd00000)]
  0x0000025c78776930 JavaThread "Stdin handler" [_thread_blocked, id=14596, stack(0x000000e78bd00000,0x000000e78be00000)]
  0x0000025c787745c0 JavaThread "Daemon client event forwarder" [_thread_blocked, id=69312, stack(0x000000e78be00000,0x000000e78bf00000)]
  0x0000025c78773180 JavaThread "Cache worker for journal cache (C:\Users\Lenovo\.gradle\caches\journal-1)" [_thread_blocked, id=78456, stack(0x000000e78bf00000,0x000000e78c000000)]
  0x0000025c78774ad0 JavaThread "File lock request listener" [_thread_in_native, id=74368, stack(0x000000e78c000000,0x000000e78c100000)]
  0x0000025c78770e10 JavaThread "Cache worker for file hash cache (C:\Users\Lenovo\.gradle\caches\8.9\fileHashes)" [_thread_blocked, id=77392, stack(0x000000e78c100000,0x000000e78c200000)]
  0x0000025c78772760 JavaThread "Cache worker for file hash cache (D:\FIELTHY D\fielthy apps (ijul)\FielthyApps-master punya oti\.gradle\8.9\fileHashes)" [_thread_blocked, id=79100, stack(0x000000e78c200000,0x000000e78c300000)]
  0x0000025c78773690 JavaThread "Cache worker for Build Output Cleanup Cache (D:\FIELTHY D\fielthy apps (ijul)\FielthyApps-master punya oti\.gradle\buildOutputCleanup)" [_thread_blocked, id=60320, stack(0x000000e78c300000,0x000000e78c400000)]
  0x0000025c78770900 JavaThread "File watcher server" daemon [_thread_in_native, id=79424, stack(0x000000e78c500000,0x000000e78c600000)]
  0x0000025c78773ba0 JavaThread "File watcher consumer" daemon [_thread_blocked, id=66992, stack(0x000000e78c600000,0x000000e78c700000)]
  0x0000025c78774fe0 JavaThread "Cache worker for checksums cache (D:\FIELTHY D\fielthy apps (ijul)\FielthyApps-master punya oti\.gradle\8.9\checksums)" [_thread_blocked, id=59772, stack(0x000000e78c700000,0x000000e78c800000)]
  0x0000025c78771d40 JavaThread "Cache worker for file content cache (C:\Users\Lenovo\.gradle\caches\8.9\fileContent)" [_thread_blocked, id=5148, stack(0x000000e78c800000,0x000000e78c900000)]
  0x0000025c78772250 JavaThread "Cache worker for cache directory md-rule (C:\Users\Lenovo\.gradle\caches\8.9\md-rule)" [_thread_blocked, id=78760, stack(0x000000e78c900000,0x000000e78ca00000)]
  0x0000025c78771320 JavaThread "Cache worker for cache directory md-supplier (C:\Users\Lenovo\.gradle\caches\8.9\md-supplier)" [_thread_blocked, id=72796, stack(0x000000e78ca00000,0x000000e78cb00000)]
  0x0000025c787740b0 JavaThread "jar transforms" [_thread_blocked, id=80812, stack(0x000000e78cb00000,0x000000e78cc00000)]
  0x0000025c7876f4c0 JavaThread "jar transforms Thread 2" [_thread_blocked, id=79764, stack(0x000000e78cc00000,0x000000e78cd00000)]
  0x0000025c7aa812e0 JavaThread "jar transforms Thread 3" [_thread_blocked, id=72184, stack(0x000000e78cf00000,0x000000e78d000000)]
  0x0000025c7aa7d110 JavaThread "Unconstrained build operations" [_thread_blocked, id=71852, stack(0x000000e78d000000,0x000000e78d100000)]
  0x0000025c7aa7f990 JavaThread "Unconstrained build operations Thread 2" [_thread_blocked, id=72092, stack(0x000000e78d100000,0x000000e78d200000)]
  0x0000025c7aa82c30 JavaThread "Unconstrained build operations Thread 3" [_thread_blocked, id=63284, stack(0x000000e78d200000,0x000000e78d300000)]
  0x0000025c7aa82210 JavaThread "Unconstrained build operations Thread 4" [_thread_blocked, id=75344, stack(0x000000e78d300000,0x000000e78d400000)]
  0x0000025c7aa7ea60 JavaThread "Unconstrained build operations Thread 5" [_thread_blocked, id=74352, stack(0x000000e78d400000,0x000000e78d500000)]
  0x0000025c7aa817f0 JavaThread "Unconstrained build operations Thread 6" [_thread_blocked, id=67404, stack(0x000000e78d500000,0x000000e78d600000)]
  0x0000025c7aa80dd0 JavaThread "Unconstrained build operations Thread 7" [_thread_blocked, id=76640, stack(0x000000e78d600000,0x000000e78d700000)]
  0x0000025c7aa81d00 JavaThread "Unconstrained build operations Thread 8" [_thread_blocked, id=13560, stack(0x000000e78d700000,0x000000e78d800000)]
  0x0000025c7aa82720 JavaThread "Unconstrained build operations Thread 9" [_thread_blocked, id=80180, stack(0x000000e78d800000,0x000000e78d900000)]
  0x0000025c7aa7e550 JavaThread "Unconstrained build operations Thread 10" [_thread_blocked, id=78820, stack(0x000000e78d900000,0x000000e78da00000)]
  0x0000025c7aa7e040 JavaThread "Unconstrained build operations Thread 11" [_thread_blocked, id=56084, stack(0x000000e78da00000,0x000000e78db00000)]
  0x0000025c7aa7fea0 JavaThread "Unconstrained build operations Thread 12" [_thread_blocked, id=80336, stack(0x000000e78db00000,0x000000e78dc00000)]
  0x0000025c7aa7c1e0 JavaThread "Unconstrained build operations Thread 13" [_thread_blocked, id=53196, stack(0x000000e78dc00000,0x000000e78dd00000)]
  0x0000025c7aa83140 JavaThread "Unconstrained build operations Thread 14" [_thread_blocked, id=3388, stack(0x000000e78dd00000,0x000000e78de00000)]
  0x0000025c7aa83b60 JavaThread "jar transforms Thread 4" [_thread_blocked, id=66988, stack(0x000000e78de00000,0x000000e78df00000)]
  0x0000025c7aa803b0 JavaThread "jar transforms Thread 5" [_thread_blocked, id=59060, stack(0x000000e78df00000,0x000000e78e000000)]
  0x0000025c7aa7c6f0 JavaThread "Unconstrained build operations Thread 15" [_thread_blocked, id=77204, stack(0x000000e78cd00000,0x000000e78ce00000)]
  0x0000025c7aa7f480 JavaThread "Unconstrained build operations Thread 16" [_thread_blocked, id=70440, stack(0x000000e78e000000,0x000000e78e100000)]
  0x0000025c7aa808c0 JavaThread "Unconstrained build operations Thread 17" [_thread_blocked, id=64632, stack(0x000000e78e100000,0x000000e78e200000)]
  0x0000025c7aa7ef70 JavaThread "Unconstrained build operations Thread 18" [_thread_blocked, id=80104, stack(0x000000e78e200000,0x000000e78e300000)]
  0x0000025c7aa7cc00 JavaThread "Unconstrained build operations Thread 19" [_thread_blocked, id=50104, stack(0x000000e78e300000,0x000000e78e400000)]
  0x0000025c7aa7d620 JavaThread "Unconstrained build operations Thread 20" [_thread_blocked, id=76328, stack(0x000000e78e400000,0x000000e78e500000)]
  0x0000025c7aa7db30 JavaThread "Unconstrained build operations Thread 21" [_thread_blocked, id=75608, stack(0x000000e78e500000,0x000000e78e600000)]
  0x0000025c7a3e4090 JavaThread "jar transforms Thread 6" [_thread_blocked, id=77016, stack(0x000000e78e600000,0x000000e78e700000)]
  0x0000025c7a3e8770 JavaThread "jar transforms Thread 7" [_thread_blocked, id=77116, stack(0x000000e78e700000,0x000000e78e800000)]
  0x0000025c7a3e9190 JavaThread "jar transforms Thread 8" [_thread_blocked, id=77172, stack(0x000000e78e800000,0x000000e78e900000)]
  0x0000025c7a3e59e0 JavaThread "Unconstrained build operations Thread 22" [_thread_blocked, id=70484, stack(0x000000e78e900000,0x000000e78ea00000)]
  0x0000025c7a3e6400 JavaThread "Unconstrained build operations Thread 23" [_thread_blocked, id=80312, stack(0x000000e78ea00000,0x000000e78eb00000)]
  0x0000025c7a3ea0c0 JavaThread "Unconstrained build operations Thread 24" [_thread_blocked, id=77948, stack(0x000000e78eb00000,0x000000e78ec00000)]
  0x0000025c7a3e6910 JavaThread "Unconstrained build operations Thread 25" [_thread_blocked, id=19148, stack(0x000000e78ec00000,0x000000e78ed00000)]
  0x0000025c7a3e7330 JavaThread "Unconstrained build operations Thread 26" [_thread_blocked, id=76372, stack(0x000000e78ed00000,0x000000e78ee00000)]
  0x0000025c7a3e4ab0 JavaThread "Unconstrained build operations Thread 27" [_thread_blocked, id=51244, stack(0x000000e78ee00000,0x000000e78ef00000)]
  0x0000025c7a3e96a0 JavaThread "Unconstrained build operations Thread 28" [_thread_blocked, id=78852, stack(0x000000e78ef00000,0x000000e78f000000)]
  0x0000025c7a3eb500 JavaThread "Unconstrained build operations Thread 29" [_thread_blocked, id=64092, stack(0x000000e78f100000,0x000000e78f200000)]
  0x0000025c7a3e8c80 JavaThread "Unconstrained build operations Thread 30" [_thread_blocked, id=78484, stack(0x000000e78f200000,0x000000e78f300000)]
  0x0000025c7a3e5ef0 JavaThread "Unconstrained build operations Thread 31" [_thread_blocked, id=40260, stack(0x000000e78f300000,0x000000e78f400000)]
  0x0000025c7a3e9bb0 JavaThread "Unconstrained build operations Thread 32" [_thread_blocked, id=80844, stack(0x000000e78f400000,0x000000e78f500000)]
  0x0000025c7a3e7d50 JavaThread "Unconstrained build operations Thread 33" [_thread_blocked, id=30968, stack(0x000000e78f500000,0x000000e78f600000)]
  0x0000025c7a3e4fc0 JavaThread "Unconstrained build operations Thread 34" [_thread_blocked, id=63296, stack(0x000000e78f600000,0x000000e78f700000)]
  0x0000025c7a3e54d0 JavaThread "Unconstrained build operations Thread 35" [_thread_blocked, id=37560, stack(0x000000e78f700000,0x000000e78f800000)]
  0x0000025c7a3e6e20 JavaThread "Unconstrained build operations Thread 36" [_thread_blocked, id=79644, stack(0x000000e78f800000,0x000000e78f900000)]
  0x0000025c7a3e8260 JavaThread "Unconstrained build operations Thread 37" [_thread_blocked, id=33808, stack(0x000000e78f900000,0x000000e78fa00000)]
  0x0000025c7a3eaae0 JavaThread "Unconstrained build operations Thread 38" [_thread_blocked, id=37388, stack(0x000000e78fa00000,0x000000e78fb00000)]
  0x0000025c7a3eba10 JavaThread "Unconstrained build operations Thread 39" [_thread_blocked, id=44764, stack(0x000000e78fb00000,0x000000e78fc00000)]
  0x0000025c31b38d60 JavaThread "Unconstrained build operations Thread 40" [_thread_blocked, id=71556, stack(0x000000e78fc00000,0x000000e78fd00000)]
  0x0000025c31b38340 JavaThread "Unconstrained build operations Thread 41" [_thread_blocked, id=62996, stack(0x000000e78fd00000,0x000000e78fe00000)]
  0x0000025c78d9e920 JavaThread "Unconstrained build operations Thread 42" [_thread_blocked, id=80624, stack(0x000000e78fe00000,0x000000e78ff00000)]
  0x0000025c78da4950 JavaThread "build event listener" [_thread_blocked, id=79620, stack(0x000000e78f000000,0x000000e78f100000)]
  0x0000025c78d9f850 JavaThread "Memory manager" [_thread_blocked, id=50448, stack(0x000000e78ff00000,0x000000e790000000)]
  0x0000025c78da5d90 JavaThread "build event listener" [_thread_blocked, id=78044, stack(0x000000e790000000,0x000000e790100000)]
  0x0000025c7bd66f60 JavaThread "C2 CompilerThread1" daemon [_thread_in_native, id=74768, stack(0x000000e790100000,0x000000e790200000)]

Other Threads:
  0x0000025c31745630 VMThread "VM Thread" [stack: 0x000000e78a100000,0x000000e78a200000] [id=63960]
  0x0000025c31a62e60 WatcherThread [stack: 0x000000e78ad00000,0x000000e78ae00000] [id=56656]
  0x0000025c1330b710 GCTaskThread "GC Thread#0" [stack: 0x000000e789c00000,0x000000e789d00000] [id=54548]
  0x0000025c774082e0 GCTaskThread "GC Thread#1" [stack: 0x000000e78ae00000,0x000000e78af00000] [id=80476]
  0x0000025c774b7110 GCTaskThread "GC Thread#2" [stack: 0x000000e78af00000,0x000000e78b000000] [id=75900]
  0x0000025c7708a8c0 GCTaskThread "GC Thread#3" [stack: 0x000000e78b000000,0x000000e78b100000] [id=66116]
  0x0000025c77c3d960 GCTaskThread "GC Thread#4" [stack: 0x000000e78b100000,0x000000e78b200000] [id=37756]
  0x0000025c78621d40 GCTaskThread "GC Thread#5" [stack: 0x000000e78b200000,0x000000e78b300000] [id=77748]
  0x0000025c7859fc50 GCTaskThread "GC Thread#6" [stack: 0x000000e78b300000,0x000000e78b400000] [id=67188]
  0x0000025c785d6850 GCTaskThread "GC Thread#7" [stack: 0x000000e78b400000,0x000000e78b500000] [id=78900]
  0x0000025c1331c570 ConcurrentGCThread "G1 Main Marker" [stack: 0x000000e789d00000,0x000000e789e00000] [id=28604]
  0x0000025c1331d640 ConcurrentGCThread "G1 Conc#0" [stack: 0x000000e789e00000,0x000000e789f00000] [id=13464]
  0x0000025c78eaa720 ConcurrentGCThread "G1 Conc#1" [stack: 0x000000e78c400000,0x000000e78c500000] [id=80412]
  0x0000025c1336d6c0 ConcurrentGCThread "G1 Refine#0" [stack: 0x000000e789f00000,0x000000e78a000000] [id=10920]
  0x0000025c79b70910 ConcurrentGCThread "G1 Refine#1" [stack: 0x000000e78ce00000,0x000000e78cf00000] [id=25464]
  0x0000025c1336e000 ConcurrentGCThread "G1 Service" [stack: 0x000000e78a000000,0x000000e78a100000] [id=77916]

Threads with active compile tasks:
C2 CompilerThread0  18120 9803       4       com.google.common.collect.ImmutableSet$RegularSetBuilderImpl::add (68 bytes)
C2 CompilerThread1  18120 9805       4       java.lang.String::getBytes (46 bytes)

VM state: not at safepoint (normal execution)

VM Mutex/Monitor currently owned by a thread: None

Heap address: 0x0000000080000000, size: 2048 MB, Compressed Oops mode: 32-bit

CDS archive(s) mapped at: [0x0000025c32000000-0x0000025c32bb0000-0x0000025c32bb0000), size 12255232, SharedBaseAddress: 0x0000025c32000000, ArchiveRelocationMode: 1.
Compressed class space mapped at: 0x0000025c33000000-0x0000025c73000000, reserved size: 1073741824
Narrow klass base: 0x0000025c32000000, Narrow klass shift: 0, Narrow klass range: 0x100000000

GC Precious Log:
 CPUs: 8 total, 8 available
 Memory: 6005M
 Large Page Support: Disabled
 NUMA Support: Disabled
 Compressed Oops: Enabled (32-bit)
 Heap Region Size: 1M
 Heap Min Capacity: 8M
 Heap Initial Capacity: 94M
 Heap Max Capacity: 2G
 Pre-touch: Disabled
 Parallel Workers: 8
 Concurrent Workers: 2
 Concurrent Refinement Workers: 8
 Periodic GC: Disabled

Heap:
 garbage-first heap   total 163840K, used 111431K [0x0000000080000000, 0x0000000100000000)
  region size 1024K, 23 young (23552K), 2 survivors (2048K)
 Metaspace       used 79355K, committed 80064K, reserved 1179648K
  class space    used 10952K, committed 11264K, reserved 1048576K

Heap Regions: E=young(eden), S=young(survivor), O=old, HS=humongous(starts), HC=humongous(continues), CS=collection set, F=free, OA=open archive, CA=closed archive, TAMS=top-at-mark-start (previous, next)
|   0|0x0000000080000000, 0x0000000080100000, 0x0000000080100000|100%|HS|  |TAMS 0x0000000080100000, 0x0000000080000000| Complete 
|   1|0x0000000080100000, 0x0000000080200000, 0x0000000080200000|100%|HC|  |TAMS 0x0000000080200000, 0x0000000080100000| Complete 
|   2|0x0000000080200000, 0x0000000080300000, 0x0000000080300000|100%|HC|  |TAMS 0x0000000080300000, 0x0000000080200000| Complete 
|   3|0x0000000080300000, 0x0000000080400000, 0x0000000080400000|100%|HC|  |TAMS 0x0000000080400000, 0x0000000080300000| Complete 
|   4|0x0000000080400000, 0x0000000080500000, 0x0000000080500000|100%| O|  |TAMS 0x0000000080500000, 0x0000000080400000| Untracked 
|   5|0x0000000080500000, 0x0000000080600000, 0x0000000080600000|100%| O|  |TAMS 0x0000000080600000, 0x0000000080500000| Untracked 
|   6|0x0000000080600000, 0x0000000080700000, 0x0000000080700000|100%| O|  |TAMS 0x0000000080700000, 0x0000000080600000| Untracked 
|   7|0x0000000080700000, 0x0000000080800000, 0x0000000080800000|100%| O|  |TAMS 0x0000000080800000, 0x0000000080700000| Untracked 
|   8|0x0000000080800000, 0x0000000080900000, 0x0000000080900000|100%| O|  |TAMS 0x0000000080900000, 0x0000000080800000| Untracked 
|   9|0x0000000080900000, 0x0000000080a00000, 0x0000000080a00000|100%| O|  |TAMS 0x0000000080a00000, 0x0000000080900000| Untracked 
|  10|0x0000000080a00000, 0x0000000080b00000, 0x0000000080b00000|100%| O|  |TAMS 0x0000000080b00000, 0x0000000080a00000| Untracked 
|  11|0x0000000080b00000, 0x0000000080c00000, 0x0000000080c00000|100%|HS|  |TAMS 0x0000000080c00000, 0x0000000080b00000| Complete 
|  12|0x0000000080c00000, 0x0000000080d00000, 0x0000000080d00000|100%| O|  |TAMS 0x0000000080d00000, 0x0000000080c00000| Untracked 
|  13|0x0000000080d00000, 0x0000000080e00000, 0x0000000080e00000|100%| O|  |TAMS 0x0000000080e00000, 0x0000000080d00000| Untracked 
|  14|0x0000000080e00000, 0x0000000080f00000, 0x0000000080f00000|100%| O|  |TAMS 0x0000000080f00000, 0x0000000080e00000| Untracked 
|  15|0x0000000080f00000, 0x0000000081000000, 0x0000000081000000|100%| O|  |TAMS 0x0000000081000000, 0x0000000080f00000| Untracked 
|  16|0x0000000081000000, 0x0000000081100000, 0x0000000081100000|100%| O|  |TAMS 0x0000000081100000, 0x0000000081000000| Untracked 
|  17|0x0000000081100000, 0x0000000081200000, 0x0000000081200000|100%| O|  |TAMS 0x0000000081200000, 0x0000000081100000| Untracked 
|  18|0x0000000081200000, 0x0000000081300000, 0x0000000081300000|100%| O|  |TAMS 0x0000000081300000, 0x0000000081200000| Untracked 
|  19|0x0000000081300000, 0x0000000081400000, 0x0000000081400000|100%| O|  |TAMS 0x0000000081400000, 0x0000000081300000| Untracked 
|  20|0x0000000081400000, 0x00000000814eb400, 0x0000000081500000| 91%| O|  |TAMS 0x00000000814eb400, 0x0000000081400000| Untracked 
|  21|0x0000000081500000, 0x0000000081600000, 0x0000000081600000|100%| O|  |TAMS 0x0000000081600000, 0x0000000081500000| Untracked 
|  22|0x0000000081600000, 0x0000000081700000, 0x0000000081700000|100%| O|  |TAMS 0x0000000081700000, 0x0000000081600000| Untracked 
|  23|0x0000000081700000, 0x0000000081800000, 0x0000000081800000|100%| O|  |TAMS 0x0000000081800000, 0x0000000081700000| Untracked 
|  24|0x0000000081800000, 0x0000000081900000, 0x0000000081900000|100%| O|  |TAMS 0x0000000081900000, 0x0000000081800000| Untracked 
|  25|0x0000000081900000, 0x0000000081a00000, 0x0000000081a00000|100%|HS|  |TAMS 0x0000000081a00000, 0x0000000081900000| Complete 
|  26|0x0000000081a00000, 0x0000000081b00000, 0x0000000081b00000|100%|HC|  |TAMS 0x0000000081b00000, 0x0000000081a00000| Complete 
|  27|0x0000000081b00000, 0x0000000081c00000, 0x0000000081c00000|100%| O|  |TAMS 0x0000000081c00000, 0x0000000081b00000| Untracked 
|  28|0x0000000081c00000, 0x0000000081d00000, 0x0000000081d00000|100%| O|  |TAMS 0x0000000081d00000, 0x0000000081c00000| Untracked 
|  29|0x0000000081d00000, 0x0000000081e00000, 0x0000000081e00000|100%| O|  |TAMS 0x0000000081e00000, 0x0000000081d00000| Untracked 
|  30|0x0000000081e00000, 0x0000000081f00000, 0x0000000081f00000|100%| O|  |TAMS 0x0000000081f00000, 0x0000000081e00000| Untracked 
|  31|0x0000000081f00000, 0x0000000082000000, 0x0000000082000000|100%| O|  |TAMS 0x0000000082000000, 0x0000000081f00000| Untracked 
|  32|0x0000000082000000, 0x0000000082100000, 0x0000000082100000|100%| O|  |TAMS 0x0000000082100000, 0x0000000082000000| Untracked 
|  33|0x0000000082100000, 0x0000000082200000, 0x0000000082200000|100%| O|  |TAMS 0x0000000082200000, 0x0000000082100000| Untracked 
|  34|0x0000000082200000, 0x0000000082300000, 0x0000000082300000|100%| O|  |TAMS 0x0000000082300000, 0x0000000082200000| Untracked 
|  35|0x0000000082300000, 0x0000000082400000, 0x0000000082400000|100%| O|  |TAMS 0x0000000082400000, 0x0000000082300000| Untracked 
|  36|0x0000000082400000, 0x0000000082500000, 0x0000000082500000|100%| O|  |TAMS 0x0000000082500000, 0x0000000082400000| Untracked 
|  37|0x0000000082500000, 0x0000000082600000, 0x0000000082600000|100%| O|  |TAMS 0x0000000082600000, 0x0000000082500000| Untracked 
|  38|0x0000000082600000, 0x0000000082700000, 0x0000000082700000|100%| O|  |TAMS 0x0000000082700000, 0x0000000082600000| Untracked 
|  39|0x0000000082700000, 0x0000000082800000, 0x0000000082800000|100%| O|  |TAMS 0x0000000082800000, 0x0000000082700000| Untracked 
|  40|0x0000000082800000, 0x0000000082900000, 0x0000000082900000|100%| O|  |TAMS 0x0000000082900000, 0x0000000082800000| Untracked 
|  41|0x0000000082900000, 0x0000000082a00000, 0x0000000082a00000|100%| O|  |TAMS 0x0000000082a00000, 0x0000000082900000| Untracked 
|  42|0x0000000082a00000, 0x0000000082b00000, 0x0000000082b00000|100%| O|  |TAMS 0x0000000082b00000, 0x0000000082a00000| Untracked 
|  43|0x0000000082b00000, 0x0000000082c00000, 0x0000000082c00000|100%| O|  |TAMS 0x0000000082c00000, 0x0000000082b00000| Untracked 
|  44|0x0000000082c00000, 0x0000000082d00000, 0x0000000082d00000|100%| O|  |TAMS 0x0000000082d00000, 0x0000000082c00000| Untracked 
|  45|0x0000000082d00000, 0x0000000082e00000, 0x0000000082e00000|100%| O|  |TAMS 0x0000000082e00000, 0x0000000082d00000| Untracked 
|  46|0x0000000082e00000, 0x0000000082f00000, 0x0000000082f00000|100%| O|  |TAMS 0x0000000082f00000, 0x0000000082e00000| Untracked 
|  47|0x0000000082f00000, 0x0000000083000000, 0x0000000083000000|100%| O|  |TAMS 0x0000000083000000, 0x0000000082f00000| Untracked 
|  48|0x0000000083000000, 0x0000000083100000, 0x0000000083100000|100%| O|  |TAMS 0x0000000083100000, 0x0000000083000000| Untracked 
|  49|0x0000000083100000, 0x0000000083200000, 0x0000000083200000|100%| O|  |TAMS 0x0000000083200000, 0x0000000083100000| Untracked 
|  50|0x0000000083200000, 0x0000000083300000, 0x0000000083300000|100%|HS|  |TAMS 0x0000000083300000, 0x0000000083200000| Complete 
|  51|0x0000000083300000, 0x0000000083400000, 0x0000000083400000|100%|HC|  |TAMS 0x0000000083400000, 0x0000000083300000| Complete 
|  52|0x0000000083400000, 0x0000000083500000, 0x0000000083500000|100%|HS|  |TAMS 0x0000000083500000, 0x0000000083400000| Complete 
|  53|0x0000000083500000, 0x0000000083600000, 0x0000000083600000|100%|HC|  |TAMS 0x0000000083600000, 0x0000000083500000| Complete 
|  54|0x0000000083600000, 0x0000000083700000, 0x0000000083700000|100%| O|  |TAMS 0x0000000083700000, 0x0000000083600000| Untracked 
|  55|0x0000000083700000, 0x0000000083800000, 0x0000000083800000|100%|HS|  |TAMS 0x0000000083800000, 0x0000000083700000| Complete 
|  56|0x0000000083800000, 0x0000000083900000, 0x0000000083900000|100%|HS|  |TAMS 0x0000000083900000, 0x0000000083800000| Complete 
|  57|0x0000000083900000, 0x0000000083a00000, 0x0000000083a00000|100%|HS|  |TAMS 0x0000000083a00000, 0x0000000083900000| Complete 
|  58|0x0000000083a00000, 0x0000000083b00000, 0x0000000083b00000|100%| O|  |TAMS 0x0000000083b00000, 0x0000000083a00000| Untracked 
|  59|0x0000000083b00000, 0x0000000083c00000, 0x0000000083c00000|100%| O|  |TAMS 0x0000000083c00000, 0x0000000083b00000| Untracked 
|  60|0x0000000083c00000, 0x0000000083d00000, 0x0000000083d00000|100%| O|  |TAMS 0x0000000083d00000, 0x0000000083c00000| Untracked 
|  61|0x0000000083d00000, 0x0000000083e00000, 0x0000000083e00000|100%| O|  |TAMS 0x0000000083e00000, 0x0000000083d00000| Untracked 
|  62|0x0000000083e00000, 0x0000000083f00000, 0x0000000083f00000|100%| O|  |TAMS 0x0000000083f00000, 0x0000000083e00000| Untracked 
|  63|0x0000000083f00000, 0x0000000084000000, 0x0000000084000000|100%| O|  |TAMS 0x0000000084000000, 0x0000000083f00000| Untracked 
|  64|0x0000000084000000, 0x0000000084100000, 0x0000000084100000|100%| O|  |TAMS 0x0000000084100000, 0x0000000084000000| Untracked 
|  65|0x0000000084100000, 0x0000000084200000, 0x0000000084200000|100%| O|  |TAMS 0x0000000084200000, 0x0000000084100000| Untracked 
|  66|0x0000000084200000, 0x0000000084300000, 0x0000000084300000|100%| O|  |TAMS 0x0000000084300000, 0x0000000084200000| Untracked 
|  67|0x0000000084300000, 0x0000000084400000, 0x0000000084400000|100%| O|  |TAMS 0x0000000084400000, 0x0000000084300000| Untracked 
|  68|0x0000000084400000, 0x0000000084500000, 0x0000000084500000|100%| O|  |TAMS 0x0000000084500000, 0x0000000084400000| Untracked 
|  69|0x0000000084500000, 0x0000000084600000, 0x0000000084600000|100%|HS|  |TAMS 0x0000000084600000, 0x0000000084500000| Complete 
|  70|0x0000000084600000, 0x0000000084700000, 0x0000000084700000|100%| O|  |TAMS 0x0000000084700000, 0x0000000084600000| Untracked 
|  71|0x0000000084700000, 0x0000000084800000, 0x0000000084800000|100%| O|  |TAMS 0x0000000084800000, 0x0000000084700000| Untracked 
|  72|0x0000000084800000, 0x0000000084900000, 0x0000000084900000|100%| O|  |TAMS 0x0000000084900000, 0x0000000084800000| Untracked 
|  73|0x0000000084900000, 0x0000000084a00000, 0x0000000084a00000|100%| O|  |TAMS 0x0000000084a00000, 0x0000000084900000| Untracked 
|  74|0x0000000084a00000, 0x0000000084b00000, 0x0000000084b00000|100%| O|  |TAMS 0x0000000084b00000, 0x0000000084a00000| Untracked 
|  75|0x0000000084b00000, 0x0000000084c00000, 0x0000000084c00000|100%| O|  |TAMS 0x0000000084c00000, 0x0000000084b00000| Untracked 
|  76|0x0000000084c00000, 0x0000000084d00000, 0x0000000084d00000|100%| O|  |TAMS 0x0000000084d00000, 0x0000000084c00000| Untracked 
|  77|0x0000000084d00000, 0x0000000084e00000, 0x0000000084e00000|100%| O|  |TAMS 0x0000000084e00000, 0x0000000084d00000| Untracked 
|  78|0x0000000084e00000, 0x0000000084f00000, 0x0000000084f00000|100%| O|  |TAMS 0x0000000084f00000, 0x0000000084e00000| Untracked 
|  79|0x0000000084f00000, 0x0000000085000000, 0x0000000085000000|100%| O|  |TAMS 0x0000000085000000, 0x0000000084f00000| Untracked 
|  80|0x0000000085000000, 0x0000000085100000, 0x0000000085100000|100%| O|  |TAMS 0x0000000085013c00, 0x0000000085000000| Untracked 
|  81|0x0000000085100000, 0x0000000085200000, 0x0000000085200000|100%| O|  |TAMS 0x0000000085100000, 0x0000000085100000| Untracked 
|  82|0x0000000085200000, 0x0000000085300000, 0x0000000085300000|100%| O|  |TAMS 0x0000000085200000, 0x0000000085200000| Untracked 
|  83|0x0000000085300000, 0x0000000085400000, 0x0000000085400000|100%| O|  |TAMS 0x0000000085300000, 0x0000000085300000| Untracked 
|  84|0x0000000085400000, 0x0000000085500000, 0x0000000085500000|100%| O|  |TAMS 0x0000000085400000, 0x0000000085400000| Untracked 
|  85|0x0000000085500000, 0x0000000085600000, 0x0000000085600000|100%| O|  |TAMS 0x0000000085500000, 0x0000000085500000| Untracked 
|  86|0x0000000085600000, 0x0000000085622c00, 0x0000000085700000| 13%| O|  |TAMS 0x0000000085600000, 0x0000000085600000| Untracked 
|  87|0x0000000085700000, 0x0000000085800000, 0x0000000085800000|100%|HS|  |TAMS 0x0000000085700000, 0x0000000085700000| Complete 
|  88|0x0000000085800000, 0x0000000085800000, 0x0000000085900000|  0%| F|  |TAMS 0x0000000085800000, 0x0000000085800000| Untracked 
|  89|0x0000000085900000, 0x0000000085900000, 0x0000000085a00000|  0%| F|  |TAMS 0x0000000085900000, 0x0000000085900000| Untracked 
|  90|0x0000000085a00000, 0x0000000085a00000, 0x0000000085b00000|  0%| F|  |TAMS 0x0000000085a00000, 0x0000000085a00000| Untracked 
|  91|0x0000000085b00000, 0x0000000085b00000, 0x0000000085c00000|  0%| F|  |TAMS 0x0000000085b00000, 0x0000000085b00000| Untracked 
|  92|0x0000000085c00000, 0x0000000085c00000, 0x0000000085d00000|  0%| F|  |TAMS 0x0000000085c00000, 0x0000000085c00000| Untracked 
|  93|0x0000000085d00000, 0x0000000085d00000, 0x0000000085e00000|  0%| F|  |TAMS 0x0000000085d00000, 0x0000000085d00000| Untracked 
|  94|0x0000000085e00000, 0x0000000085e00000, 0x0000000085f00000|  0%| F|  |TAMS 0x0000000085e00000, 0x0000000085e00000| Untracked 
|  95|0x0000000085f00000, 0x0000000085f00000, 0x0000000086000000|  0%| F|  |TAMS 0x0000000085f00000, 0x0000000085f00000| Untracked 
|  96|0x0000000086000000, 0x0000000086000000, 0x0000000086100000|  0%| F|  |TAMS 0x0000000086000000, 0x0000000086000000| Untracked 
|  97|0x0000000086100000, 0x0000000086100000, 0x0000000086200000|  0%| F|  |TAMS 0x0000000086100000, 0x0000000086100000| Untracked 
|  98|0x0000000086200000, 0x0000000086200000, 0x0000000086300000|  0%| F|  |TAMS 0x0000000086200000, 0x0000000086200000| Untracked 
|  99|0x0000000086300000, 0x0000000086300000, 0x0000000086400000|  0%| F|  |TAMS 0x0000000086300000, 0x0000000086300000| Untracked 
| 100|0x0000000086400000, 0x0000000086400000, 0x0000000086500000|  0%| F|  |TAMS 0x0000000086400000, 0x0000000086400000| Untracked 
| 101|0x0000000086500000, 0x0000000086500000, 0x0000000086600000|  0%| F|  |TAMS 0x0000000086500000, 0x0000000086500000| Untracked 
| 102|0x0000000086600000, 0x0000000086600000, 0x0000000086700000|  0%| F|  |TAMS 0x0000000086600000, 0x0000000086600000| Untracked 
| 103|0x0000000086700000, 0x0000000086700000, 0x0000000086800000|  0%| F|  |TAMS 0x0000000086700000, 0x0000000086700000| Untracked 
| 104|0x0000000086800000, 0x0000000086800000, 0x0000000086900000|  0%| F|  |TAMS 0x0000000086800000, 0x0000000086800000| Untracked 
| 105|0x0000000086900000, 0x0000000086900000, 0x0000000086a00000|  0%| F|  |TAMS 0x0000000086900000, 0x0000000086900000| Untracked 
| 106|0x0000000086a00000, 0x0000000086a00000, 0x0000000086b00000|  0%| F|  |TAMS 0x0000000086a00000, 0x0000000086a00000| Untracked 
| 107|0x0000000086b00000, 0x0000000086b00000, 0x0000000086c00000|  0%| F|  |TAMS 0x0000000086b00000, 0x0000000086b00000| Untracked 
| 108|0x0000000086c00000, 0x0000000086c00000, 0x0000000086d00000|  0%| F|  |TAMS 0x0000000086c00000, 0x0000000086c00000| Untracked 
| 109|0x0000000086d00000, 0x0000000086d00000, 0x0000000086e00000|  0%| F|  |TAMS 0x0000000086d00000, 0x0000000086d00000| Untracked 
| 110|0x0000000086e00000, 0x0000000086e00000, 0x0000000086f00000|  0%| F|  |TAMS 0x0000000086e00000, 0x0000000086e00000| Untracked 
| 111|0x0000000086f00000, 0x0000000086f00000, 0x0000000087000000|  0%| F|  |TAMS 0x0000000086f00000, 0x0000000086f00000| Untracked 
| 112|0x0000000087000000, 0x0000000087000000, 0x0000000087100000|  0%| F|  |TAMS 0x0000000087000000, 0x0000000087000000| Untracked 
| 113|0x0000000087100000, 0x0000000087100000, 0x0000000087200000|  0%| F|  |TAMS 0x0000000087100000, 0x0000000087100000| Untracked 
| 114|0x0000000087200000, 0x0000000087200000, 0x0000000087300000|  0%| F|  |TAMS 0x0000000087200000, 0x0000000087200000| Untracked 
| 115|0x0000000087300000, 0x0000000087300000, 0x0000000087400000|  0%| F|  |TAMS 0x0000000087300000, 0x0000000087300000| Untracked 
| 116|0x0000000087400000, 0x0000000087400000, 0x0000000087500000|  0%| F|  |TAMS 0x0000000087400000, 0x0000000087400000| Untracked 
| 117|0x0000000087500000, 0x0000000087500000, 0x0000000087600000|  0%| F|  |TAMS 0x0000000087500000, 0x0000000087500000| Untracked 
| 118|0x0000000087600000, 0x0000000087600000, 0x0000000087700000|  0%| F|  |TAMS 0x0000000087600000, 0x0000000087600000| Untracked 
| 119|0x0000000087700000, 0x0000000087700000, 0x0000000087800000|  0%| F|  |TAMS 0x0000000087700000, 0x0000000087700000| Untracked 
| 120|0x0000000087800000, 0x0000000087800000, 0x0000000087900000|  0%| F|  |TAMS 0x0000000087800000, 0x0000000087800000| Untracked 
| 121|0x0000000087900000, 0x0000000087900000, 0x0000000087a00000|  0%| F|  |TAMS 0x0000000087900000, 0x0000000087900000| Untracked 
| 122|0x0000000087a00000, 0x0000000087a00000, 0x0000000087b00000|  0%| F|  |TAMS 0x0000000087a00000, 0x0000000087a00000| Untracked 
| 123|0x0000000087b00000, 0x0000000087b00000, 0x0000000087c00000|  0%| F|  |TAMS 0x0000000087b00000, 0x0000000087b00000| Untracked 
| 124|0x0000000087c00000, 0x0000000087c00000, 0x0000000087d00000|  0%| F|  |TAMS 0x0000000087c00000, 0x0000000087c00000| Untracked 
| 125|0x0000000087d00000, 0x0000000087d00000, 0x0000000087e00000|  0%| F|  |TAMS 0x0000000087d00000, 0x0000000087d00000| Untracked 
| 126|0x0000000087e00000, 0x0000000087e00000, 0x0000000087f00000|  0%| F|  |TAMS 0x0000000087e00000, 0x0000000087e00000| Untracked 
| 127|0x0000000087f00000, 0x0000000087f00000, 0x0000000088000000|  0%| F|  |TAMS 0x0000000087f00000, 0x0000000087f00000| Untracked 
| 128|0x0000000088000000, 0x0000000088000000, 0x0000000088100000|  0%| F|  |TAMS 0x0000000088000000, 0x0000000088000000| Untracked 
| 129|0x0000000088100000, 0x0000000088100000, 0x0000000088200000|  0%| F|  |TAMS 0x0000000088100000, 0x0000000088100000| Untracked 
| 130|0x0000000088200000, 0x0000000088200000, 0x0000000088300000|  0%| F|  |TAMS 0x0000000088200000, 0x0000000088200000| Untracked 
| 131|0x0000000088300000, 0x00000000883c3ed0, 0x0000000088400000| 76%| S|CS|TAMS 0x0000000088300000, 0x0000000088300000| Complete 
| 132|0x0000000088400000, 0x0000000088500000, 0x0000000088500000|100%| S|CS|TAMS 0x0000000088400000, 0x0000000088400000| Complete 
| 133|0x0000000088500000, 0x0000000088500000, 0x0000000088600000|  0%| F|  |TAMS 0x0000000088500000, 0x0000000088500000| Untracked 
| 134|0x0000000088600000, 0x0000000088600000, 0x0000000088700000|  0%| F|  |TAMS 0x0000000088600000, 0x0000000088600000| Untracked 
| 135|0x0000000088700000, 0x0000000088700000, 0x0000000088800000|  0%| F|  |TAMS 0x0000000088700000, 0x0000000088700000| Untracked 
| 136|0x0000000088800000, 0x0000000088800000, 0x0000000088900000|  0%| F|  |TAMS 0x0000000088800000, 0x0000000088800000| Untracked 
| 137|0x0000000088900000, 0x0000000088900000, 0x0000000088a00000|  0%| F|  |TAMS 0x0000000088900000, 0x0000000088900000| Untracked 
| 138|0x0000000088a00000, 0x0000000088a00000, 0x0000000088b00000|  0%| F|  |TAMS 0x0000000088a00000, 0x0000000088a00000| Untracked 
| 139|0x0000000088b00000, 0x0000000088c00000, 0x0000000088c00000|100%| E|  |TAMS 0x0000000088b00000, 0x0000000088b00000| Complete 
| 140|0x0000000088c00000, 0x0000000088d00000, 0x0000000088d00000|100%| E|CS|TAMS 0x0000000088c00000, 0x0000000088c00000| Complete 
| 141|0x0000000088d00000, 0x0000000088e00000, 0x0000000088e00000|100%| E|CS|TAMS 0x0000000088d00000, 0x0000000088d00000| Complete 
| 142|0x0000000088e00000, 0x0000000088f00000, 0x0000000088f00000|100%| E|CS|TAMS 0x0000000088e00000, 0x0000000088e00000| Complete 
| 143|0x0000000088f00000, 0x0000000089000000, 0x0000000089000000|100%| E|CS|TAMS 0x0000000088f00000, 0x0000000088f00000| Complete 
| 144|0x0000000089000000, 0x0000000089100000, 0x0000000089100000|100%| E|CS|TAMS 0x0000000089000000, 0x0000000089000000| Complete 
| 145|0x0000000089100000, 0x0000000089200000, 0x0000000089200000|100%| E|CS|TAMS 0x0000000089100000, 0x0000000089100000| Complete 
| 146|0x0000000089200000, 0x0000000089300000, 0x0000000089300000|100%| E|CS|TAMS 0x0000000089200000, 0x0000000089200000| Complete 
| 147|0x0000000089300000, 0x0000000089400000, 0x0000000089400000|100%| E|CS|TAMS 0x0000000089300000, 0x0000000089300000| Complete 
| 148|0x0000000089400000, 0x0000000089500000, 0x0000000089500000|100%| E|CS|TAMS 0x0000000089400000, 0x0000000089400000| Complete 
| 149|0x0000000089500000, 0x0000000089600000, 0x0000000089600000|100%| E|CS|TAMS 0x0000000089500000, 0x0000000089500000| Complete 
| 150|0x0000000089600000, 0x0000000089700000, 0x0000000089700000|100%| E|CS|TAMS 0x0000000089600000, 0x0000000089600000| Complete 
| 151|0x0000000089700000, 0x0000000089800000, 0x0000000089800000|100%| E|CS|TAMS 0x0000000089700000, 0x0000000089700000| Complete 
| 152|0x0000000089800000, 0x0000000089900000, 0x0000000089900000|100%| E|CS|TAMS 0x0000000089800000, 0x0000000089800000| Complete 
| 153|0x0000000089900000, 0x0000000089a00000, 0x0000000089a00000|100%| E|CS|TAMS 0x0000000089900000, 0x0000000089900000| Complete 
| 154|0x0000000089a00000, 0x0000000089b00000, 0x0000000089b00000|100%| E|CS|TAMS 0x0000000089a00000, 0x0000000089a00000| Complete 
| 155|0x0000000089b00000, 0x0000000089c00000, 0x0000000089c00000|100%| E|CS|TAMS 0x0000000089b00000, 0x0000000089b00000| Complete 
| 156|0x0000000089c00000, 0x0000000089d00000, 0x0000000089d00000|100%| E|CS|TAMS 0x0000000089c00000, 0x0000000089c00000| Complete 
| 157|0x0000000089d00000, 0x0000000089e00000, 0x0000000089e00000|100%| E|CS|TAMS 0x0000000089d00000, 0x0000000089d00000| Complete 
| 158|0x0000000089e00000, 0x0000000089f00000, 0x0000000089f00000|100%| E|CS|TAMS 0x0000000089e00000, 0x0000000089e00000| Complete 
| 159|0x0000000089f00000, 0x000000008a000000, 0x000000008a000000|100%| E|CS|TAMS 0x0000000089f00000, 0x0000000089f00000| Complete 

Card table byte_map: [0x0000025c2a560000,0x0000025c2a960000] _byte_map_base: 0x0000025c2a160000

Marking Bits (Prev, Next): (CMBitMap*) 0x0000025c1330bc80, (CMBitMap*) 0x0000025c1330bc40
 Prev Bits: [0x0000025c2cd60000, 0x0000025c2ed60000)
 Next Bits: [0x0000025c2ad60000, 0x0000025c2cd60000)

Polling page: 0x0000025c11270000

Metaspace:

Usage:
  Non-class:     66.81 MB used.
      Class:     10.70 MB used.
       Both:     77.51 MB used.

Virtual space:
  Non-class space:      128.00 MB reserved,      67.19 MB ( 52%) committed,  2 nodes.
      Class space:        1.00 GB reserved,      11.00 MB (  1%) committed,  1 nodes.
             Both:        1.12 GB reserved,      78.19 MB (  7%) committed. 

Chunk freelists:
   Non-Class:  11.91 MB
       Class:  5.03 MB
        Both:  16.94 MB

MaxMetaspaceSize: unlimited
CompressedClassSpaceSize: 1.00 GB
Initial GC threshold: 21.00 MB
Current GC threshold: 128.25 MB
CDS: on
MetaspaceReclaimPolicy: balanced
 - commit_granule_bytes: 65536.
 - commit_granule_words: 8192.
 - virtual_space_node_default_size: 8388608.
 - enlarge_chunks_in_place: 1.
 - new_chunks_are_fully_committed: 0.
 - uncommit_free_chunks: 1.
 - use_allocation_guard: 0.
 - handle_deallocations: 1.


Internal statistics:

num_allocs_failed_limit: 6.
num_arena_births: 808.
num_arena_deaths: 0.
num_vsnodes_births: 3.
num_vsnodes_deaths: 0.
num_space_committed: 1251.
num_space_uncommitted: 0.
num_chunks_returned_to_freelist: 6.
num_chunks_taken_from_freelist: 4056.
num_chunk_merges: 6.
num_chunk_splits: 2713.
num_chunks_enlarged: 1843.
num_inconsistent_stats: 0.

CodeHeap 'non-profiled nmethods': size=120000Kb used=5195Kb max_used=5195Kb free=114804Kb
 bounds [0x0000025c22900000, 0x0000025c22e20000, 0x0000025c29e30000]
CodeHeap 'profiled nmethods': size=120000Kb used=17626Kb max_used=17626Kb free=102373Kb
 bounds [0x0000025c1ae30000, 0x0000025c1bf70000, 0x0000025c22360000]
CodeHeap 'non-nmethods': size=5760Kb used=2390Kb max_used=2438Kb free=3369Kb
 bounds [0x0000025c22360000, 0x0000025c225d0000, 0x0000025c22900000]
 total_blobs=9868 nmethods=8948 adapters=830
 compilation: enabled
              stopped_count=0, restarted_count=0
 full_count=0

Compilation events (20 events):
Event: 17.986 Thread 0x0000025c3176d4d0 nmethod 9765 0x0000025c22e0f190 code [0x0000025c22e0f300, 0x0000025c22e0f378]
Event: 17.993 Thread 0x0000025c3176d4d0 9803       4       com.google.common.collect.ImmutableSet$RegularSetBuilderImpl::add (68 bytes)
Event: 18.019 Thread 0x0000025c31778390 9807       3       org.gradle.internal.ImmutableActionSet::fromActions (63 bytes)
Event: 18.020 Thread 0x0000025c31778390 nmethod 9807 0x0000025c1bf61190 code [0x0000025c1bf61460, 0x0000025c1bf62608]
Event: 18.024 Thread 0x0000025c31778390 9808       3       org.gradle.api.internal.DefaultNamedDomainObjectCollection$AbstractDomainObjectCreatingProvider::getType (5 bytes)
Event: 18.024 Thread 0x0000025c31778390 nmethod 9808 0x0000025c1bf62a10 code [0x0000025c1bf62ba0, 0x0000025c1bf62cb8]
Event: 18.040 Thread 0x0000025c31778390 9812       3       org.gradle.api.internal.project.DefaultProject::getGradle (15 bytes)
Event: 18.040 Thread 0x0000025c31778390 nmethod 9812 0x0000025c1bf62d90 code [0x0000025c1bf62f60, 0x0000025c1bf634c8]
Event: 18.040 Thread 0x0000025c31778390 9813       3       org.gradle.api.internal.project.DefaultCrossProjectModelAccess::gradleInstanceForProject (2 bytes)
Event: 18.040 Thread 0x0000025c31778390 nmethod 9813 0x0000025c1bf63690 code [0x0000025c1bf63820, 0x0000025c1bf63938]
Event: 18.057 Thread 0x0000025c31778390 9814       3       org.gradle.api.internal.file.DefaultFilePropertyFactory$AbstractFileVar::<init> (7 bytes)
Event: 18.058 Thread 0x0000025c31778390 nmethod 9814 0x0000025c1bf63a10 code [0x0000025c1bf63ca0, 0x0000025c1bf64be8]
Event: 18.068 Thread 0x0000025c31778390 9815       3       org.apache.commons.lang.text.StrBuilder::<init> (19 bytes)
Event: 18.068 Thread 0x0000025c31778390 nmethod 9815 0x0000025c1bf65090 code [0x0000025c1bf65240, 0x0000025c1bf654d8]
Event: 18.068 Thread 0x0000025c31778390 9816       3       org.apache.commons.lang.text.StrBuilder::toString (17 bytes)
Event: 18.068 Thread 0x0000025c31778390 nmethod 9816 0x0000025c1bf65590 code [0x0000025c1bf65740, 0x0000025c1bf658e8]
Event: 18.068 Thread 0x0000025c31778390 9817       3       org.gradle.tooling.internal.provider.runner.TaskOriginTracker$$Lambda$942/0x0000025c3366c698::apply (16 bytes)
Event: 18.068 Thread 0x0000025c31778390 nmethod 9817 0x0000025c1bf65990 code [0x0000025c1bf65b60, 0x0000025c1bf65ee8]
Event: 18.072 Thread 0x0000025c31778390 9818       1       com.android.build.api.artifact.impl.TypedStorageProvider::access$getPropertyAllocator$p (5 bytes)
Event: 18.072 Thread 0x0000025c31778390 nmethod 9818 0x0000025c22e0f490 code [0x0000025c22e0f620, 0x0000025c22e0f6d8]

GC Heap History (20 events):
Event: 14.894 GC heap before
{Heap before GC invocations=38 (full 0):
 garbage-first heap   total 125952K, used 97400K [0x0000000080000000, 0x0000000100000000)
  region size 1024K, 29 young (29696K), 2 survivors (2048K)
 Metaspace       used 60820K, committed 61440K, reserved 1114112K
  class space    used 8507K, committed 8768K, reserved 1048576K
}
Event: 14.896 GC heap after
{Heap after GC invocations=39 (full 0):
 garbage-first heap   total 125952K, used 70671K [0x0000000080000000, 0x0000000100000000)
  region size 1024K, 3 young (3072K), 3 survivors (3072K)
 Metaspace       used 60820K, committed 61440K, reserved 1114112K
  class space    used 8507K, committed 8768K, reserved 1048576K
}
Event: 15.220 GC heap before
{Heap before GC invocations=39 (full 0):
 garbage-first heap   total 125952K, used 97295K [0x0000000080000000, 0x0000000100000000)
  region size 1024K, 30 young (30720K), 3 survivors (3072K)
 Metaspace       used 62416K, committed 63040K, reserved 1114112K
  class space    used 8749K, committed 9024K, reserved 1048576K
}
Event: 15.223 GC heap after
{Heap after GC invocations=40 (full 0):
 garbage-first heap   total 125952K, used 72236K [0x0000000080000000, 0x0000000100000000)
  region size 1024K, 4 young (4096K), 4 survivors (4096K)
 Metaspace       used 62416K, committed 63040K, reserved 1114112K
  class space    used 8749K, committed 9024K, reserved 1048576K
}
Event: 15.373 GC heap before
{Heap before GC invocations=41 (full 0):
 garbage-first heap   total 128000K, used 79404K [0x0000000080000000, 0x0000000100000000)
  region size 1024K, 12 young (12288K), 4 survivors (4096K)
 Metaspace       used 62882K, committed 63552K, reserved 1114112K
  class space    used 8822K, committed 9152K, reserved 1048576K
}
Event: 15.376 GC heap after
{Heap after GC invocations=42 (full 0):
 garbage-first heap   total 128000K, used 72847K [0x0000000080000000, 0x0000000100000000)
  region size 1024K, 3 young (3072K), 3 survivors (3072K)
 Metaspace       used 62882K, committed 63552K, reserved 1114112K
  class space    used 8822K, committed 9152K, reserved 1048576K
}
Event: 15.680 GC heap before
{Heap before GC invocations=43 (full 0):
 garbage-first heap   total 130048K, used 104591K [0x0000000080000000, 0x0000000100000000)
  region size 1024K, 33 young (33792K), 3 survivors (3072K)
 Metaspace       used 65338K, committed 65984K, reserved 1114112K
  class space    used 9150K, committed 9472K, reserved 1048576K
}
Event: 15.682 GC heap after
{Heap after GC invocations=44 (full 0):
 garbage-first heap   total 130048K, used 75911K [0x0000000080000000, 0x0000000100000000)
  region size 1024K, 5 young (5120K), 5 survivors (5120K)
 Metaspace       used 65338K, committed 65984K, reserved 1114112K
  class space    used 9150K, committed 9472K, reserved 1048576K
}
Event: 15.988 GC heap before
{Heap before GC invocations=44 (full 0):
 garbage-first heap   total 130048K, used 105607K [0x0000000080000000, 0x0000000100000000)
  region size 1024K, 34 young (34816K), 5 survivors (5120K)
 Metaspace       used 68358K, committed 68928K, reserved 1114112K
  class space    used 9440K, committed 9728K, reserved 1048576K
}
Event: 15.992 GC heap after
{Heap after GC invocations=45 (full 0):
 garbage-first heap   total 130048K, used 76906K [0x0000000080000000, 0x0000000100000000)
  region size 1024K, 4 young (4096K), 4 survivors (4096K)
 Metaspace       used 68358K, committed 68928K, reserved 1114112K
  class space    used 9440K, committed 9728K, reserved 1048576K
}
Event: 16.299 GC heap before
{Heap before GC invocations=46 (full 0):
 garbage-first heap   total 135168K, used 93290K [0x0000000080000000, 0x0000000100000000)
  region size 1024K, 21 young (21504K), 4 survivors (4096K)
 Metaspace       used 70612K, committed 71296K, reserved 1114112K
  class space    used 9710K, committed 9984K, reserved 1048576K
}
Event: 16.301 GC heap after
{Heap after GC invocations=47 (full 0):
 garbage-first heap   total 135168K, used 78393K [0x0000000080000000, 0x0000000100000000)
  region size 1024K, 3 young (3072K), 3 survivors (3072K)
 Metaspace       used 70612K, committed 71296K, reserved 1114112K
  class space    used 9710K, committed 9984K, reserved 1048576K
}
Event: 16.648 GC heap before
{Heap before GC invocations=48 (full 0):
 garbage-first heap   total 163840K, used 116281K [0x0000000080000000, 0x0000000100000000)
  region size 1024K, 34 young (34816K), 3 survivors (3072K)
 Metaspace       used 72149K, committed 72832K, reserved 1114112K
  class space    used 9916K, committed 10240K, reserved 1048576K
}
Event: 16.651 GC heap after
{Heap after GC invocations=49 (full 0):
 garbage-first heap   total 163840K, used 81396K [0x0000000080000000, 0x0000000100000000)
  region size 1024K, 5 young (5120K), 5 survivors (5120K)
 Metaspace       used 72149K, committed 72832K, reserved 1114112K
  class space    used 9916K, committed 10240K, reserved 1048576K
}
Event: 17.147 GC heap before
{Heap before GC invocations=49 (full 0):
 garbage-first heap   total 163840K, used 125428K [0x0000000080000000, 0x0000000100000000)
  region size 1024K, 48 young (49152K), 5 survivors (5120K)
 Metaspace       used 74886K, committed 75584K, reserved 1114112K
  class space    used 10288K, committed 10624K, reserved 1048576K
}
Event: 17.152 GC heap after
{Heap after GC invocations=50 (full 0):
 garbage-first heap   total 163840K, used 84908K [0x0000000080000000, 0x0000000100000000)
  region size 1024K, 4 young (4096K), 4 survivors (4096K)
 Metaspace       used 74886K, committed 75584K, reserved 1114112K
  class space    used 10288K, committed 10624K, reserved 1048576K
}
Event: 17.536 GC heap before
{Heap before GC invocations=51 (full 0):
 garbage-first heap   total 163840K, used 127916K [0x0000000080000000, 0x0000000100000000)
  region size 1024K, 46 young (47104K), 4 survivors (4096K)
 Metaspace       used 75759K, committed 76416K, reserved 1179648K
  class space    used 10394K, committed 10688K, reserved 1048576K
}
Event: 17.540 GC heap after
{Heap after GC invocations=52 (full 0):
 garbage-first heap   total 163840K, used 88060K [0x0000000080000000, 0x0000000100000000)
  region size 1024K, 6 young (6144K), 6 survivors (6144K)
 Metaspace       used 75759K, committed 76416K, reserved 1179648K
  class space    used 10394K, committed 10688K, reserved 1048576K
}
Event: 17.802 GC heap before
{Heap before GC invocations=52 (full 0):
 garbage-first heap   total 163840K, used 114684K [0x0000000080000000, 0x0000000100000000)
  region size 1024K, 33 young (33792K), 6 survivors (6144K)
 Metaspace       used 77813K, committed 78400K, reserved 1179648K
  class space    used 10673K, committed 10944K, reserved 1048576K
}
Event: 17.807 GC heap after
{Heap after GC invocations=53 (full 0):
 garbage-first heap   total 163840K, used 89927K [0x0000000080000000, 0x0000000100000000)
  region size 1024K, 2 young (2048K), 2 survivors (2048K)
 Metaspace       used 77813K, committed 78400K, reserved 1179648K
  class space    used 10673K, committed 10944K, reserved 1048576K
}

Dll operation events (15 events):
Event: 0.025 Loaded shared library C:\Users\Lenovo\.jdks\corretto-17.0.18\bin\java.dll
Event: 0.043 Loaded shared library C:\Users\Lenovo\.jdks\corretto-17.0.18\bin\jsvml.dll
Event: 0.097 Loaded shared library C:\Users\Lenovo\.jdks\corretto-17.0.18\bin\zip.dll
Event: 0.101 Loaded shared library C:\Users\Lenovo\.jdks\corretto-17.0.18\bin\instrument.dll
Event: 0.107 Loaded shared library C:\Users\Lenovo\.jdks\corretto-17.0.18\bin\net.dll
Event: 0.109 Loaded shared library C:\Users\Lenovo\.jdks\corretto-17.0.18\bin\nio.dll
Event: 0.112 Loaded shared library C:\Users\Lenovo\.jdks\corretto-17.0.18\bin\zip.dll
Event: 0.409 Loaded shared library C:\Users\Lenovo\.jdks\corretto-17.0.18\bin\jimage.dll
Event: 0.607 Loaded shared library C:\Users\Lenovo\.jdks\corretto-17.0.18\bin\verify.dll
Event: 0.793 Loaded shared library C:\Users\Lenovo\.gradle\native\c067742578af261105cb4f569cf0c3c89f3d7b1fecec35dd04571415982c5e48\windows-amd64\native-platform.dll
Event: 0.806 Loaded shared library C:\Users\Lenovo\.gradle\native\100fb08df4bc3b14c8652ba06237920a3bd2aa13389f12d3474272988ae205f9\windows-amd64\native-platform-file-events.dll
Event: 2.340 Loaded shared library C:\Users\Lenovo\.jdks\corretto-17.0.18\bin\management.dll
Event: 2.345 Loaded shared library C:\Users\Lenovo\.jdks\corretto-17.0.18\bin\management_ext.dll
Event: 2.676 Loaded shared library C:\Users\Lenovo\.jdks\corretto-17.0.18\bin\extnet.dll
Event: 2.987 Loaded shared library C:\Users\Lenovo\.jdks\corretto-17.0.18\bin\sunmscapi.dll

Deoptimization events (20 events):
Event: 17.867 Thread 0x0000025c31b38850 Uncommon trap: trap_request=0xffffff45 fr.pc=0x0000025c22b7e5e4 relative=0x00000000000002c4
Event: 17.867 Thread 0x0000025c31b38850 Uncommon trap: reason=unstable_if action=reinterpret pc=0x0000025c22b7e5e4 method=java.lang.String.indexOf([BBILjava/lang/String;I)I @ 21 c2
Event: 17.867 Thread 0x0000025c31b38850 DEOPT PACKING pc=0x0000025c22b7e5e4 sp=0x000000e78bbf7590
Event: 17.867 Thread 0x0000025c31b38850 DEOPT UNPACKING pc=0x0000025c223b69a3 sp=0x000000e78bbf7488 mode 2
Event: 17.884 Thread 0x0000025c31b38850 Uncommon trap: trap_request=0xffffff45 fr.pc=0x0000025c22a08554 relative=0x0000000000000514
Event: 17.884 Thread 0x0000025c31b38850 Uncommon trap: reason=unstable_if action=reinterpret pc=0x0000025c22a08554 method=java.lang.AbstractStringBuilder.appendChars(Ljava/lang/String;II)V @ 11 c2
Event: 17.884 Thread 0x0000025c31b38850 DEOPT PACKING pc=0x0000025c22a08554 sp=0x000000e78bbf73d0
Event: 17.884 Thread 0x0000025c31b38850 DEOPT UNPACKING pc=0x0000025c223b69a3 sp=0x000000e78bbf7300 mode 2
Event: 17.885 Thread 0x0000025c31b38850 Uncommon trap: trap_request=0xffffff45 fr.pc=0x0000025c2294c228 relative=0x0000000000000488
Event: 17.885 Thread 0x0000025c31b38850 Uncommon trap: reason=unstable_if action=reinterpret pc=0x0000025c2294c228 method=java.lang.AbstractStringBuilder.putStringAt(ILjava/lang/String;II)V @ 8 c2
Event: 17.885 Thread 0x0000025c31b38850 DEOPT PACKING pc=0x0000025c2294c228 sp=0x000000e78bbf7420
Event: 17.885 Thread 0x0000025c31b38850 DEOPT UNPACKING pc=0x0000025c223b69a3 sp=0x000000e78bbf7300 mode 2
Event: 17.885 Thread 0x0000025c31b38850 Uncommon trap: trap_request=0xffffff45 fr.pc=0x0000025c22961dcc relative=0x000000000000012c
Event: 17.885 Thread 0x0000025c31b38850 Uncommon trap: reason=unstable_if action=reinterpret pc=0x0000025c22961dcc method=java.lang.AbstractStringBuilder.putStringAt(ILjava/lang/String;II)V @ 8 c2
Event: 17.885 Thread 0x0000025c31b38850 DEOPT PACKING pc=0x0000025c22961dcc sp=0x000000e78bbf73a0
Event: 17.885 Thread 0x0000025c31b38850 DEOPT UNPACKING pc=0x0000025c223b69a3 sp=0x000000e78bbf72e8 mode 2
Event: 17.885 Thread 0x0000025c31b38850 Uncommon trap: trap_request=0xffffff45 fr.pc=0x0000025c229622d8 relative=0x0000000000000138
Event: 17.885 Thread 0x0000025c31b38850 Uncommon trap: reason=unstable_if action=reinterpret pc=0x0000025c229622d8 method=java.lang.AbstractStringBuilder.putStringAt(ILjava/lang/String;II)V @ 8 c2
Event: 17.885 Thread 0x0000025c31b38850 DEOPT PACKING pc=0x0000025c229622d8 sp=0x000000e78bbf7320
Event: 17.885 Thread 0x0000025c31b38850 DEOPT UNPACKING pc=0x0000025c223b69a3 sp=0x000000e78bbf72e8 mode 2

Classes loaded (20 events):
Event: 16.841 Loading class javax/xml/stream/XMLStreamException
Event: 16.841 Loading class javax/xml/stream/XMLStreamException done
Event: 16.870 Loading class sun/reflect/annotation/AnnotationInvocationHandler$1
Event: 16.870 Loading class sun/reflect/annotation/AnnotationInvocationHandler$1 done
Event: 17.233 Loading class java/beans/IntrospectionException
Event: 17.233 Loading class java/beans/IntrospectionException done
Event: 17.269 Loading class java/util/AbstractSetBeanInfo
Event: 17.269 Loading class java/util/AbstractSetBeanInfo done
Event: 17.269 Loading class java/util/AbstractSetBeanInfo
Event: 17.269 Loading class java/util/AbstractSetBeanInfo done
Event: 17.269 Loading class java/util/AbstractSetCustomizer
Event: 17.269 Loading class java/util/AbstractSetCustomizer done
Event: 17.269 Loading class java/util/AbstractSetCustomizer
Event: 17.269 Loading class java/util/AbstractSetCustomizer done
Event: 17.814 Loading class sun/reflect/generics/repository/FieldRepository
Event: 17.814 Loading class sun/reflect/generics/repository/FieldRepository done
Event: 17.823 Loading class jdk/internal/vm/annotation/ForceInline
Event: 17.823 Loading class jdk/internal/vm/annotation/ForceInline done
Event: 17.885 Loading class java/util/regex/Pattern$Caret
Event: 17.885 Loading class java/util/regex/Pattern$Caret done

Classes unloaded (0 events):
No events

Classes redefined (0 events):
No events

Internal exceptions (20 events):
Event: 17.355 Thread 0x0000025c31b38850 Exception <a 'java/lang/ClassNotFoundException'{0x00000000881d49d8}: com/android/build/gradle/internal/CompileOptionsCustomizer> (0x00000000881d49d8) 
thrown [s\src\hotspot\share\classfile\systemDictionary.cpp, line 256]
Event: 17.355 Thread 0x0000025c31b38850 Exception <a 'java/lang/ClassNotFoundException'{0x00000000881ec650}: com/android/build/gradle/internal/CompileOptions$AgpDecoratedCustomizer> (0x00000000881ec650) 
thrown [s\src\hotspot\share\classfile\systemDictionary.cpp, line 256]
Event: 17.356 Thread 0x0000025c31b38850 Exception <a 'java/lang/ClassNotFoundException'{0x00000000881fc588}: com/android/build/gradle/internal/CompileOptions$AgpDecorated_DecoratedCustomizer> (0x00000000881fc588) 
thrown [s\src\hotspot\share\classfile\systemDictionary.cpp, line 256]
Event: 17.372 Thread 0x0000025c31b38850 Exception <a 'java/lang/ClassNotFoundException'{0x000000008807dae8}: com/android/build/gradle/internal/dsl/ApplicationBuildFeaturesImpl_DecoratedBeanInfo> (0x000000008807dae8) 
thrown [s\src\hotspot\share\classfile\systemDictionary.cpp, line 256]
Event: 17.373 Thread 0x0000025c31b38850 Exception <a 'java/lang/ClassNotFoundException'{0x000000008808a5d0}: com/android/build/gradle/internal/dsl/ApplicationBuildFeaturesImplBeanInfo> (0x000000008808a5d0) 
thrown [s\src\hotspot\share\classfile\systemDictionary.cpp, line 256]
Event: 17.373 Thread 0x0000025c31b38850 Exception <a 'java/lang/ClassNotFoundException'{0x0000000088096c78}: com/android/build/gradle/internal/dsl/BuildFeaturesImplBeanInfo> (0x0000000088096c78) 
thrown [s\src\hotspot\share\classfile\systemDictionary.cpp, line 256]
Event: 17.373 Thread 0x0000025c31b38850 Exception <a 'java/lang/ClassNotFoundException'{0x00000000880a3340}: com/android/build/gradle/internal/dsl/BuildFeaturesImplCustomizer> (0x00000000880a3340) 
thrown [s\src\hotspot\share\classfile\systemDictionary.cpp, line 256]
Event: 17.374 Thread 0x0000025c31b38850 Exception <a 'java/lang/ClassNotFoundException'{0x00000000880bbc50}: com/android/build/gradle/internal/dsl/ApplicationBuildFeaturesImplCustomizer> (0x00000000880bbc50) 
thrown [s\src\hotspot\share\classfile\systemDictionary.cpp, line 256]
Event: 17.374 Thread 0x0000025c31b38850 Exception <a 'java/lang/ClassNotFoundException'{0x00000000880cf3b8}: com/android/build/gradle/internal/dsl/ApplicationBuildFeaturesImpl_DecoratedCustomizer> (0x00000000880cf3b8) 
thrown [s\src\hotspot\share\classfile\systemDictionary.cpp, line 256]
Event: 17.383 Thread 0x0000025c31b38850 Exception <a 'java/lang/ClassNotFoundException'{0x0000000087fa3e48}: com/android/build/gradle/internal/dsl/ApplicationAndroidResourcesImpl$AgpDecorated_DecoratedBeanInfo> (0x0000000087fa3e48) 
thrown [s\src\hotspot\share\classfile\systemDictionary.cpp, line 256]
Event: 17.383 Thread 0x0000025c31b38850 Exception <a 'java/lang/ClassNotFoundException'{0x0000000087fb0858}: com/android/build/gradle/internal/dsl/ApplicationAndroidResourcesImpl$AgpDecoratedBeanInfo> (0x0000000087fb0858) 
thrown [s\src\hotspot\share\classfile\systemDictionary.cpp, line 256]
Event: 17.384 Thread 0x0000025c31b38850 Exception <a 'java/lang/ClassNotFoundException'{0x0000000087fbd080}: com/android/build/gradle/internal/dsl/ApplicationAndroidResourcesImplBeanInfo> (0x0000000087fbd080) 
thrown [s\src\hotspot\share\classfile\systemDictionary.cpp, line 256]
Event: 17.384 Thread 0x0000025c31b38850 Exception <a 'java/lang/ClassNotFoundException'{0x0000000087fc9678}: com/android/build/gradle/internal/dsl/AaptOptionsBeanInfo> (0x0000000087fc9678) 
thrown [s\src\hotspot\share\classfile\systemDictionary.cpp, line 256]
Event: 17.384 Thread 0x0000025c31b38850 Exception <a 'java/lang/ClassNotFoundException'{0x0000000087fd5c48}: com/android/build/gradle/internal/dsl/AaptOptionsCustomizer> (0x0000000087fd5c48) 
thrown [s\src\hotspot\share\classfile\systemDictionary.cpp, line 256]
Event: 17.385 Thread 0x0000025c31b38850 Exception <a 'java/lang/ClassNotFoundException'{0x0000000087ffa458}: com/android/build/gradle/internal/dsl/ApplicationAndroidResourcesImplCustomizer> (0x0000000087ffa458) 
thrown [s\src\hotspot\share\classfile\systemDictionary.cpp, line 256]
Event: 17.385 Thread 0x0000025c31b38850 Exception <a 'java/lang/ClassNotFoundException'{0x0000000087e0db30}: com/android/build/gradle/internal/dsl/ApplicationAndroidResourcesImpl$AgpDecoratedCustomizer> (0x0000000087e0db30) 
thrown [s\src\hotspot\share\classfile\systemDictionary.cpp, line 256]
Event: 17.386 Thread 0x0000025c31b38850 Exception <a 'java/lang/ClassNotFoundException'{0x0000000087e37240}: com/android/build/gradle/internal/dsl/ApplicationAndroidResourcesImpl$AgpDecorated_DecoratedCustomizer> (0x0000000087e37240) 
thrown [s\src\hotspot\share\classfile\systemDictionary.cpp, line 256]
Event: 17.402 Thread 0x0000025c31b38850 Exception <a 'java/lang/ClassNotFoundException'{0x0000000087ec0708}: org/jetbrains/kotlin/gradle/plugin/KotlinAndroidPlugin$apply$1$kotlinOptions$1BeanInfo> (0x0000000087ec0708) 
thrown [s\src\hotspot\share\classfile\systemDictionary.cpp, line 256]
Event: 17.402 Thread 0x0000025c31b38850 Exception <a 'java/lang/ClassNotFoundException'{0x0000000087ecbe08}: org/jetbrains/kotlin/gradle/plugin/KotlinAndroidPlugin$apply$1$kotlinOptions$1Customizer> (0x0000000087ecbe08) 
thrown [s\src\hotspot\share\classfile\systemDictionary.cpp, line 256]
Event: 17.441 Thread 0x0000025c31b38850 Exception <a 'java/lang/NoSuchMethodError'{0x0000000087de8c88}: 'int java.lang.invoke.DirectMethodHandle$Holder.invokeSpecialIFC(java.lang.Object, java.lang.Object, java.lang.Object, java.lang.Object, java.lang.Object)'> (0x0000000087de8c88) 
thrown [s\src\hotspot\share\interpreter\linkResolver.cpp, line 759]

VM Operations (20 events):
Event: 16.648 Executing VM operation: G1CollectForAllocation
Event: 16.651 Executing VM operation: G1CollectForAllocation done
Event: 17.147 Executing VM operation: G1CollectForAllocation
Event: 17.152 Executing VM operation: G1CollectForAllocation done
Event: 17.197 Executing VM operation: G1PauseRemark
Event: 17.200 Executing VM operation: G1PauseRemark done
Event: 17.219 Executing VM operation: G1PauseCleanup
Event: 17.219 Executing VM operation: G1PauseCleanup done
Event: 17.490 Executing VM operation: HandshakeAllThreads
Event: 17.490 Executing VM operation: HandshakeAllThreads done
Event: 17.536 Executing VM operation: G1CollectForAllocation
Event: 17.540 Executing VM operation: G1CollectForAllocation done
Event: 17.583 Executing VM operation: HandshakeAllThreads
Event: 17.583 Executing VM operation: HandshakeAllThreads done
Event: 17.802 Executing VM operation: G1TryInitiateConcMark
Event: 17.807 Executing VM operation: G1TryInitiateConcMark done
Event: 17.855 Executing VM operation: G1PauseRemark
Event: 17.859 Executing VM operation: G1PauseRemark done
Event: 17.882 Executing VM operation: G1PauseCleanup
Event: 17.882 Executing VM operation: G1PauseCleanup done

Memory protections (0 events):
No events

Nmethod flushes (20 events):
Event: 9.219 Thread 0x0000025c31783c50 flushing  nmethod 0x0000025c1b719a90
Event: 9.219 Thread 0x0000025c31783c50 flushing  nmethod 0x0000025c1b71be90
Event: 9.219 Thread 0x0000025c31783c50 flushing  nmethod 0x0000025c1b71eb10
Event: 9.219 Thread 0x0000025c31783c50 flushing  nmethod 0x0000025c1b721510
Event: 9.219 Thread 0x0000025c31783c50 flushing  nmethod 0x0000025c1b728d90
Event: 9.219 Thread 0x0000025c31783c50 flushing  nmethod 0x0000025c1b72df10
Event: 9.219 Thread 0x0000025c31783c50 flushing  nmethod 0x0000025c1b72f990
Event: 9.219 Thread 0x0000025c31783c50 flushing  nmethod 0x0000025c1b73c390
Event: 9.219 Thread 0x0000025c31783c50 flushing  nmethod 0x0000025c1b79fe90
Event: 9.219 Thread 0x0000025c31783c50 flushing  nmethod 0x0000025c1b7ec110
Event: 9.220 Thread 0x0000025c31783c50 flushing  nmethod 0x0000025c1b805510
Event: 9.220 Thread 0x0000025c31783c50 flushing  nmethod 0x0000025c1b82ad90
Event: 9.220 Thread 0x0000025c31783c50 flushing  nmethod 0x0000025c1b843c10
Event: 9.220 Thread 0x0000025c31783c50 flushing  nmethod 0x0000025c1b91a490
Event: 9.220 Thread 0x0000025c31783c50 flushing  nmethod 0x0000025c1b91ac90
Event: 9.220 Thread 0x0000025c31783c50 flushing  nmethod 0x0000025c1b91b810
Event: 9.220 Thread 0x0000025c31783c50 flushing  nmethod 0x0000025c1b91c710
Event: 9.220 Thread 0x0000025c31783c50 flushing  nmethod 0x0000025c1b921010
Event: 14.576 Thread 0x0000025c31783c50 flushing  nmethod 0x0000025c1b1c7a90
Event: 14.576 Thread 0x0000025c31783c50 flushing  nmethod 0x0000025c1b1c9710

Events (20 events):
Event: 10.255 Thread 0x0000025c31b38850 Thread added: 0x0000025c7a3e96a0
Event: 10.328 Thread 0x0000025c3176d4d0 Thread added: 0x0000025c78d31020
Event: 10.449 Thread 0x0000025c31b38850 Thread added: 0x0000025c7a3eb500
Event: 10.450 Thread 0x0000025c31b38850 Thread added: 0x0000025c7a3e8c80
Event: 10.451 Thread 0x0000025c31b38850 Thread added: 0x0000025c7a3e5ef0
Event: 10.453 Thread 0x0000025c31b38850 Thread added: 0x0000025c7a3e9bb0
Event: 10.454 Thread 0x0000025c31b38850 Thread added: 0x0000025c7a3e7d50
Event: 10.456 Thread 0x0000025c31b38850 Thread added: 0x0000025c7a3e4fc0
Event: 10.457 Thread 0x0000025c31b38850 Thread added: 0x0000025c7a3e54d0
Event: 10.960 Thread 0x0000025c31b38850 Thread added: 0x0000025c7a3e6e20
Event: 10.961 Thread 0x0000025c31b38850 Thread added: 0x0000025c7a3e8260
Event: 10.962 Thread 0x0000025c31b38850 Thread added: 0x0000025c7a3eaae0
Event: 10.962 Thread 0x0000025c31b38850 Thread added: 0x0000025c7a3eba10
Event: 10.963 Thread 0x0000025c31b38850 Thread added: 0x0000025c31b38d60
Event: 10.964 Thread 0x0000025c31b38850 Thread added: 0x0000025c31b38340
Event: 10.964 Thread 0x0000025c31b38850 Thread added: 0x0000025c78d9e920
Event: 13.671 Thread 0x0000025c78d31020 Thread exited: 0x0000025c78d31020
Event: 14.161 Thread 0x0000025c31b38850 Thread added: 0x0000025c78da4950
Event: 14.626 Thread 0x0000025c31b38850 Thread added: 0x0000025c78d9f850
Event: 15.861 Thread 0x0000025c31b38850 Thread added: 0x0000025c78da5d90


Dynamic libraries:
0x00007ff71db10000 - 0x00007ff71db1e000 	C:\Users\Lenovo\.jdks\corretto-17.0.18\bin\java.exe
0x00007fff22b90000 - 0x00007fff22d88000 	C:\Windows\SYSTEM32\ntdll.dll
0x00007fff21f90000 - 0x00007fff22052000 	C:\Windows\System32\KERNEL32.DLL
0x00007fff20220000 - 0x00007fff20516000 	C:\Windows\System32\KERNELBASE.dll
0x00007fff20990000 - 0x00007fff20a90000 	C:\Windows\System32\ucrtbase.dll
0x00007fff10dc0000 - 0x00007fff10dd8000 	C:\Users\Lenovo\.jdks\corretto-17.0.18\bin\jli.dll
0x00007fff10da0000 - 0x00007fff10dbe000 	C:\Users\Lenovo\.jdks\corretto-17.0.18\bin\VCRUNTIME140.dll
0x00007fff20fd0000 - 0x00007fff21171000 	C:\Windows\System32\USER32.dll
0x00007fff20520000 - 0x00007fff20542000 	C:\Windows\System32\win32u.dll
0x00007fff212d0000 - 0x00007fff212fb000 	C:\Windows\System32\GDI32.dll
0x00007fff0fe00000 - 0x00007fff1009b000 	C:\Windows\WinSxS\amd64_microsoft.windows.common-controls_6595b64144ccf1df_6.0.19041.6456_none_60b8a6cb71f64256\COMCTL32.dll
0x00007fff20650000 - 0x00007fff20769000 	C:\Windows\System32\gdi32full.dll
0x00007fff20a90000 - 0x00007fff20b2d000 	C:\Windows\System32\msvcp_win.dll
0x00007fff21300000 - 0x00007fff2139e000 	C:\Windows\System32\msvcrt.dll
0x00007fff21f50000 - 0x00007fff21f7f000 	C:\Windows\System32\IMM32.DLL
0x00007fff12500000 - 0x00007fff1250c000 	C:\Users\Lenovo\.jdks\corretto-17.0.18\bin\vcruntime140_1.dll
0x00007ffef7f10000 - 0x00007ffef7f99000 	C:\Users\Lenovo\.jdks\corretto-17.0.18\bin\msvcp140.dll
0x00007ffedaf40000 - 0x00007ffedbbb4000 	C:\Users\Lenovo\.jdks\corretto-17.0.18\bin\server\jvm.dll
0x00007fff213a0000 - 0x00007fff21451000 	C:\Windows\System32\ADVAPI32.dll
0x00007fff22060000 - 0x00007fff220ff000 	C:\Windows\System32\sechost.dll
0x00007fff22760000 - 0x00007fff22880000 	C:\Windows\System32\RPCRT4.dll
0x00007fff20770000 - 0x00007fff20797000 	C:\Windows\System32\bcrypt.dll
0x00007fff20df0000 - 0x00007fff20e5b000 	C:\Windows\System32\WS2_32.dll
0x00007fff14660000 - 0x00007fff14687000 	C:\Windows\SYSTEM32\WINMM.dll
0x00007fff1f7b0000 - 0x00007fff1f7fb000 	C:\Windows\SYSTEM32\POWRPROF.dll
0x00007fff16820000 - 0x00007fff1682a000 	C:\Windows\SYSTEM32\VERSION.dll
0x00007fff1f620000 - 0x00007fff1f632000 	C:\Windows\SYSTEM32\UMPDC.dll
0x00007fff1ea30000 - 0x00007fff1ea42000 	C:\Windows\SYSTEM32\kernel.appcore.dll
0x00007fff10d90000 - 0x00007fff10d9a000 	C:\Users\Lenovo\.jdks\corretto-17.0.18\bin\jimage.dll
0x00007fff1e040000 - 0x00007fff1e241000 	C:\Windows\SYSTEM32\DBGHELP.DLL
0x00007fff0c690000 - 0x00007fff0c6c4000 	C:\Windows\SYSTEM32\dbgcore.DLL
0x00007fff20900000 - 0x00007fff20982000 	C:\Windows\System32\bcryptPrimitives.dll
0x00007fff1bde0000 - 0x00007fff1bdef000 	C:\Users\Lenovo\.jdks\corretto-17.0.18\bin\instrument.dll
0x00007fff10d50000 - 0x00007fff10d76000 	C:\Users\Lenovo\.jdks\corretto-17.0.18\bin\java.dll
0x00007ffedf790000 - 0x00007ffedf867000 	C:\Users\Lenovo\.jdks\corretto-17.0.18\bin\jsvml.dll
0x00007fff217e0000 - 0x00007fff21f50000 	C:\Windows\System32\SHELL32.dll
0x00007fff1e270000 - 0x00007fff1ea15000 	C:\Windows\SYSTEM32\windows.storage.dll
0x00007fff21470000 - 0x00007fff217c4000 	C:\Windows\System32\combase.dll
0x00007fff1fc50000 - 0x00007fff1fc7b000 	C:\Windows\SYSTEM32\Wldp.dll
0x00007fff21180000 - 0x00007fff2124d000 	C:\Windows\System32\OLEAUT32.dll
0x00007fff20e60000 - 0x00007fff20f0d000 	C:\Windows\System32\SHCORE.dll
0x00007fff20f10000 - 0x00007fff20f6b000 	C:\Windows\System32\shlwapi.dll
0x00007fff20150000 - 0x00007fff20174000 	C:\Windows\SYSTEM32\profapi.dll
0x00007fff10d30000 - 0x00007fff10d48000 	C:\Users\Lenovo\.jdks\corretto-17.0.18\bin\zip.dll
0x00007fff0f780000 - 0x00007fff0f79b000 	C:\Users\Lenovo\.jdks\corretto-17.0.18\bin\net.dll
0x00007fff1a870000 - 0x00007fff1a97a000 	C:\Windows\SYSTEM32\WINHTTP.dll
0x00007fff1f9b0000 - 0x00007fff1fa1a000 	C:\Windows\system32\mswsock.dll
0x00007fff0f610000 - 0x00007fff0f626000 	C:\Users\Lenovo\.jdks\corretto-17.0.18\bin\nio.dll
0x00007fff175c0000 - 0x00007fff175d0000 	C:\Users\Lenovo\.jdks\corretto-17.0.18\bin\verify.dll
0x00007fff10de0000 - 0x00007fff10e07000 	C:\Users\Lenovo\.gradle\native\c067742578af261105cb4f569cf0c3c89f3d7b1fecec35dd04571415982c5e48\windows-amd64\native-platform.dll
0x00007ffedf640000 - 0x00007ffedf784000 	C:\Users\Lenovo\.gradle\native\100fb08df4bc3b14c8652ba06237920a3bd2aa13389f12d3474272988ae205f9\windows-amd64\native-platform-file-events.dll
0x00007fff0fce0000 - 0x00007fff0fcea000 	C:\Users\Lenovo\.jdks\corretto-17.0.18\bin\management.dll
0x00007fff0f970000 - 0x00007fff0f97c000 	C:\Users\Lenovo\.jdks\corretto-17.0.18\bin\management_ext.dll
0x00007fff21460000 - 0x00007fff21468000 	C:\Windows\System32\PSAPI.DLL
0x00007fff1fbb0000 - 0x00007fff1fbc8000 	C:\Windows\SYSTEM32\CRYPTSP.dll
0x00007fff1f260000 - 0x00007fff1f298000 	C:\Windows\system32\rsaenh.dll
0x00007fff20110000 - 0x00007fff2013e000 	C:\Windows\SYSTEM32\USERENV.dll
0x00007fff1fba0000 - 0x00007fff1fbac000 	C:\Windows\SYSTEM32\CRYPTBASE.dll
0x00007fff1f640000 - 0x00007fff1f67b000 	C:\Windows\SYSTEM32\IPHLPAPI.DLL
0x00007fff21f80000 - 0x00007fff21f88000 	C:\Windows\System32\NSI.dll
0x00007fff16ef0000 - 0x00007fff16f07000 	C:\Windows\SYSTEM32\dhcpcsvc6.DLL
0x00007fff175f0000 - 0x00007fff1760d000 	C:\Windows\SYSTEM32\dhcpcsvc.DLL
0x00007fff1f680000 - 0x00007fff1f74a000 	C:\Windows\SYSTEM32\DNSAPI.dll
0x00007fff0f770000 - 0x00007fff0f779000 	C:\Users\Lenovo\.jdks\corretto-17.0.18\bin\extnet.dll
0x00007fff12250000 - 0x00007fff1225e000 	C:\Users\Lenovo\.jdks\corretto-17.0.18\bin\sunmscapi.dll
0x00007fff207a0000 - 0x00007fff208fd000 	C:\Windows\System32\CRYPT32.dll
0x00007fff1fcc0000 - 0x00007fff1fce7000 	C:\Windows\SYSTEM32\ncrypt.dll
0x00007fff1fc80000 - 0x00007fff1fcbb000 	C:\Windows\SYSTEM32\NTASN1.dll
0x00007fff1c710000 - 0x00007fff1c717000 	C:\Windows\system32\wshunix.dll

dbghelp: loaded successfully - version: 4.0.5 - missing functions: none
symbol engine: initialized successfully - sym options: 0x614 - pdb path: .;C:\Users\Lenovo\.jdks\corretto-17.0.18\bin;C:\Windows\SYSTEM32;C:\Windows\WinSxS\amd64_microsoft.windows.common-controls_6595b64144ccf1df_6.0.19041.6456_none_60b8a6cb71f64256;C:\Users\Lenovo\.jdks\corretto-17.0.18\bin\server;C:\Users\Lenovo\.gradle\native\c067742578af261105cb4f569cf0c3c89f3d7b1fecec35dd04571415982c5e48\windows-amd64;C:\Users\Lenovo\.gradle\native\100fb08df4bc3b14c8652ba06237920a3bd2aa13389f12d3474272988ae205f9\windows-amd64

VM Arguments:
jvm_args: --add-opens=java.base/java.util=ALL-UNNAMED --add-opens=java.base/java.lang=ALL-UNNAMED --add-opens=java.base/java.lang.invoke=ALL-UNNAMED --add-opens=java.prefs/java.util.prefs=ALL-UNNAMED --add-exports=jdk.compiler/com.sun.tools.javac.api=ALL-UNNAMED --add-exports=jdk.compiler/com.sun.tools.javac.util=ALL-UNNAMED --add-opens=java.base/java.nio.charset=ALL-UNNAMED --add-opens=java.base/java.net=ALL-UNNAMED --add-opens=java.base/java.util.concurrent.atomic=ALL-UNNAMED -Xmx2048m -Dfile.encoding=UTF-8 -Duser.country=US -Duser.language=en -Duser.variant -javaagent:C:\Users\Lenovo\.gradle\wrapper\dists\gradle-8.9-bin\90cnw93cvbtalezasaz0blq0a\gradle-8.9\lib\agents\gradle-instrumentation-agent-8.9.jar 
java_command: org.gradle.launcher.daemon.bootstrap.GradleDaemon 8.9
java_class_path (initial): C:\Users\Lenovo\.gradle\wrapper\dists\gradle-8.9-bin\90cnw93cvbtalezasaz0blq0a\gradle-8.9\lib\gradle-daemon-main-8.9.jar
Launcher Type: SUN_STANDARD

[Global flags]
     intx CICompilerCount                          = 4                                         {product} {ergonomic}
     uint ConcGCThreads                            = 2                                         {product} {ergonomic}
     uint G1ConcRefinementThreads                  = 8                                         {product} {ergonomic}
   size_t G1HeapRegionSize                         = 1048576                                   {product} {ergonomic}
    uintx GCDrainStackTargetSize                   = 64                                        {product} {ergonomic}
   size_t InitialHeapSize                          = 98566144                                  {product} {ergonomic}
   size_t MarkStackSize                            = 4194304                                   {product} {ergonomic}
   size_t MaxHeapSize                              = 2147483648                                {product} {command line}
   size_t MaxNewSize                               = 1287651328                                {product} {ergonomic}
   size_t MinHeapDeltaBytes                        = 1048576                                   {product} {ergonomic}
   size_t MinHeapSize                              = 8388608                                   {product} {ergonomic}
    uintx NonNMethodCodeHeapSize                   = 5839372                                {pd product} {ergonomic}
    uintx NonProfiledCodeHeapSize                  = 122909434                              {pd product} {ergonomic}
    uintx ProfiledCodeHeapSize                     = 122909434                              {pd product} {ergonomic}
    uintx ReservedCodeCacheSize                    = 251658240                              {pd product} {ergonomic}
     bool SegmentedCodeCache                       = true                                      {product} {ergonomic}
   size_t SoftMaxHeapSize                          = 2147483648                             {manageable} {ergonomic}
     bool UseCompressedClassPointers               = true                           {product lp64_product} {ergonomic}
     bool UseCompressedOops                        = true                           {product lp64_product} {ergonomic}
     bool UseG1GC                                  = true                                      {product} {ergonomic}
     bool UseLargePagesIndividualAllocation        = false                                  {pd product} {ergonomic}

Logging:
Log output configuration:
 #0: stdout all=warning uptime,level,tags
 #1: stderr all=off uptime,level,tags

Environment Variables:
PATH=C:\Program Files\Common Files\Oracle\Java\javapath;C:\Program Files\Microsoft SDKs\Azure\CLI2\wbin;C:\Windows\system32;C:\Windows;C:\Windows\System32\Wbem;C:\Windows\System32\WindowsPowerShell\v1.0\;C:\Windows\System32\OpenSSH\;C:\TDM-GCC-64\bin;D:\Program Files\nodejs\;C:\Users\Lenovo\Downloads\apache-maven-3.9.12-bin\apache-maven-3.9.12\bin;D:\Program Files\Java\jdk-25\bin;C:\Users\Lenovo\AppData\Local\Programs\Python\Python311\Scripts\;C:\Users\Lenovo\AppData\Local\Programs\Python\Python311\;C:\Users\Lenovo\AppData\Local\Microsoft\WindowsApps;;C:\Users\Lenovo\AppData\Local\Programs\Microsoft VS Code\bin;C:\Users\Lenovo\AppData\Roaming\npm
USERNAME=Lenovo
OS=Windows_NT
PROCESSOR_IDENTIFIER=AMD64 Family 23 Model 104 Stepping 1, AuthenticAMD
TMP=C:\Users\Lenovo\AppData\Local\Temp
TEMP=C:\Users\Lenovo\AppData\Local\Temp



Periodic native trim disabled


---------------  S Y S T E M  ---------------

OS:
 Windows 10 , 64 bit Build 19041 (10.0.19041.5915)
OS uptime: 1 days 23:59 hours

CPU: total 8 (initial active 8) (8 cores per cpu, 2 threads per core) family 23 model 104 stepping 1 microcode 0x0, cx8, cmov, fxsr, ht, mmx, 3dnowpref, sse, sse2, sse3, ssse3, sse4a, sse4.1, sse4.2, popcnt, lzcnt, tsc, tscinvbit, avx, avx2, aes, clmul, bmi1, bmi2, adx, sha, fma, vzeroupper, clflush, clflushopt
Processor Information for all 8 processors :
  Max Mhz: 2600, Current Mhz: 2600, Mhz Limit: 2600

Memory: 4k page, system-wide physical 6005M (414M free)
TotalPageFile size 24437M (AvailPageFile size 4M)
current process WorkingSet (physical memory assigned to process): 357M, peak: 361M
current process commit charge ("private bytes"): 434M, peak: 435M

vm_info: OpenJDK 64-Bit Server VM (17.0.18+9-LTS) for windows-amd64 JRE (17.0.18+9-LTS), built on Jan 27 2026 22:38:43 by "Administrator" with MS VC++ 17.14 (VS2022)

END.
