#
# There is insufficient memory for the Java Runtime Environment to continue.
# Native memory allocation (mmap) failed to map 46137344 bytes. Error detail: G1 virtual space
# Possible reasons:
#   The system is out of physical RAM or swap space
#   This process is running with CompressedOops enabled, and the Java Heap may be blocking the growth of the native heap
# Possible solutions:
#   Reduce memory load on the system
#   Increase physical memory or swap space
#   Check if swap backing store is full
#   Decrease Java heap size (-Xmx/-Xms)
#   Decrease number of Java threads
#   Decrease Java thread stack sizes (-Xss)
#   Set larger code cache with -XX:ReservedCodeCacheSize=
#   JVM is running with Unscaled Compressed Oops mode in which the Java heap is
#     placed in the first 4GB address space. The Java Heap base address is the
#     maximum limit for the native heap growth. Please use -XX:HeapBaseMinAddress
#     to set the Java Heap base and to place the Java Heap above 4GB virtual address.
# This output file may be truncated or incomplete.
#
#  Out of Memory Error (os_windows.cpp:3618), pid=77800, tid=67220
#
# JRE version: OpenJDK Runtime Environment Corretto-17.0.18.9.1 (17.0.18+9) (build 17.0.18+9-LTS)
# Java VM: OpenJDK 64-Bit Server VM Corretto-17.0.18.9.1 (17.0.18+9-LTS, mixed mode, sharing, tiered, compressed oops, compressed class ptrs, g1 gc, windows-amd64)
# No core dump will be written. Minidumps are not enabled by default on client versions of Windows
#

---------------  S U M M A R Y ------------

Command Line: --add-opens=java.base/java.util=ALL-UNNAMED --add-opens=java.base/java.lang=ALL-UNNAMED --add-opens=java.base/java.lang.invoke=ALL-UNNAMED --add-opens=java.prefs/java.util.prefs=ALL-UNNAMED --add-exports=jdk.compiler/com.sun.tools.javac.api=ALL-UNNAMED --add-exports=jdk.compiler/com.sun.tools.javac.util=ALL-UNNAMED --add-opens=java.base/java.nio.charset=ALL-UNNAMED --add-opens=java.base/java.net=ALL-UNNAMED --add-opens=java.base/java.util.concurrent.atomic=ALL-UNNAMED -Xmx2048m -Dfile.encoding=UTF-8 -Duser.country=US -Duser.language=en -Duser.variant -javaagent:C:\Users\Lenovo\.gradle\wrapper\dists\gradle-8.9-bin\90cnw93cvbtalezasaz0blq0a\gradle-8.9\lib\agents\gradle-instrumentation-agent-8.9.jar org.gradle.launcher.daemon.bootstrap.GradleDaemon 8.9

Host: AMD Ryzen 3 5300U with Radeon Graphics         , 8 cores, 5G,  Windows 10 , 64 bit Build 19041 (10.0.19041.5915)
Time: Sun Jun 21 21:20:41 2026 SE Asia Standard Time elapsed time: 55.872603 seconds (0d 0h 0m 55s)

---------------  T H R E A D  ---------------

Current thread (0x00000285466f7810):  VMThread "VM Thread" [stack: 0x000000c26c000000,0x000000c26c100000] [id=67220]

Stack: [0x000000c26c000000,0x000000c26c100000]
Native frames: (J=compiled Java code, j=interpreted, Vv=VM code, C=native code)
V  [jvm.dll+0x68b3f9]
V  [jvm.dll+0x841779]
V  [jvm.dll+0x8434e8]
V  [jvm.dll+0x843b73]
V  [jvm.dll+0x24ce4f]
V  [jvm.dll+0x688259]
V  [jvm.dll+0x67d26a]
V  [jvm.dll+0x30d1b0]
V  [jvm.dll+0x30d052]
V  [jvm.dll+0x3145a9]
V  [jvm.dll+0x366969]
V  [jvm.dll+0x366b9d]
V  [jvm.dll+0x2e42ca]
V  [jvm.dll+0x2e26c1]
V  [jvm.dll+0x2e1e5c]
V  [jvm.dll+0x325ebb]
V  [jvm.dll+0x8483ed]
V  [jvm.dll+0x849103]
V  [jvm.dll+0x849634]
V  [jvm.dll+0x849a18]
V  [jvm.dll+0x849b0e]
V  [jvm.dll+0x7f1cdc]
V  [jvm.dll+0x68a307]
C  [ucrtbase.dll+0x21bb2]
C  [KERNEL32.DLL+0x17374]
C  [ntdll.dll+0x4cc91]

VM_Operation (0x000000c2728f8250): G1CollectForAllocation, mode: safepoint, requested by thread 0x0000028591bcdd50


---------------  P R O C E S S  ---------------

Threads class SMR info:
_java_thread_list=0x0000028591b918b0, length=150, elements={
0x000002852824c960, 0x00000285466fce20, 0x00000285466fdbb0, 0x0000028546710a00,
0x0000028546714850, 0x00000285467158c0, 0x0000028546716190, 0x000002854671d470,
0x000002854671f530, 0x0000028546730da0, 0x000002854691c0b0, 0x0000028546a67a00,
0x000002858cf2ea60, 0x000002858d4700f0, 0x000002858d5139c0, 0x000002858d5e45a0,
0x000002858d5e54d0, 0x000002858d5e6910, 0x000002858d5e59e0, 0x000002858d5e5ef0,
0x000002858d5e6400, 0x000002858d5e6e20, 0x000002858d5e7330, 0x000002858d5e7840,
0x000002858d5e4090, 0x000002858d5e4ab0, 0x000002858d5e4fc0, 0x000002858eb44f90,
0x000002858eb44060, 0x000002858eb48230, 0x000002858eb47d20, 0x000002858eb4afc0,
0x000002858eb49b80, 0x000002858eb454a0, 0x000002858eb46df0, 0x000002858eb4b4d0,
0x000002858eb49670, 0x000002858eb48c50, 0x000002858eb48740, 0x000002858eb49160,
0x000002858eb45ec0, 0x000002858eb463d0, 0x000002858eb468e0, 0x000002858eb4a090,
0x000002858eb4aab0, 0x000002858eb4b9e0, 0x000002858eb47300, 0x000002858eb47810,
0x000002858eb44570, 0x000002858eb44a80, 0x000002858f5e1ee0, 0x000002858f5e14c0,
0x000002858f5e5180, 0x000002858f5e4760, 0x000002858f5e0590, 0x000002858f5e3830,
0x000002858f5e23f0, 0x000002858f5e0aa0, 0x000002858f5e3320, 0x000002858f5e19d0,
0x000002858f5e3d40, 0x000002858f5e2900, 0x000002858f5e4250, 0x000002858f5e4c70,
0x000002858f5e5690, 0x000002858f5e5ba0, 0x000002858f5df150, 0x000002858f5e60b0,
0x000002858f5e0080, 0x000002858f5e0fb0, 0x000002858f5dec40, 0x000002858f5e65c0,
0x000002858f5df660, 0x00000285908dff00, 0x00000285908e5510, 0x00000285908e2780,
0x00000285908df4e0, 0x00000285908e5000, 0x00000285908e1d60, 0x00000285908e0e30,
0x00000285908df9f0, 0x00000285908de0a0, 0x00000285908e2c90, 0x00000285908e31a0,
0x00000285908e0410, 0x00000285908deac0, 0x00000285908e4af0, 0x0000028591bd05d0,
0x0000028591bce260, 0x0000028591bcce20, 0x0000028591bd0ff0, 0x0000028591bcdd50,
0x0000028591bcc910, 0x0000028591bcec80, 0x0000028591bce770, 0x0000028591bcfbb0,
0x0000028591bd00c0, 0x0000028591bcd330, 0x0000028591bd0ae0, 0x0000028591bcd840,
0x0000028591bd1500, 0x0000028591bca090, 0x0000028591bd1a10, 0x0000028591bcbef0,
0x0000028591bca5a0, 0x0000028591bcaab0, 0x0000028591bcb4d0, 0x0000028591bcb9e0,
0x0000028591bcafc0, 0x00000285978d9b80, 0x00000285978d4a80, 0x00000285978d7810,
0x00000285978d4f90, 0x00000285978d7300, 0x00000285978d8230, 0x00000285978da5a0,
0x00000285978d9160, 0x00000285978d8740, 0x00000285978d54a0, 0x00000285978d8c50,
0x00000285978d3130, 0x00000285978d4570, 0x00000285978d68e0, 0x00000285978d59b0,
0x00000285978d9670, 0x00000285978d5ec0, 0x00000285978d4060, 0x00000285978d63d0,
0x00000285978d6df0, 0x00000285978daab0, 0x00000285978d7d20, 0x00000285978da090,
0x00000285978d3640, 0x00000285978d3b50, 0x00000285913c9fd0, 0x00000285913c3070,
0x00000285913c3a90, 0x00000285913ca9f0, 0x00000285913c3580, 0x00000285913c3fa0,
0x00000285913c44b0, 0x00000285913c58f0, 0x00000285913c7c60, 0x00000285913c49c0,
0x00000285913c4ed0, 0x00000285913c6310, 0x00000285913c7240, 0x00000285913c6820,
0x00000285913c53e0, 0x00000285913c6d30
}

Java Threads: ( => current thread )
  0x000002852824c960 JavaThread "main" [_thread_blocked, id=57664, stack(0x000000c26ba00000,0x000000c26bb00000)]
  0x00000285466fce20 JavaThread "Reference Handler" daemon [_thread_blocked, id=44092, stack(0x000000c26c100000,0x000000c26c200000)]
  0x00000285466fdbb0 JavaThread "Finalizer" daemon [_thread_blocked, id=79900, stack(0x000000c26c200000,0x000000c26c300000)]
  0x0000028546710a00 JavaThread "Signal Dispatcher" daemon [_thread_blocked, id=16316, stack(0x000000c26c300000,0x000000c26c400000)]
  0x0000028546714850 JavaThread "Attach Listener" daemon [_thread_blocked, id=76848, stack(0x000000c26c400000,0x000000c26c500000)]
  0x00000285467158c0 JavaThread "Service Thread" daemon [_thread_blocked, id=78560, stack(0x000000c26c500000,0x000000c26c600000)]
  0x0000028546716190 JavaThread "Monitor Deflation Thread" daemon [_thread_blocked, id=79308, stack(0x000000c26c600000,0x000000c26c700000)]
  0x000002854671d470 JavaThread "C2 CompilerThread0" daemon [_thread_blocked, id=61968, stack(0x000000c26c700000,0x000000c26c800000)]
  0x000002854671f530 JavaThread "C1 CompilerThread0" daemon [_thread_blocked, id=78680, stack(0x000000c26c800000,0x000000c26c900000)]
  0x0000028546730da0 JavaThread "Sweeper thread" daemon [_thread_blocked, id=20416, stack(0x000000c26c900000,0x000000c26ca00000)]
  0x000002854691c0b0 JavaThread "Common-Cleaner" daemon [_thread_blocked, id=76412, stack(0x000000c26ca00000,0x000000c26cb00000)]
  0x0000028546a67a00 JavaThread "Notification Thread" daemon [_thread_blocked, id=4840, stack(0x000000c26cb00000,0x000000c26cc00000)]
  0x000002858cf2ea60 JavaThread "Daemon health stats" [_thread_blocked, id=70780, stack(0x000000c26d100000,0x000000c26d200000)]
  0x000002858d4700f0 JavaThread "Incoming local TCP Connector on port 58822" [_thread_in_native, id=36112, stack(0x000000c26d500000,0x000000c26d600000)]
  0x000002858d5139c0 JavaThread "Daemon periodic checks" [_thread_blocked, id=79732, stack(0x000000c26d600000,0x000000c26d700000)]
  0x000002858d5e45a0 JavaThread "Daemon" [_thread_blocked, id=79604, stack(0x000000c26d700000,0x000000c26d800000)]
  0x000002858d5e54d0 JavaThread "Handler for socket connection from /127.0.0.1:58822 to /127.0.0.1:58823" [_thread_in_native, id=17856, stack(0x000000c26d800000,0x000000c26d900000)]
  0x000002858d5e6910 JavaThread "Cancel handler" [_thread_blocked, id=79652, stack(0x000000c26d900000,0x000000c26da00000)]
  0x000002858d5e59e0 JavaThread "Daemon worker" [_thread_blocked, id=62924, stack(0x000000c26da00000,0x000000c26db00000)]
  0x000002858d5e5ef0 JavaThread "Asynchronous log dispatcher for DefaultDaemonConnection: socket connection from /127.0.0.1:58822 to /127.0.0.1:58823" [_thread_blocked, id=79364, stack(0x000000c26db00000,0x000000c26dc00000)]
  0x000002858d5e6400 JavaThread "Stdin handler" [_thread_blocked, id=73388, stack(0x000000c26dc00000,0x000000c26dd00000)]
  0x000002858d5e6e20 JavaThread "Daemon client event forwarder" [_thread_blocked, id=27700, stack(0x000000c26dd00000,0x000000c26de00000)]
  0x000002858d5e7330 JavaThread "Cache worker for journal cache (C:\Users\Lenovo\.gradle\caches\journal-1)" [_thread_blocked, id=64036, stack(0x000000c26de00000,0x000000c26df00000)]
  0x000002858d5e7840 JavaThread "File lock request listener" [_thread_in_native, id=67484, stack(0x000000c26df00000,0x000000c26e000000)]
  0x000002858d5e4090 JavaThread "Cache worker for file hash cache (C:\Users\Lenovo\.gradle\caches\8.9\fileHashes)" [_thread_blocked, id=10408, stack(0x000000c26e000000,0x000000c26e100000)]
  0x000002858d5e4ab0 JavaThread "Cache worker for file hash cache (D:\FIELTHY D\fielthy apps (ijul)\FielthyApps-master punya oti\.gradle\8.9\fileHashes)" [_thread_blocked, id=14908, stack(0x000000c26e100000,0x000000c26e200000)]
  0x000002858d5e4fc0 JavaThread "Cache worker for Build Output Cleanup Cache (D:\FIELTHY D\fielthy apps (ijul)\FielthyApps-master punya oti\.gradle\buildOutputCleanup)" [_thread_blocked, id=72980, stack(0x000000c26e200000,0x000000c26e300000)]
  0x000002858eb44f90 JavaThread "File watcher server" daemon [_thread_blocked, id=1876, stack(0x000000c26e400000,0x000000c26e500000)]
  0x000002858eb44060 JavaThread "File watcher consumer" daemon [_thread_blocked, id=73656, stack(0x000000c26e500000,0x000000c26e600000)]
  0x000002858eb48230 JavaThread "Cache worker for checksums cache (D:\FIELTHY D\fielthy apps (ijul)\FielthyApps-master punya oti\.gradle\8.9\checksums)" [_thread_blocked, id=80516, stack(0x000000c26e600000,0x000000c26e700000)]
  0x000002858eb47d20 JavaThread "Cache worker for file content cache (C:\Users\Lenovo\.gradle\caches\8.9\fileContent)" [_thread_blocked, id=73332, stack(0x000000c26e700000,0x000000c26e800000)]
  0x000002858eb4afc0 JavaThread "Cache worker for cache directory md-rule (C:\Users\Lenovo\.gradle\caches\8.9\md-rule)" [_thread_blocked, id=63840, stack(0x000000c26e800000,0x000000c26e900000)]
  0x000002858eb49b80 JavaThread "Cache worker for cache directory md-supplier (C:\Users\Lenovo\.gradle\caches\8.9\md-supplier)" [_thread_blocked, id=61552, stack(0x000000c26e900000,0x000000c26ea00000)]
  0x000002858eb454a0 JavaThread "jar transforms" [_thread_blocked, id=76924, stack(0x000000c26ea00000,0x000000c26eb00000)]
  0x000002858eb46df0 JavaThread "jar transforms Thread 2" [_thread_blocked, id=70416, stack(0x000000c26eb00000,0x000000c26ec00000)]
  0x000002858eb4b4d0 JavaThread "jar transforms Thread 3" [_thread_blocked, id=79656, stack(0x000000c26ed00000,0x000000c26ee00000)]
  0x000002858eb49670 JavaThread "Unconstrained build operations" [_thread_blocked, id=80528, stack(0x000000c26ef00000,0x000000c26f000000)]
  0x000002858eb48c50 JavaThread "Unconstrained build operations Thread 2" [_thread_blocked, id=69452, stack(0x000000c26f000000,0x000000c26f100000)]
  0x000002858eb48740 JavaThread "Unconstrained build operations Thread 3" [_thread_blocked, id=62984, stack(0x000000c26f100000,0x000000c26f200000)]
  0x000002858eb49160 JavaThread "Unconstrained build operations Thread 4" [_thread_blocked, id=65804, stack(0x000000c26f200000,0x000000c26f300000)]
  0x000002858eb45ec0 JavaThread "Unconstrained build operations Thread 5" [_thread_blocked, id=28396, stack(0x000000c26f300000,0x000000c26f400000)]
  0x000002858eb463d0 JavaThread "Unconstrained build operations Thread 6" [_thread_blocked, id=77488, stack(0x000000c26f400000,0x000000c26f500000)]
  0x000002858eb468e0 JavaThread "Unconstrained build operations Thread 7" [_thread_blocked, id=75616, stack(0x000000c26f500000,0x000000c26f600000)]
  0x000002858eb4a090 JavaThread "Unconstrained build operations Thread 8" [_thread_blocked, id=56816, stack(0x000000c26f600000,0x000000c26f700000)]
  0x000002858eb4aab0 JavaThread "Unconstrained build operations Thread 9" [_thread_blocked, id=46736, stack(0x000000c26f700000,0x000000c26f800000)]
  0x000002858eb4b9e0 JavaThread "Unconstrained build operations Thread 10" [_thread_blocked, id=60928, stack(0x000000c26f800000,0x000000c26f900000)]
  0x000002858eb47300 JavaThread "Unconstrained build operations Thread 11" [_thread_blocked, id=79056, stack(0x000000c26f900000,0x000000c26fa00000)]
  0x000002858eb47810 JavaThread "Unconstrained build operations Thread 12" [_thread_blocked, id=79040, stack(0x000000c26fa00000,0x000000c26fb00000)]
  0x000002858eb44570 JavaThread "Unconstrained build operations Thread 13" [_thread_blocked, id=79896, stack(0x000000c26fb00000,0x000000c26fc00000)]
  0x000002858eb44a80 JavaThread "Unconstrained build operations Thread 14" [_thread_blocked, id=57512, stack(0x000000c26fc00000,0x000000c26fd00000)]
  0x000002858f5e1ee0 JavaThread "jar transforms Thread 4" [_thread_blocked, id=74936, stack(0x000000c26fd00000,0x000000c26fe00000)]
  0x000002858f5e14c0 JavaThread "jar transforms Thread 5" [_thread_blocked, id=51380, stack(0x000000c26fe00000,0x000000c26ff00000)]
  0x000002858f5e5180 JavaThread "Unconstrained build operations Thread 15" [_thread_blocked, id=79260, stack(0x000000c26ff00000,0x000000c270000000)]
  0x000002858f5e4760 JavaThread "Unconstrained build operations Thread 16" [_thread_blocked, id=25284, stack(0x000000c270000000,0x000000c270100000)]
  0x000002858f5e0590 JavaThread "Unconstrained build operations Thread 17" [_thread_blocked, id=57156, stack(0x000000c270100000,0x000000c270200000)]
  0x000002858f5e3830 JavaThread "Unconstrained build operations Thread 18" [_thread_blocked, id=76836, stack(0x000000c270200000,0x000000c270300000)]
  0x000002858f5e23f0 JavaThread "Unconstrained build operations Thread 19" [_thread_blocked, id=78068, stack(0x000000c270300000,0x000000c270400000)]
  0x000002858f5e0aa0 JavaThread "Unconstrained build operations Thread 20" [_thread_blocked, id=3068, stack(0x000000c270400000,0x000000c270500000)]
  0x000002858f5e3320 JavaThread "Unconstrained build operations Thread 21" [_thread_blocked, id=49312, stack(0x000000c270500000,0x000000c270600000)]
  0x000002858f5e19d0 JavaThread "jar transforms Thread 6" [_thread_blocked, id=70824, stack(0x000000c270600000,0x000000c270700000)]
  0x000002858f5e3d40 JavaThread "jar transforms Thread 7" [_thread_blocked, id=75936, stack(0x000000c270700000,0x000000c270800000)]
  0x000002858f5e2900 JavaThread "jar transforms Thread 8" [_thread_blocked, id=78920, stack(0x000000c270800000,0x000000c270900000)]
  0x000002858f5e4250 JavaThread "Unconstrained build operations Thread 22" [_thread_blocked, id=74424, stack(0x000000c270900000,0x000000c270a00000)]
  0x000002858f5e4c70 JavaThread "Unconstrained build operations Thread 23" [_thread_blocked, id=73288, stack(0x000000c270a00000,0x000000c270b00000)]
  0x000002858f5e5690 JavaThread "Unconstrained build operations Thread 24" [_thread_blocked, id=22180, stack(0x000000c270b00000,0x000000c270c00000)]
  0x000002858f5e5ba0 JavaThread "Unconstrained build operations Thread 25" [_thread_blocked, id=70644, stack(0x000000c270c00000,0x000000c270d00000)]
  0x000002858f5df150 JavaThread "Unconstrained build operations Thread 26" [_thread_blocked, id=25432, stack(0x000000c270d00000,0x000000c270e00000)]
  0x000002858f5e60b0 JavaThread "Unconstrained build operations Thread 27" [_thread_blocked, id=78392, stack(0x000000c270e00000,0x000000c270f00000)]
  0x000002858f5e0080 JavaThread "Unconstrained build operations Thread 28" [_thread_blocked, id=73200, stack(0x000000c270f00000,0x000000c271000000)]
  0x000002858f5e0fb0 JavaThread "Unconstrained build operations Thread 29" [_thread_blocked, id=55136, stack(0x000000c271000000,0x000000c271100000)]
  0x000002858f5dec40 JavaThread "Unconstrained build operations Thread 30" [_thread_blocked, id=76076, stack(0x000000c271100000,0x000000c271200000)]
  0x000002858f5e65c0 JavaThread "Unconstrained build operations Thread 31" [_thread_blocked, id=71920, stack(0x000000c271200000,0x000000c271300000)]
  0x000002858f5df660 JavaThread "Unconstrained build operations Thread 32" [_thread_blocked, id=74764, stack(0x000000c271300000,0x000000c271400000)]
  0x00000285908dff00 JavaThread "Unconstrained build operations Thread 33" [_thread_blocked, id=76892, stack(0x000000c271400000,0x000000c271500000)]
  0x00000285908e5510 JavaThread "Unconstrained build operations Thread 34" [_thread_blocked, id=68472, stack(0x000000c271500000,0x000000c271600000)]
  0x00000285908e2780 JavaThread "Unconstrained build operations Thread 35" [_thread_blocked, id=73688, stack(0x000000c271600000,0x000000c271700000)]
  0x00000285908df4e0 JavaThread "Unconstrained build operations Thread 36" [_thread_blocked, id=67272, stack(0x000000c271700000,0x000000c271800000)]
  0x00000285908e5000 JavaThread "Unconstrained build operations Thread 37" [_thread_blocked, id=71728, stack(0x000000c271800000,0x000000c271900000)]
  0x00000285908e1d60 JavaThread "Unconstrained build operations Thread 38" [_thread_blocked, id=63412, stack(0x000000c271900000,0x000000c271a00000)]
  0x00000285908e0e30 JavaThread "Unconstrained build operations Thread 39" [_thread_blocked, id=74032, stack(0x000000c271a00000,0x000000c271b00000)]
  0x00000285908df9f0 JavaThread "Unconstrained build operations Thread 40" [_thread_blocked, id=75452, stack(0x000000c271b00000,0x000000c271c00000)]
  0x00000285908de0a0 JavaThread "Unconstrained build operations Thread 41" [_thread_blocked, id=77772, stack(0x000000c271c00000,0x000000c271d00000)]
  0x00000285908e2c90 JavaThread "Unconstrained build operations Thread 42" [_thread_blocked, id=64480, stack(0x000000c271d00000,0x000000c271e00000)]
  0x00000285908e31a0 JavaThread "build event listener" [_thread_blocked, id=46488, stack(0x000000c271e00000,0x000000c271f00000)]
  0x00000285908e0410 JavaThread "Memory manager" [_thread_blocked, id=11476, stack(0x000000c271f00000,0x000000c272000000)]
  0x00000285908deac0 JavaThread "build event listener" [_thread_blocked, id=77056, stack(0x000000c272000000,0x000000c272100000)]
  0x00000285908e4af0 JavaThread "pool-3-thread-1" [_thread_blocked, id=15628, stack(0x000000c272300000,0x000000c272400000)]
  0x0000028591bd05d0 JavaThread "build event listener" [_thread_blocked, id=73044, stack(0x000000c272400000,0x000000c272500000)]
  0x0000028591bce260 JavaThread "included builds" [_thread_blocked, id=76612, stack(0x000000c272500000,0x000000c272600000)]
  0x0000028591bcce20 JavaThread "Execution worker" [_thread_blocked, id=76844, stack(0x000000c272600000,0x000000c272700000)]
  0x0000028591bd0ff0 JavaThread "Execution worker Thread 2" [_thread_blocked, id=19056, stack(0x000000c272700000,0x000000c272800000)]
  0x0000028591bcdd50 JavaThread "Execution worker Thread 3" [_thread_blocked, id=76656, stack(0x000000c272800000,0x000000c272900000)]
  0x0000028591bcc910 JavaThread "Execution worker Thread 4" [_thread_blocked, id=72572, stack(0x000000c272900000,0x000000c272a00000)]
  0x0000028591bcec80 JavaThread "Execution worker Thread 5" [_thread_blocked, id=71940, stack(0x000000c272a00000,0x000000c272b00000)]
  0x0000028591bce770 JavaThread "Execution worker Thread 6" [_thread_blocked, id=72212, stack(0x000000c272b00000,0x000000c272c00000)]
  0x0000028591bcfbb0 JavaThread "Execution worker Thread 7" [_thread_blocked, id=77632, stack(0x000000c272c00000,0x000000c272d00000)]
  0x0000028591bd00c0 JavaThread "Cache worker for execution history cache (D:\FIELTHY D\fielthy apps (ijul)\FielthyApps-master punya oti\.gradle\8.9\executionHistory)" [_thread_blocked, id=68804, stack(0x000000c272d00000,0x000000c272e00000)]
  0x0000028591bcd330 JavaThread "Unconstrained build operations Thread 43" [_thread_blocked, id=75968, stack(0x000000c272e00000,0x000000c272f00000)]
  0x0000028591bd0ae0 JavaThread "Unconstrained build operations Thread 44" [_thread_blocked, id=77900, stack(0x000000c272f00000,0x000000c273000000)]
  0x0000028591bcd840 JavaThread "Unconstrained build operations Thread 45" [_thread_blocked, id=5388, stack(0x000000c273000000,0x000000c273100000)]
  0x0000028591bd1500 JavaThread "Unconstrained build operations Thread 46" [_thread_blocked, id=55220, stack(0x000000c273100000,0x000000c273200000)]
  0x0000028591bca090 JavaThread "Unconstrained build operations Thread 47" [_thread_blocked, id=54412, stack(0x000000c273200000,0x000000c273300000)]
  0x0000028591bd1a10 JavaThread "Unconstrained build operations Thread 48" [_thread_blocked, id=72812, stack(0x000000c273300000,0x000000c273400000)]
  0x0000028591bcbef0 JavaThread "Unconstrained build operations Thread 49" [_thread_blocked, id=66552, stack(0x000000c273400000,0x000000c273500000)]
  0x0000028591bca5a0 JavaThread "Unconstrained build operations Thread 50" [_thread_blocked, id=78884, stack(0x000000c273500000,0x000000c273600000)]
  0x0000028591bcaab0 JavaThread "Unconstrained build operations Thread 51" [_thread_blocked, id=76064, stack(0x000000c273600000,0x000000c273700000)]
  0x0000028591bcb4d0 JavaThread "Unconstrained build operations Thread 52" [_thread_blocked, id=37372, stack(0x000000c273700000,0x000000c273800000)]
  0x0000028591bcb9e0 JavaThread "Unconstrained build operations Thread 53" [_thread_blocked, id=59632, stack(0x000000c273800000,0x000000c273900000)]
  0x0000028591bcafc0 JavaThread "Unconstrained build operations Thread 54" [_thread_blocked, id=79788, stack(0x000000c273900000,0x000000c273a00000)]
  0x00000285978d9b80 JavaThread "Unconstrained build operations Thread 55" [_thread_blocked, id=11180, stack(0x000000c273a00000,0x000000c273b00000)]
  0x00000285978d4a80 JavaThread "Unconstrained build operations Thread 56" [_thread_blocked, id=61144, stack(0x000000c273b00000,0x000000c273c00000)]
  0x00000285978d7810 JavaThread "Unconstrained build operations Thread 57" [_thread_blocked, id=79660, stack(0x000000c273c00000,0x000000c273d00000)]
  0x00000285978d4f90 JavaThread "Unconstrained build operations Thread 58" [_thread_blocked, id=77336, stack(0x000000c273d00000,0x000000c273e00000)]
  0x00000285978d7300 JavaThread "Unconstrained build operations Thread 59" [_thread_blocked, id=73504, stack(0x000000c273e00000,0x000000c273f00000)]
  0x00000285978d8230 JavaThread "Unconstrained build operations Thread 60" [_thread_blocked, id=47644, stack(0x000000c273f00000,0x000000c274000000)]
  0x00000285978da5a0 JavaThread "Unconstrained build operations Thread 61" [_thread_blocked, id=80680, stack(0x000000c274000000,0x000000c274100000)]
  0x00000285978d9160 JavaThread "Unconstrained build operations Thread 62" [_thread_blocked, id=11308, stack(0x000000c274100000,0x000000c274200000)]
  0x00000285978d8740 JavaThread "Unconstrained build operations Thread 63" [_thread_blocked, id=38200, stack(0x000000c274200000,0x000000c274300000)]
  0x00000285978d54a0 JavaThread "Unconstrained build operations Thread 64" [_thread_blocked, id=77724, stack(0x000000c274300000,0x000000c274400000)]
  0x00000285978d8c50 JavaThread "Unconstrained build operations Thread 65" [_thread_blocked, id=5244, stack(0x000000c274400000,0x000000c274500000)]
  0x00000285978d3130 JavaThread "Unconstrained build operations Thread 66" [_thread_blocked, id=73936, stack(0x000000c274500000,0x000000c274600000)]
  0x00000285978d4570 JavaThread "Unconstrained build operations Thread 67" [_thread_blocked, id=35152, stack(0x000000c274600000,0x000000c274700000)]
  0x00000285978d68e0 JavaThread "Unconstrained build operations Thread 68" [_thread_blocked, id=16500, stack(0x000000c274700000,0x000000c274800000)]
  0x00000285978d59b0 JavaThread "Unconstrained build operations Thread 69" [_thread_blocked, id=73232, stack(0x000000c274800000,0x000000c274900000)]
  0x00000285978d9670 JavaThread "Unconstrained build operations Thread 70" [_thread_blocked, id=77796, stack(0x000000c274900000,0x000000c274a00000)]
  0x00000285978d5ec0 JavaThread "Unconstrained build operations Thread 71" [_thread_blocked, id=13196, stack(0x000000c274a00000,0x000000c274b00000)]
  0x00000285978d4060 JavaThread "Unconstrained build operations Thread 72" [_thread_blocked, id=50804, stack(0x000000c274b00000,0x000000c274c00000)]
  0x00000285978d63d0 JavaThread "Unconstrained build operations Thread 73" [_thread_blocked, id=77640, stack(0x000000c274c00000,0x000000c274d00000)]
  0x00000285978d6df0 JavaThread "Unconstrained build operations Thread 74" [_thread_blocked, id=18568, stack(0x000000c274d00000,0x000000c274e00000)]
  0x00000285978daab0 JavaThread "Unconstrained build operations Thread 75" [_thread_blocked, id=26604, stack(0x000000c274e00000,0x000000c274f00000)]
  0x00000285978d7d20 JavaThread "Unconstrained build operations Thread 76" [_thread_blocked, id=59136, stack(0x000000c274f00000,0x000000c275000000)]
  0x00000285978da090 JavaThread "Unconstrained build operations Thread 77" [_thread_blocked, id=73140, stack(0x000000c275000000,0x000000c275100000)]
  0x00000285978d3640 JavaThread "Unconstrained build operations Thread 78" [_thread_blocked, id=76484, stack(0x000000c275100000,0x000000c275200000)]
  0x00000285978d3b50 JavaThread "Unconstrained build operations Thread 79" [_thread_blocked, id=75428, stack(0x000000c275200000,0x000000c275300000)]
  0x00000285913c9fd0 JavaThread "Unconstrained build operations Thread 80" [_thread_blocked, id=75632, stack(0x000000c275300000,0x000000c275400000)]
  0x00000285913c3070 JavaThread "WorkerExecutor Queue" [_thread_blocked, id=78236, stack(0x000000c275400000,0x000000c275500000)]
  0x00000285913c3a90 JavaThread "RMI Scheduler(0)" daemon [_thread_blocked, id=77008, stack(0x000000c275500000,0x000000c275600000)]
  0x00000285913ca9f0 JavaThread "RMI RenewClean-[127.0.0.1:17978,org.jetbrains.kotlin.daemon.common.LoopbackNetworkInterface$ClientLoopbackSocketFactory@65249134]" daemon [_thread_blocked, id=78960, stack(0x000000c275600000,0x000000c275700000)]
  0x00000285913c3580 JavaThread "RMI GC Daemon" daemon [_thread_blocked, id=23860, stack(0x000000c275700000,0x000000c275800000)]
  0x00000285913c3fa0 JavaThread "RMI TCP Accept-0" daemon [_thread_in_native, id=58340, stack(0x000000c275800000,0x000000c275900000)]
  0x00000285913c44b0 JavaThread "RMI Reaper" [_thread_blocked, id=78580, stack(0x000000c275900000,0x000000c275a00000)]
  0x00000285913c58f0 JavaThread "RMI TCP Connection(2)-127.0.0.1" daemon [_thread_in_native, id=40544, stack(0x000000c275a00000,0x000000c275b00000)]
  0x00000285913c7c60 JavaThread "Cache worker for Java compile cache (C:\Users\Lenovo\.gradle\caches\8.9\javaCompile)" [_thread_blocked, id=77820, stack(0x000000c275c00000,0x000000c275d00000)]
  0x00000285913c49c0 JavaThread "Build operations" [_thread_blocked, id=76780, stack(0x000000c275d00000,0x000000c275e00000)]
  0x00000285913c4ed0 JavaThread "Build operations Thread 2" [_thread_blocked, id=19612, stack(0x000000c275e00000,0x000000c275f00000)]
  0x00000285913c6310 JavaThread "Build operations Thread 3" [_thread_blocked, id=79048, stack(0x000000c275f00000,0x000000c276000000)]
  0x00000285913c7240 JavaThread "Build operations Thread 4" [_thread_blocked, id=66452, stack(0x000000c276000000,0x000000c276100000)]
  0x00000285913c6820 JavaThread "Build operations Thread 5" [_thread_blocked, id=14216, stack(0x000000c276100000,0x000000c276200000)]
  0x00000285913c53e0 JavaThread "Build operations Thread 6" [_thread_blocked, id=33092, stack(0x000000c276200000,0x000000c276300000)]
  0x00000285913c6d30 JavaThread "Build operations Thread 7" [_thread_blocked, id=4924, stack(0x000000c276300000,0x000000c276400000)]

Other Threads:
=>0x00000285466f7810 VMThread "VM Thread" [stack: 0x000000c26c000000,0x000000c26c100000] [id=67220]
  0x000002852824d830 WatcherThread [stack: 0x000000c26cc00000,0x000000c26cd00000] [id=62716]
  0x00000285282a98e0 GCTaskThread "GC Thread#0" [stack: 0x000000c26bb00000,0x000000c26bc00000] [id=74784]
  0x000002858c3b5c10 GCTaskThread "GC Thread#1" [stack: 0x000000c26cd00000,0x000000c26ce00000] [id=78008]
  0x000002858c5b7fc0 GCTaskThread "GC Thread#2" [stack: 0x000000c26ce00000,0x000000c26cf00000] [id=57936]
  0x0000028546b885f0 GCTaskThread "GC Thread#3" [stack: 0x000000c26cf00000,0x000000c26d000000] [id=67256]
  0x000002858c818ba0 GCTaskThread "GC Thread#4" [stack: 0x000000c26d000000,0x000000c26d100000] [id=78300]
  0x000002858d4bcfb0 GCTaskThread "GC Thread#5" [stack: 0x000000c26d200000,0x000000c26d300000] [id=75412]
  0x000002858d4bd270 GCTaskThread "GC Thread#6" [stack: 0x000000c26d300000,0x000000c26d400000] [id=66088]
  0x000002858d0b35c0 GCTaskThread "GC Thread#7" [stack: 0x000000c26d400000,0x000000c26d500000] [id=69592]
  0x00000285282ba740 ConcurrentGCThread "G1 Main Marker" [stack: 0x000000c26bc00000,0x000000c26bd00000] [id=78768]
  0x00000285282bb810 ConcurrentGCThread "G1 Conc#0" [stack: 0x000000c26bd00000,0x000000c26be00000] [id=69136]
  0x000002858e82c360 ConcurrentGCThread "G1 Conc#1" [stack: 0x000000c26e300000,0x000000c26e400000] [id=75976]
  0x00000285465b20b0 ConcurrentGCThread "G1 Refine#0" [stack: 0x000000c26be00000,0x000000c26bf00000] [id=63540]
  0x000002858e296840 ConcurrentGCThread "G1 Refine#1" [stack: 0x000000c26ec00000,0x000000c26ed00000] [id=77668]
  0x000002858f62d0d0 ConcurrentGCThread "G1 Refine#2" [stack: 0x000000c272100000,0x000000c272200000] [id=77696]
  0x00000285908eb930 ConcurrentGCThread "G1 Refine#3" [stack: 0x000000c272200000,0x000000c272300000] [id=79136]
  0x000002859049bc90 ConcurrentGCThread "G1 Refine#4" [stack: 0x000000c276400000,0x000000c276500000] [id=54484]
  0x00000285465b29f0 ConcurrentGCThread "G1 Service" [stack: 0x000000c26bf00000,0x000000c26c000000] [id=79024]

Threads with active compile tasks:
C2 CompilerThread0  55904 16629   !   4       com.sun.tools.javac.jvm.ClassReader::classSigToType (497 bytes)

VM state: at safepoint (normal execution)

VM Mutex/Monitor currently owned by a thread:  ([mutex/lock_event])
[0x00000285282495c0] Threads_lock - owner thread: 0x00000285466f7810
[0x0000028528249770] Heap_lock - owner thread: 0x0000028591bcdd50

Heap address: 0x0000000080000000, size: 2048 MB, Compressed Oops mode: 32-bit

CDS archive(s) mapped at: [0x0000028547000000-0x0000028547bb0000-0x0000028547bb0000), size 12255232, SharedBaseAddress: 0x0000028547000000, ArchiveRelocationMode: 1.
Compressed class space mapped at: 0x0000028548000000-0x0000028588000000, reserved size: 1073741824
Narrow klass base: 0x0000028547000000, Narrow klass shift: 0, Narrow klass range: 0x100000000

GC Precious Log:
 CPUs: 8 total, 8 available
 Memory: 6005M
 Large Page Support: Disabled
 NUMA Support: Disabled
 Compressed Oops: Enabled (32-bit)
 Heap Region Size: 1M
 Heap Min Capacity: 8M
 Heap Initial Capacity: 94M
 Heap Max Capacity: 2G
 Pre-touch: Disabled
 Parallel Workers: 8
 Concurrent Workers: 2
 Concurrent Refinement Workers: 8
 Periodic GC: Disabled

Heap:
 garbage-first heap   total 223232K, used 193681K [0x0000000080000000, 0x0000000100000000)
  region size 1024K, 2 young (2048K), 2 survivors (2048K)
 Metaspace       used 110376K, committed 111296K, reserved 1179648K
  class space    used 14988K, committed 15424K, reserved 1048576K

Heap Regions: E=young(eden), S=young(survivor), O=old, HS=humongous(starts), HC=humongous(continues), CS=collection set, F=free, OA=open archive, CA=closed archive, TAMS=top-at-mark-start (previous, next)
|   0|0x0000000080000000, 0x0000000080100000, 0x0000000080100000|100%|HS|  |TAMS 0x0000000080100000, 0x0000000080000000| Complete 
|   1|0x0000000080100000, 0x0000000080200000, 0x0000000080200000|100%|HC|  |TAMS 0x0000000080200000, 0x0000000080100000| Complete 
|   2|0x0000000080200000, 0x0000000080300000, 0x0000000080300000|100%|HC|  |TAMS 0x0000000080300000, 0x0000000080200000| Complete 
|   3|0x0000000080300000, 0x0000000080400000, 0x0000000080400000|100%|HC|  |TAMS 0x0000000080400000, 0x0000000080300000| Complete 
|   4|0x0000000080400000, 0x0000000080500000, 0x0000000080500000|100%| O|  |TAMS 0x0000000080500000, 0x0000000080400000| Untracked 
|   5|0x0000000080500000, 0x0000000080600000, 0x0000000080600000|100%| O|  |TAMS 0x0000000080600000, 0x0000000080500000| Untracked 
|   6|0x0000000080600000, 0x0000000080700000, 0x0000000080700000|100%| O|  |TAMS 0x0000000080700000, 0x0000000080600000| Untracked 
|   7|0x0000000080700000, 0x0000000080800000, 0x0000000080800000|100%| O|  |TAMS 0x0000000080800000, 0x0000000080700000| Untracked 
|   8|0x0000000080800000, 0x0000000080900000, 0x0000000080900000|100%| O|  |TAMS 0x0000000080900000, 0x0000000080800000| Untracked 
|   9|0x0000000080900000, 0x0000000080a00000, 0x0000000080a00000|100%| O|  |TAMS 0x0000000080a00000, 0x0000000080900000| Untracked 
|  10|0x0000000080a00000, 0x0000000080b00000, 0x0000000080b00000|100%| O|  |TAMS 0x0000000080b00000, 0x0000000080a00000| Untracked 
|  11|0x0000000080b00000, 0x0000000080c00000, 0x0000000080c00000|100%|HS|  |TAMS 0x0000000080c00000, 0x0000000080b00000| Complete 
|  12|0x0000000080c00000, 0x0000000080d00000, 0x0000000080d00000|100%| O|  |TAMS 0x0000000080d00000, 0x0000000080c00000| Untracked 
|  13|0x0000000080d00000, 0x0000000080e00000, 0x0000000080e00000|100%| O|  |TAMS 0x0000000080e00000, 0x0000000080d00000| Untracked 
|  14|0x0000000080e00000, 0x0000000080f00000, 0x0000000080f00000|100%| O|  |TAMS 0x0000000080f00000, 0x0000000080e00000| Untracked 
|  15|0x0000000080f00000, 0x0000000081000000, 0x0000000081000000|100%| O|  |TAMS 0x0000000081000000, 0x0000000080f00000| Untracked 
|  16|0x0000000081000000, 0x0000000081100000, 0x0000000081100000|100%| O|  |TAMS 0x0000000081100000, 0x0000000081000000| Untracked 
|  17|0x0000000081100000, 0x0000000081200000, 0x0000000081200000|100%| O|  |TAMS 0x0000000081200000, 0x0000000081100000| Untracked 
|  18|0x0000000081200000, 0x0000000081300000, 0x0000000081300000|100%| O|  |TAMS 0x0000000081300000, 0x0000000081200000| Untracked 
|  19|0x0000000081300000, 0x0000000081400000, 0x0000000081400000|100%| O|  |TAMS 0x0000000081400000, 0x0000000081300000| Untracked 
|  20|0x0000000081400000, 0x00000000814cb600, 0x0000000081500000| 79%| O|  |TAMS 0x00000000814cb600, 0x0000000081400000| Untracked 
|  21|0x0000000081500000, 0x0000000081600000, 0x0000000081600000|100%| O|  |TAMS 0x0000000081600000, 0x0000000081500000| Untracked 
|  22|0x0000000081600000, 0x0000000081700000, 0x0000000081700000|100%| O|  |TAMS 0x0000000081700000, 0x0000000081600000| Untracked 
|  23|0x0000000081700000, 0x0000000081800000, 0x0000000081800000|100%| O|  |TAMS 0x0000000081800000, 0x0000000081700000| Untracked 
|  24|0x0000000081800000, 0x0000000081900000, 0x0000000081900000|100%| O|  |TAMS 0x0000000081900000, 0x0000000081800000| Untracked 
|  25|0x0000000081900000, 0x0000000081a00000, 0x0000000081a00000|100%| O|  |TAMS 0x0000000081a00000, 0x0000000081900000| Untracked 
|  26|0x0000000081a00000, 0x0000000081b00000, 0x0000000081b00000|100%|HS|  |TAMS 0x0000000081b00000, 0x0000000081a00000| Complete 
|  27|0x0000000081b00000, 0x0000000081c00000, 0x0000000081c00000|100%| O|  |TAMS 0x0000000081c00000, 0x0000000081b00000| Untracked 
|  28|0x0000000081c00000, 0x0000000081d00000, 0x0000000081d00000|100%|HS|  |TAMS 0x0000000081d00000, 0x0000000081c00000| Complete 
|  29|0x0000000081d00000, 0x0000000081e00000, 0x0000000081e00000|100%|HC|  |TAMS 0x0000000081e00000, 0x0000000081d00000| Complete 
|  30|0x0000000081e00000, 0x0000000081f00000, 0x0000000081f00000|100%| O|  |TAMS 0x0000000081f00000, 0x0000000081e00000| Untracked 
|  31|0x0000000081f00000, 0x0000000082000000, 0x0000000082000000|100%| O|  |TAMS 0x0000000082000000, 0x0000000081f00000| Untracked 
|  32|0x0000000082000000, 0x0000000082100000, 0x0000000082100000|100%| O|  |TAMS 0x0000000082100000, 0x0000000082000000| Untracked 
|  33|0x0000000082100000, 0x0000000082200000, 0x0000000082200000|100%| O|  |TAMS 0x0000000082200000, 0x0000000082100000| Untracked 
|  34|0x0000000082200000, 0x0000000082300000, 0x0000000082300000|100%|HS|  |TAMS 0x0000000082300000, 0x0000000082200000| Complete 
|  35|0x0000000082300000, 0x0000000082400000, 0x0000000082400000|100%| O|  |TAMS 0x0000000082400000, 0x0000000082300000| Untracked 
|  36|0x0000000082400000, 0x0000000082500000, 0x0000000082500000|100%| O|  |TAMS 0x0000000082500000, 0x0000000082400000| Untracked 
|  37|0x0000000082500000, 0x0000000082600000, 0x0000000082600000|100%| O|  |TAMS 0x0000000082600000, 0x0000000082500000| Untracked 
|  38|0x0000000082600000, 0x0000000082700000, 0x0000000082700000|100%| O|  |TAMS 0x0000000082700000, 0x0000000082600000| Untracked 
|  39|0x0000000082700000, 0x0000000082800000, 0x0000000082800000|100%| O|  |TAMS 0x0000000082800000, 0x0000000082700000| Untracked 
|  40|0x0000000082800000, 0x0000000082900000, 0x0000000082900000|100%| O|  |TAMS 0x0000000082900000, 0x0000000082800000| Untracked 
|  41|0x0000000082900000, 0x0000000082a00000, 0x0000000082a00000|100%| O|  |TAMS 0x0000000082a00000, 0x0000000082900000| Untracked 
|  42|0x0000000082a00000, 0x0000000082b00000, 0x0000000082b00000|100%| O|  |TAMS 0x0000000082b00000, 0x0000000082a00000| Untracked 
|  43|0x0000000082b00000, 0x0000000082c00000, 0x0000000082c00000|100%| O|  |TAMS 0x0000000082c00000, 0x0000000082b00000| Untracked 
|  44|0x0000000082c00000, 0x0000000082d00000, 0x0000000082d00000|100%| O|  |TAMS 0x0000000082d00000, 0x0000000082c00000| Untracked 
|  45|0x0000000082d00000, 0x0000000082e00000, 0x0000000082e00000|100%| O|  |TAMS 0x0000000082e00000, 0x0000000082d00000| Untracked 
|  46|0x0000000082e00000, 0x0000000082f00000, 0x0000000082f00000|100%| O|  |TAMS 0x0000000082f00000, 0x0000000082e00000| Untracked 
|  47|0x0000000082f00000, 0x0000000083000000, 0x0000000083000000|100%| O|  |TAMS 0x0000000083000000, 0x0000000082f00000| Untracked 
|  48|0x0000000083000000, 0x0000000083100000, 0x0000000083100000|100%| O|  |TAMS 0x0000000083100000, 0x0000000083000000| Untracked 
|  49|0x0000000083100000, 0x0000000083200000, 0x0000000083200000|100%| O|  |TAMS 0x0000000083200000, 0x0000000083100000| Untracked 
|  50|0x0000000083200000, 0x0000000083300000, 0x0000000083300000|100%| O|  |TAMS 0x0000000083300000, 0x0000000083200000| Untracked 
|  51|0x0000000083300000, 0x0000000083400000, 0x0000000083400000|100%| O|  |TAMS 0x0000000083400000, 0x0000000083300000| Untracked 
|  52|0x0000000083400000, 0x0000000083500000, 0x0000000083500000|100%| O|  |TAMS 0x0000000083500000, 0x0000000083400000| Untracked 
|  53|0x0000000083500000, 0x0000000083600000, 0x0000000083600000|100%|HS|  |TAMS 0x0000000083600000, 0x0000000083500000| Complete 
|  54|0x0000000083600000, 0x0000000083700000, 0x0000000083700000|100%|HC|  |TAMS 0x0000000083700000, 0x0000000083600000| Complete 
|  55|0x0000000083700000, 0x0000000083800000, 0x0000000083800000|100%|HS|  |TAMS 0x0000000083800000, 0x0000000083700000| Complete 
|  56|0x0000000083800000, 0x0000000083900000, 0x0000000083900000|100%|HC|  |TAMS 0x0000000083900000, 0x0000000083800000| Complete 
|  57|0x0000000083900000, 0x0000000083a00000, 0x0000000083a00000|100%|HS|  |TAMS 0x0000000083a00000, 0x0000000083900000| Complete 
|  58|0x0000000083a00000, 0x0000000083b00000, 0x0000000083b00000|100%|HS|  |TAMS 0x0000000083b00000, 0x0000000083a00000| Complete 
|  59|0x0000000083b00000, 0x0000000083c00000, 0x0000000083c00000|100%| O|  |TAMS 0x0000000083c00000, 0x0000000083b00000| Untracked 
|  60|0x0000000083c00000, 0x0000000083d00000, 0x0000000083d00000|100%| O|  |TAMS 0x0000000083d00000, 0x0000000083c00000| Untracked 
|  61|0x0000000083d00000, 0x0000000083e00000, 0x0000000083e00000|100%| O|  |TAMS 0x0000000083e00000, 0x0000000083d00000| Untracked 
|  62|0x0000000083e00000, 0x0000000083f00000, 0x0000000083f00000|100%| O|  |TAMS 0x0000000083f00000, 0x0000000083e00000| Untracked 
|  63|0x0000000083f00000, 0x0000000084000000, 0x0000000084000000|100%| O|  |TAMS 0x0000000084000000, 0x0000000083f00000| Untracked 
|  64|0x0000000084000000, 0x0000000084100000, 0x0000000084100000|100%| O|  |TAMS 0x0000000084100000, 0x0000000084000000| Untracked 
|  65|0x0000000084100000, 0x0000000084200000, 0x0000000084200000|100%| O|  |TAMS 0x0000000084200000, 0x0000000084100000| Untracked 
|  66|0x0000000084200000, 0x0000000084300000, 0x0000000084300000|100%| O|  |TAMS 0x0000000084300000, 0x0000000084200000| Untracked 
|  67|0x0000000084300000, 0x0000000084400000, 0x0000000084400000|100%| O|  |TAMS 0x0000000084400000, 0x0000000084300000| Untracked 
|  68|0x0000000084400000, 0x0000000084500000, 0x0000000084500000|100%| O|  |TAMS 0x0000000084500000, 0x0000000084400000| Untracked 
|  69|0x0000000084500000, 0x0000000084600000, 0x0000000084600000|100%| O|  |TAMS 0x0000000084600000, 0x0000000084500000| Untracked 
|  70|0x0000000084600000, 0x0000000084700000, 0x0000000084700000|100%| O|  |TAMS 0x0000000084700000, 0x0000000084600000| Untracked 
|  71|0x0000000084700000, 0x0000000084800000, 0x0000000084800000|100%| O|  |TAMS 0x0000000084800000, 0x0000000084700000| Untracked 
|  72|0x0000000084800000, 0x0000000084900000, 0x0000000084900000|100%| O|  |TAMS 0x0000000084900000, 0x0000000084800000| Untracked 
|  73|0x0000000084900000, 0x0000000084a00000, 0x0000000084a00000|100%| O|  |TAMS 0x0000000084a00000, 0x0000000084900000| Untracked 
|  74|0x0000000084a00000, 0x0000000084b00000, 0x0000000084b00000|100%| O|  |TAMS 0x0000000084b00000, 0x0000000084a00000| Untracked 
|  75|0x0000000084b00000, 0x0000000084c00000, 0x0000000084c00000|100%| O|  |TAMS 0x0000000084c00000, 0x0000000084b00000| Untracked 
|  76|0x0000000084c00000, 0x0000000084d00000, 0x0000000084d00000|100%| O|  |TAMS 0x0000000084d00000, 0x0000000084c00000| Untracked 
|  77|0x0000000084d00000, 0x0000000084e00000, 0x0000000084e00000|100%| O|  |TAMS 0x0000000084e00000, 0x0000000084d00000| Untracked 
|  78|0x0000000084e00000, 0x0000000084f00000, 0x0000000084f00000|100%| O|  |TAMS 0x0000000084f00000, 0x0000000084e00000| Untracked 
|  79|0x0000000084f00000, 0x0000000085000000, 0x0000000085000000|100%| O|  |TAMS 0x0000000085000000, 0x0000000084f00000| Untracked 
|  80|0x0000000085000000, 0x0000000085100000, 0x0000000085100000|100%| O|  |TAMS 0x0000000085100000, 0x0000000085000000| Untracked 
|  81|0x0000000085100000, 0x0000000085200000, 0x0000000085200000|100%| O|  |TAMS 0x0000000085200000, 0x0000000085100000| Untracked 
|  82|0x0000000085200000, 0x0000000085300000, 0x0000000085300000|100%| O|  |TAMS 0x0000000085300000, 0x0000000085200000| Untracked 
|  83|0x0000000085300000, 0x0000000085400000, 0x0000000085400000|100%| O|  |TAMS 0x0000000085400000, 0x0000000085300000| Untracked 
|  84|0x0000000085400000, 0x0000000085500000, 0x0000000085500000|100%| O|  |TAMS 0x0000000085500000, 0x0000000085400000| Untracked 
|  85|0x0000000085500000, 0x0000000085600000, 0x0000000085600000|100%| O|  |TAMS 0x0000000085600000, 0x0000000085500000| Untracked 
|  86|0x0000000085600000, 0x0000000085700000, 0x0000000085700000|100%| O|  |TAMS 0x0000000085600000, 0x0000000085600000| Untracked 
|  87|0x0000000085700000, 0x0000000085800000, 0x0000000085800000|100%| O|  |TAMS 0x0000000085800000, 0x0000000085700000| Untracked 
|  88|0x0000000085800000, 0x0000000085900000, 0x0000000085900000|100%| O|  |TAMS 0x0000000085900000, 0x0000000085800000| Untracked 
|  89|0x0000000085900000, 0x0000000085a00000, 0x0000000085a00000|100%| O|  |TAMS 0x0000000085a00000, 0x0000000085900000| Untracked 
|  90|0x0000000085a00000, 0x0000000085b00000, 0x0000000085b00000|100%| O|  |TAMS 0x0000000085b00000, 0x0000000085a00000| Untracked 
|  91|0x0000000085b00000, 0x0000000085c00000, 0x0000000085c00000|100%| O|  |TAMS 0x0000000085c00000, 0x0000000085b00000| Untracked 
|  92|0x0000000085c00000, 0x0000000085d00000, 0x0000000085d00000|100%| O|  |TAMS 0x0000000085d00000, 0x0000000085c00000| Untracked 
|  93|0x0000000085d00000, 0x0000000085e00000, 0x0000000085e00000|100%| O|  |TAMS 0x0000000085d00000, 0x0000000085d00000| Untracked 
|  94|0x0000000085e00000, 0x0000000085f00000, 0x0000000085f00000|100%| O|  |TAMS 0x0000000085f00000, 0x0000000085e00000| Untracked 
|  95|0x0000000085f00000, 0x0000000086000000, 0x0000000086000000|100%| O|  |TAMS 0x0000000086000000, 0x0000000085f00000| Untracked 
|  96|0x0000000086000000, 0x0000000086100000, 0x0000000086100000|100%| O|  |TAMS 0x0000000086100000, 0x0000000086000000| Untracked 
|  97|0x0000000086100000, 0x0000000086200000, 0x0000000086200000|100%| O|  |TAMS 0x0000000086200000, 0x0000000086100000| Untracked 
|  98|0x0000000086200000, 0x0000000086300000, 0x0000000086300000|100%| O|  |TAMS 0x0000000086300000, 0x0000000086200000| Untracked 
|  99|0x0000000086300000, 0x0000000086400000, 0x0000000086400000|100%| O|  |TAMS 0x0000000086400000, 0x0000000086300000| Untracked 
| 100|0x0000000086400000, 0x0000000086500000, 0x0000000086500000|100%| O|  |TAMS 0x0000000086500000, 0x0000000086400000| Untracked 
| 101|0x0000000086500000, 0x0000000086600000, 0x0000000086600000|100%| O|  |TAMS 0x0000000086600000, 0x0000000086500000| Untracked 
| 102|0x0000000086600000, 0x0000000086700000, 0x0000000086700000|100%| O|  |TAMS 0x0000000086700000, 0x0000000086600000| Untracked 
| 103|0x0000000086700000, 0x0000000086800000, 0x0000000086800000|100%| O|  |TAMS 0x0000000086800000, 0x0000000086700000| Untracked 
| 104|0x0000000086800000, 0x0000000086900000, 0x0000000086900000|100%| O|  |TAMS 0x0000000086900000, 0x0000000086800000| Untracked 
| 105|0x0000000086900000, 0x0000000086a00000, 0x0000000086a00000|100%| O|  |TAMS 0x0000000086a00000, 0x0000000086900000| Untracked 
| 106|0x0000000086a00000, 0x0000000086b00000, 0x0000000086b00000|100%| O|  |TAMS 0x0000000086b00000, 0x0000000086a00000| Untracked 
| 107|0x0000000086b00000, 0x0000000086c00000, 0x0000000086c00000|100%| O|  |TAMS 0x0000000086c00000, 0x0000000086b00000| Untracked 
| 108|0x0000000086c00000, 0x0000000086d00000, 0x0000000086d00000|100%| O|  |TAMS 0x0000000086d00000, 0x0000000086c00000| Untracked 
| 109|0x0000000086d00000, 0x0000000086e00000, 0x0000000086e00000|100%| O|  |TAMS 0x0000000086e00000, 0x0000000086d00000| Untracked 
| 110|0x0000000086e00000, 0x0000000086f00000, 0x0000000086f00000|100%| O|  |TAMS 0x0000000086f00000, 0x0000000086e00000| Untracked 
| 111|0x0000000086f00000, 0x0000000087000000, 0x0000000087000000|100%| O|  |TAMS 0x0000000087000000, 0x0000000086f00000| Untracked 
| 112|0x0000000087000000, 0x0000000087100000, 0x0000000087100000|100%| O|  |TAMS 0x0000000087100000, 0x0000000087000000| Untracked 
| 113|0x0000000087100000, 0x0000000087200000, 0x0000000087200000|100%| O|  |TAMS 0x0000000087200000, 0x0000000087100000| Untracked 
| 114|0x0000000087200000, 0x0000000087300000, 0x0000000087300000|100%| O|  |TAMS 0x0000000087300000, 0x0000000087200000| Untracked 
| 115|0x0000000087300000, 0x0000000087400000, 0x0000000087400000|100%| O|  |TAMS 0x0000000087400000, 0x0000000087300000| Untracked 
| 116|0x0000000087400000, 0x0000000087500000, 0x0000000087500000|100%| O|  |TAMS 0x00000000874c0e00, 0x0000000087400000| Untracked 
| 117|0x0000000087500000, 0x0000000087600000, 0x0000000087600000|100%| O|  |TAMS 0x0000000087500000, 0x0000000087500000| Untracked 
| 118|0x0000000087600000, 0x0000000087700000, 0x0000000087700000|100%| O|  |TAMS 0x0000000087600000, 0x0000000087600000| Untracked 
| 119|0x0000000087700000, 0x0000000087800000, 0x0000000087800000|100%| O|  |TAMS 0x0000000087700000, 0x0000000087700000| Untracked 
| 120|0x0000000087800000, 0x0000000087900000, 0x0000000087900000|100%| O|  |TAMS 0x0000000087800000, 0x0000000087800000| Untracked 
| 121|0x0000000087900000, 0x0000000087a00000, 0x0000000087a00000|100%| O|  |TAMS 0x0000000087900000, 0x0000000087900000| Untracked 
| 122|0x0000000087a00000, 0x0000000087b00000, 0x0000000087b00000|100%| O|  |TAMS 0x0000000087a00000, 0x0000000087a00000| Untracked 
| 123|0x0000000087b00000, 0x0000000087c00000, 0x0000000087c00000|100%| O|  |TAMS 0x0000000087b00000, 0x0000000087b00000| Untracked 
| 124|0x0000000087c00000, 0x0000000087d00000, 0x0000000087d00000|100%| O|  |TAMS 0x0000000087c00000, 0x0000000087c00000| Untracked 
| 125|0x0000000087d00000, 0x0000000087e00000, 0x0000000087e00000|100%| O|  |TAMS 0x0000000087d00000, 0x0000000087d00000| Untracked 
| 126|0x0000000087e00000, 0x0000000087f00000, 0x0000000087f00000|100%| O|  |TAMS 0x0000000087e00000, 0x0000000087e00000| Untracked 
| 127|0x0000000087f00000, 0x0000000088000000, 0x0000000088000000|100%| O|  |TAMS 0x0000000087f00000, 0x0000000087f00000| Untracked 
| 128|0x0000000088000000, 0x0000000088100000, 0x0000000088100000|100%| O|  |TAMS 0x0000000088000000, 0x0000000088000000| Untracked 
| 129|0x0000000088100000, 0x0000000088200000, 0x0000000088200000|100%| O|  |TAMS 0x0000000088100000, 0x0000000088100000| Untracked 
| 130|0x0000000088200000, 0x0000000088300000, 0x0000000088300000|100%| O|  |TAMS 0x0000000088200000, 0x0000000088200000| Untracked 
| 131|0x0000000088300000, 0x0000000088400000, 0x0000000088400000|100%| O|  |TAMS 0x0000000088300000, 0x0000000088300000| Untracked 
| 132|0x0000000088400000, 0x0000000088500000, 0x0000000088500000|100%| O|  |TAMS 0x0000000088400000, 0x0000000088400000| Untracked 
| 133|0x0000000088500000, 0x0000000088600000, 0x0000000088600000|100%| O|  |TAMS 0x0000000088500000, 0x0000000088500000| Untracked 
| 134|0x0000000088600000, 0x0000000088700000, 0x0000000088700000|100%| O|  |TAMS 0x0000000088600000, 0x0000000088600000| Untracked 
| 135|0x0000000088700000, 0x0000000088800000, 0x0000000088800000|100%| O|  |TAMS 0x0000000088700000, 0x0000000088700000| Untracked 
| 136|0x0000000088800000, 0x0000000088900000, 0x0000000088900000|100%| O|  |TAMS 0x0000000088800000, 0x0000000088800000| Untracked 
| 137|0x0000000088900000, 0x0000000088a00000, 0x0000000088a00000|100%| O|  |TAMS 0x0000000088900000, 0x0000000088900000| Untracked 
| 138|0x0000000088a00000, 0x0000000088b00000, 0x0000000088b00000|100%| O|  |TAMS 0x0000000088a00000, 0x0000000088a00000| Untracked 
| 139|0x0000000088b00000, 0x0000000088c00000, 0x0000000088c00000|100%| O|  |TAMS 0x0000000088b00000, 0x0000000088b00000| Untracked 
| 140|0x0000000088c00000, 0x0000000088d00000, 0x0000000088d00000|100%| O|  |TAMS 0x0000000088c00000, 0x0000000088c00000| Untracked 
| 141|0x0000000088d00000, 0x0000000088e00000, 0x0000000088e00000|100%| O|  |TAMS 0x0000000088d00000, 0x0000000088d00000| Untracked 
| 142|0x0000000088e00000, 0x0000000088f00000, 0x0000000088f00000|100%| O|  |TAMS 0x0000000088e00000, 0x0000000088e00000| Untracked 
| 143|0x0000000088f00000, 0x0000000089000000, 0x0000000089000000|100%| O|  |TAMS 0x0000000088f00000, 0x0000000088f00000| Untracked 
| 144|0x0000000089000000, 0x0000000089100000, 0x0000000089100000|100%| O|  |TAMS 0x0000000089000000, 0x0000000089000000| Untracked 
| 145|0x0000000089100000, 0x0000000089200000, 0x0000000089200000|100%| O|  |TAMS 0x0000000089100000, 0x0000000089100000| Untracked 
| 146|0x0000000089200000, 0x0000000089300000, 0x0000000089300000|100%| O|  |TAMS 0x0000000089200000, 0x0000000089200000| Untracked 
| 147|0x0000000089300000, 0x0000000089400000, 0x0000000089400000|100%| O|  |TAMS 0x0000000089300000, 0x0000000089300000| Untracked 
| 148|0x0000000089400000, 0x0000000089500000, 0x0000000089500000|100%| O|  |TAMS 0x0000000089400000, 0x0000000089400000| Untracked 
| 149|0x0000000089500000, 0x0000000089600000, 0x0000000089600000|100%| O|  |TAMS 0x0000000089500000, 0x0000000089500000| Untracked 
| 150|0x0000000089600000, 0x0000000089700000, 0x0000000089700000|100%| O|  |TAMS 0x0000000089600000, 0x0000000089600000| Untracked 
| 151|0x0000000089700000, 0x0000000089800000, 0x0000000089800000|100%| O|  |TAMS 0x0000000089700000, 0x0000000089700000| Untracked 
| 152|0x0000000089800000, 0x0000000089900000, 0x0000000089900000|100%| O|  |TAMS 0x0000000089800000, 0x0000000089800000| Untracked 
| 153|0x0000000089900000, 0x0000000089a00000, 0x0000000089a00000|100%| O|  |TAMS 0x0000000089900000, 0x0000000089900000| Untracked 
| 154|0x0000000089a00000, 0x0000000089b00000, 0x0000000089b00000|100%| O|  |TAMS 0x0000000089a00000, 0x0000000089a00000| Untracked 
| 155|0x0000000089b00000, 0x0000000089c00000, 0x0000000089c00000|100%| O|  |TAMS 0x0000000089b00000, 0x0000000089b00000| Untracked 
| 156|0x0000000089c00000, 0x0000000089d00000, 0x0000000089d00000|100%| O|  |TAMS 0x0000000089c00000, 0x0000000089c00000| Untracked 
| 157|0x0000000089d00000, 0x0000000089e00000, 0x0000000089e00000|100%| O|  |TAMS 0x0000000089d00000, 0x0000000089d00000| Untracked 
| 158|0x0000000089e00000, 0x0000000089f00000, 0x0000000089f00000|100%| O|  |TAMS 0x0000000089e00000, 0x0000000089e00000| Untracked 
| 159|0x0000000089f00000, 0x000000008a000000, 0x000000008a000000|100%| O|  |TAMS 0x0000000089f00000, 0x0000000089f00000| Untracked 
| 160|0x000000008a000000, 0x000000008a100000, 0x000000008a100000|100%| O|  |TAMS 0x000000008a000000, 0x000000008a000000| Untracked 
| 161|0x000000008a100000, 0x000000008a200000, 0x000000008a200000|100%| O|  |TAMS 0x000000008a100000, 0x000000008a100000| Untracked 
| 162|0x000000008a200000, 0x000000008a300000, 0x000000008a300000|100%| O|  |TAMS 0x000000008a200000, 0x000000008a200000| Untracked 
| 163|0x000000008a300000, 0x000000008a400000, 0x000000008a400000|100%| O|  |TAMS 0x000000008a300000, 0x000000008a300000| Untracked 
| 164|0x000000008a400000, 0x000000008a500000, 0x000000008a500000|100%| O|  |TAMS 0x000000008a400000, 0x000000008a400000| Untracked 
| 165|0x000000008a500000, 0x000000008a600000, 0x000000008a600000|100%|HS|  |TAMS 0x000000008a500000, 0x000000008a500000| Complete 
| 166|0x000000008a600000, 0x000000008a700000, 0x000000008a700000|100%|HC|  |TAMS 0x000000008a600000, 0x000000008a600000| Complete 
| 167|0x000000008a700000, 0x000000008a800000, 0x000000008a800000|100%| O|  |TAMS 0x000000008a700000, 0x000000008a700000| Untracked 
| 168|0x000000008a800000, 0x000000008a900000, 0x000000008a900000|100%| O|  |TAMS 0x000000008a800000, 0x000000008a800000| Untracked 
| 169|0x000000008a900000, 0x000000008aa00000, 0x000000008aa00000|100%| O|  |TAMS 0x000000008a900000, 0x000000008a900000| Untracked 
| 170|0x000000008aa00000, 0x000000008ab00000, 0x000000008ab00000|100%| O|  |TAMS 0x000000008aa00000, 0x000000008aa00000| Untracked 
| 171|0x000000008ab00000, 0x000000008ac00000, 0x000000008ac00000|100%| O|  |TAMS 0x000000008ab00000, 0x000000008ab00000| Untracked 
| 172|0x000000008ac00000, 0x000000008ad00000, 0x000000008ad00000|100%| O|  |TAMS 0x000000008ac00000, 0x000000008ac00000| Untracked 
| 173|0x000000008ad00000, 0x000000008ae00000, 0x000000008ae00000|100%| O|  |TAMS 0x000000008ad00000, 0x000000008ad00000| Untracked 
| 174|0x000000008ae00000, 0x000000008af00000, 0x000000008af00000|100%| O|  |TAMS 0x000000008ae00000, 0x000000008ae00000| Untracked 
| 175|0x000000008af00000, 0x000000008b000000, 0x000000008b000000|100%| O|  |TAMS 0x000000008af00000, 0x000000008af00000| Untracked 
| 176|0x000000008b000000, 0x000000008b100000, 0x000000008b100000|100%| O|  |TAMS 0x000000008b000000, 0x000000008b000000| Untracked 
| 177|0x000000008b100000, 0x000000008b200000, 0x000000008b200000|100%| O|  |TAMS 0x000000008b100000, 0x000000008b100000| Untracked 
| 178|0x000000008b200000, 0x000000008b300000, 0x000000008b300000|100%| O|  |TAMS 0x000000008b200000, 0x000000008b200000| Untracked 
| 179|0x000000008b300000, 0x000000008b400000, 0x000000008b400000|100%| O|  |TAMS 0x000000008b300000, 0x000000008b300000| Untracked 
| 180|0x000000008b400000, 0x000000008b500000, 0x000000008b500000|100%| O|  |TAMS 0x000000008b400000, 0x000000008b400000| Untracked 
| 181|0x000000008b500000, 0x000000008b600000, 0x000000008b600000|100%| O|  |TAMS 0x000000008b500000, 0x000000008b500000| Untracked 
| 182|0x000000008b600000, 0x000000008b700000, 0x000000008b700000|100%| O|  |TAMS 0x000000008b600000, 0x000000008b600000| Untracked 
| 183|0x000000008b700000, 0x000000008b800000, 0x000000008b800000|100%| O|  |TAMS 0x000000008b700000, 0x000000008b700000| Untracked 
| 184|0x000000008b800000, 0x000000008b900000, 0x000000008b900000|100%| O|  |TAMS 0x000000008b800000, 0x000000008b800000| Untracked 
| 185|0x000000008b900000, 0x000000008ba00000, 0x000000008ba00000|100%| O|  |TAMS 0x000000008b900000, 0x000000008b900000| Untracked 
| 186|0x000000008ba00000, 0x000000008bb00000, 0x000000008bb00000|100%| O|  |TAMS 0x000000008ba00000, 0x000000008ba00000| Untracked 
| 187|0x000000008bb00000, 0x000000008bb59000, 0x000000008bc00000| 34%| O|  |TAMS 0x000000008bb00000, 0x000000008bb00000| Untracked 
| 188|0x000000008bc00000, 0x000000008bc00000, 0x000000008bd00000|  0%| F|  |TAMS 0x000000008bc00000, 0x000000008bc00000| Untracked 
| 189|0x000000008bd00000, 0x000000008bd00000, 0x000000008be00000|  0%| F|  |TAMS 0x000000008bd00000, 0x000000008bd00000| Untracked 
| 190|0x000000008be00000, 0x000000008be00000, 0x000000008bf00000|  0%| F|  |TAMS 0x000000008be00000, 0x000000008be00000| Untracked 
| 191|0x000000008bf00000, 0x000000008bf00000, 0x000000008c000000|  0%| F|  |TAMS 0x000000008bf00000, 0x000000008bf00000| Untracked 
| 192|0x000000008c000000, 0x000000008c000000, 0x000000008c100000|  0%| F|  |TAMS 0x000000008c000000, 0x000000008c000000| Untracked 
| 193|0x000000008c100000, 0x000000008c100000, 0x000000008c200000|  0%| F|  |TAMS 0x000000008c100000, 0x000000008c100000| Untracked 
| 194|0x000000008c200000, 0x000000008c200000, 0x000000008c300000|  0%| F|  |TAMS 0x000000008c200000, 0x000000008c200000| Untracked 
| 195|0x000000008c300000, 0x000000008c300000, 0x000000008c400000|  0%| F|  |TAMS 0x000000008c300000, 0x000000008c300000| Untracked 
| 196|0x000000008c400000, 0x000000008c400000, 0x000000008c500000|  0%| F|  |TAMS 0x000000008c400000, 0x000000008c400000| Untracked 
| 197|0x000000008c500000, 0x000000008c500000, 0x000000008c600000|  0%| F|  |TAMS 0x000000008c500000, 0x000000008c500000| Untracked 
| 198|0x000000008c600000, 0x000000008c600000, 0x000000008c700000|  0%| F|  |TAMS 0x000000008c600000, 0x000000008c600000| Untracked 
| 199|0x000000008c700000, 0x000000008c700000, 0x000000008c800000|  0%| F|  |TAMS 0x000000008c700000, 0x000000008c700000| Untracked 
| 200|0x000000008c800000, 0x000000008c800000, 0x000000008c900000|  0%| F|  |TAMS 0x000000008c800000, 0x000000008c800000| Untracked 
| 201|0x000000008c900000, 0x000000008c900000, 0x000000008ca00000|  0%| F|  |TAMS 0x000000008c900000, 0x000000008c900000| Untracked 
| 202|0x000000008ca00000, 0x000000008ca00000, 0x000000008cb00000|  0%| F|  |TAMS 0x000000008ca00000, 0x000000008ca00000| Untracked 
| 203|0x000000008cb00000, 0x000000008cb00000, 0x000000008cc00000|  0%| F|  |TAMS 0x000000008cb00000, 0x000000008cb00000| Untracked 
| 204|0x000000008cc00000, 0x000000008cc00000, 0x000000008cd00000|  0%| F|  |TAMS 0x000000008cc00000, 0x000000008cc00000| Untracked 
| 205|0x000000008cd00000, 0x000000008cd00000, 0x000000008ce00000|  0%| F|  |TAMS 0x000000008cd00000, 0x000000008cd00000| Untracked 
| 206|0x000000008ce00000, 0x000000008cf00000, 0x000000008cf00000|100%| S|CS|TAMS 0x000000008ce00000, 0x000000008ce00000| Complete 
| 207|0x000000008cf00000, 0x000000008cf00000, 0x000000008d000000|  0%| F|  |TAMS 0x000000008cf00000, 0x000000008cf00000| Untracked 
| 208|0x000000008d000000, 0x000000008d000000, 0x000000008d100000|  0%| F|  |TAMS 0x000000008d000000, 0x000000008d000000| Untracked 
| 209|0x000000008d100000, 0x000000008d200000, 0x000000008d200000|100%| S|CS|TAMS 0x000000008d100000, 0x000000008d100000| Complete 
| 210|0x000000008d200000, 0x000000008d200000, 0x000000008d300000|  0%| F|  |TAMS 0x000000008d200000, 0x000000008d200000| Untracked 
| 211|0x000000008d300000, 0x000000008d300000, 0x000000008d400000|  0%| F|  |TAMS 0x000000008d300000, 0x000000008d300000| Untracked 
| 212|0x000000008d400000, 0x000000008d400000, 0x000000008d500000|  0%| F|  |TAMS 0x000000008d400000, 0x000000008d400000| Untracked 
| 213|0x000000008d500000, 0x000000008d500000, 0x000000008d600000|  0%| F|  |TAMS 0x000000008d500000, 0x000000008d500000| Untracked 
| 214|0x000000008d600000, 0x000000008d600000, 0x000000008d700000|  0%| F|  |TAMS 0x000000008d600000, 0x000000008d600000| Untracked 
| 215|0x000000008d700000, 0x000000008d700000, 0x000000008d800000|  0%| F|  |TAMS 0x000000008d700000, 0x000000008d700000| Untracked 
| 216|0x000000008d800000, 0x000000008d800000, 0x000000008d900000|  0%| F|  |TAMS 0x000000008d800000, 0x000000008d800000| Untracked 
| 217|0x000000008d900000, 0x000000008d900000, 0x000000008da00000|  0%| F|  |TAMS 0x000000008d900000, 0x000000008d900000| Untracked 

Card table byte_map: [0x000002853f500000,0x000002853f900000] _byte_map_base: 0x000002853f100000

Marking Bits (Prev, Next): (CMBitMap*) 0x00000285282a9e50, (CMBitMap*) 0x00000285282a9e10
 Prev Bits: [0x0000028541d00000, 0x0000028543d00000)
 Next Bits: [0x000002853fd00000, 0x0000028541d00000)

Polling page: 0x0000028526060000

Metaspace:

Usage:
  Non-class:     93.15 MB used.
      Class:     14.64 MB used.
       Both:    107.79 MB used.

Virtual space:
  Non-class space:      128.00 MB reserved,      93.62 MB ( 73%) committed,  2 nodes.
      Class space:        1.00 GB reserved,      15.06 MB (  1%) committed,  1 nodes.
             Both:        1.12 GB reserved,     108.69 MB (  9%) committed. 

Chunk freelists:
   Non-Class:  2.31 MB
       Class:  962.00 KB
        Both:  3.25 MB

MaxMetaspaceSize: unlimited
CompressedClassSpaceSize: 1.00 GB
Initial GC threshold: 21.00 MB
Current GC threshold: 157.31 MB
CDS: on
MetaspaceReclaimPolicy: balanced
 - commit_granule_bytes: 65536.
 - commit_granule_words: 8192.
 - virtual_space_node_default_size: 8388608.
 - enlarge_chunks_in_place: 1.
 - new_chunks_are_fully_committed: 0.
 - uncommit_free_chunks: 1.
 - use_allocation_guard: 0.
 - handle_deallocations: 1.


Internal statistics:

num_allocs_failed_limit: 12.
num_arena_births: 1320.
num_arena_deaths: 0.
num_vsnodes_births: 3.
num_vsnodes_deaths: 0.
num_space_committed: 1738.
num_space_uncommitted: 0.
num_chunks_returned_to_freelist: 12.
num_chunks_taken_from_freelist: 6034.
num_chunk_merges: 12.
num_chunk_splits: 3961.
num_chunks_enlarged: 2588.
num_inconsistent_stats: 0.

CodeHeap 'non-profiled nmethods': size=120000Kb used=9337Kb max_used=10270Kb free=110662Kb
 bounds [0x00000285378a0000, 0x00000285382b0000, 0x000002853edd0000]
CodeHeap 'profiled nmethods': size=120000Kb used=25448Kb max_used=25868Kb free=94551Kb
 bounds [0x000002852fdd0000, 0x0000028531720000, 0x0000028537300000]
CodeHeap 'non-nmethods': size=5760Kb used=2436Kb max_used=2481Kb free=3324Kb
 bounds [0x0000028537300000, 0x0000028537580000, 0x00000285378a0000]
 total_blobs=14399 nmethods=13417 adapters=894
 compilation: enabled
              stopped_count=0, restarted_count=0
 full_count=0

Compilation events (20 events):
Event: 55.856 Thread 0x000002854671f530 16704   !   2       com.sun.tools.javac.comp.Resolve::loadClass (83 bytes)
Event: 55.856 Thread 0x000002854671f530 nmethod 16704 0x000002853097d290 code [0x000002853097d4a0, 0x000002853097da28]
Event: 55.856 Thread 0x000002854671f530 16705   !   2       com.sun.tools.javac.code.ClassFinder::loadClass (127 bytes)
Event: 55.857 Thread 0x000002854671f530 nmethod 16705 0x00000285309fba10 code [0x00000285309fbc80, 0x00000285309fc3a8]
Event: 55.857 Thread 0x000002854671f530 16706       2       com.sun.tools.javac.comp.Resolve::lookupPackage (85 bytes)
Event: 55.858 Thread 0x000002854671f530 nmethod 16706 0x000002853077ba90 code [0x000002853077bd00, 0x000002853077c358]
Event: 55.858 Thread 0x000002854671f530 16709       2       com.sun.tools.javac.code.ClassFinder::completeEnclosing (104 bytes)
Event: 55.858 Thread 0x000002854671f530 nmethod 16709 0x000002853077ae90 code [0x000002853077b0e0, 0x000002853077b668]
Event: 55.858 Thread 0x000002854671f530 16707       2       com.sun.tools.javac.comp.Attr::check (219 bytes)
Event: 55.859 Thread 0x000002854671f530 nmethod 16707 0x00000285303f3f10 code [0x00000285303f41c0, 0x00000285303f4a38]
Event: 55.859 Thread 0x000002854671f530 16708       2       com.sun.tools.javac.code.Symbol::isDeprecatedForRemoval (19 bytes)
Event: 55.859 Thread 0x000002854671f530 nmethod 16708 0x00000285306e4590 code [0x00000285306e4720, 0x00000285306e4858]
Event: 55.859 Thread 0x000002854671f530 16710   !   2       com.sun.tools.javac.code.ClassFinder::fillIn (322 bytes)
Event: 55.860 Thread 0x000002854671f530 nmethod 16710 0x0000028531379810 code [0x0000028531379c20, 0x000002853137afb8]
Event: 55.860 Thread 0x000002854671f530 16711       2       jdk.nio.zipfs.ZipFileSystem$EntryInputStream::read (127 bytes)
Event: 55.861 Thread 0x000002854671f530 nmethod 16711 0x0000028530462790 code [0x00000285304629a0, 0x0000028530462dc8]
Event: 55.861 Thread 0x000002854671f530 16712       2       jdk.nio.zipfs.ZipFileSystem$EntryInputStream::initDataPos (94 bytes)
Event: 55.861 Thread 0x000002854671f530 nmethod 16712 0x00000285303f3690 code [0x00000285303f3860, 0x00000285303f3c08]
Event: 55.862 Thread 0x000002854671f530 16714       2       com.sun.tools.javac.code.Type$JCVoidType::getTag (4 bytes)
Event: 55.862 Thread 0x000002854671f530 nmethod 16714 0x00000285309fb690 code [0x00000285309fb820, 0x00000285309fb938]

GC Heap History (20 events):
Event: 52.873 GC heap after
{Heap after GC invocations=54 (full 0):
 garbage-first heap   total 223232K, used 143478K [0x0000000080000000, 0x0000000100000000)
  region size 1024K, 5 young (5120K), 5 survivors (5120K)
 Metaspace       used 101767K, committed 102656K, reserved 1179648K
  class space    used 13986K, committed 14400K, reserved 1048576K
}
Event: 53.087 GC heap before
{Heap before GC invocations=54 (full 0):
 garbage-first heap   total 223232K, used 191606K [0x0000000080000000, 0x0000000100000000)
  region size 1024K, 53 young (54272K), 5 survivors (5120K)
 Metaspace       used 102250K, committed 103168K, reserved 1179648K
  class space    used 14041K, committed 14464K, reserved 1048576K
}
Event: 53.118 GC heap after
{Heap after GC invocations=55 (full 0):
 garbage-first heap   total 223232K, used 152394K [0x0000000080000000, 0x0000000100000000)
  region size 1024K, 7 young (7168K), 7 survivors (7168K)
 Metaspace       used 102250K, committed 103168K, reserved 1179648K
  class space    used 14041K, committed 14464K, reserved 1048576K
}
Event: 53.824 GC heap before
{Heap before GC invocations=55 (full 0):
 garbage-first heap   total 223232K, used 188234K [0x0000000080000000, 0x0000000100000000)
  region size 1024K, 42 young (43008K), 7 survivors (7168K)
 Metaspace       used 103055K, committed 103936K, reserved 1179648K
  class space    used 14128K, committed 14528K, reserved 1048576K
}
Event: 53.841 GC heap after
{Heap after GC invocations=56 (full 0):
 garbage-first heap   total 223232K, used 160178K [0x0000000080000000, 0x0000000100000000)
  region size 1024K, 6 young (6144K), 6 survivors (6144K)
 Metaspace       used 103055K, committed 103936K, reserved 1179648K
  class space    used 14128K, committed 14528K, reserved 1048576K
}
Event: 54.848 GC heap before
{Heap before GC invocations=56 (full 0):
 garbage-first heap   total 223232K, used 186802K [0x0000000080000000, 0x0000000100000000)
  region size 1024K, 33 young (33792K), 6 survivors (6144K)
 Metaspace       used 109560K, committed 110528K, reserved 1179648K
  class space    used 14918K, committed 15360K, reserved 1048576K
}
Event: 54.859 GC heap after
{Heap after GC invocations=57 (full 0):
 garbage-first heap   total 223232K, used 167573K [0x0000000080000000, 0x0000000100000000)
  region size 1024K, 5 young (5120K), 5 survivors (5120K)
 Metaspace       used 109560K, committed 110528K, reserved 1179648K
  class space    used 14918K, committed 15360K, reserved 1048576K
}
Event: 55.036 GC heap before
{Heap before GC invocations=57 (full 0):
 garbage-first heap   total 223232K, used 187029K [0x0000000080000000, 0x0000000100000000)
  region size 1024K, 25 young (25600K), 5 survivors (5120K)
 Metaspace       used 109688K, committed 110656K, reserved 1179648K
  class space    used 14921K, committed 15360K, reserved 1048576K
}
Event: 55.042 GC heap after
{Heap after GC invocations=58 (full 0):
 garbage-first heap   total 223232K, used 172749K [0x0000000080000000, 0x0000000100000000)
  region size 1024K, 4 young (4096K), 4 survivors (4096K)
 Metaspace       used 109688K, committed 110656K, reserved 1179648K
  class space    used 14921K, committed 15360K, reserved 1048576K
}
Event: 55.210 GC heap before
{Heap before GC invocations=58 (full 0):
 garbage-first heap   total 223232K, used 191181K [0x0000000080000000, 0x0000000100000000)
  region size 1024K, 20 young (20480K), 4 survivors (4096K)
 Metaspace       used 109791K, committed 110784K, reserved 1179648K
  class space    used 14929K, committed 15424K, reserved 1048576K
}
Event: 55.214 GC heap after
{Heap after GC invocations=59 (full 0):
 garbage-first heap   total 223232K, used 179225K [0x0000000080000000, 0x0000000100000000)
  region size 1024K, 3 young (3072K), 3 survivors (3072K)
 Metaspace       used 109791K, committed 110784K, reserved 1179648K
  class space    used 14929K, committed 15424K, reserved 1048576K
}
Event: 55.367 GC heap before
{Heap before GC invocations=59 (full 0):
 garbage-first heap   total 223232K, used 190489K [0x0000000080000000, 0x0000000100000000)
  region size 1024K, 14 young (14336K), 3 survivors (3072K)
 Metaspace       used 109792K, committed 110784K, reserved 1179648K
  class space    used 14929K, committed 15424K, reserved 1048576K
}
Event: 55.370 GC heap after
{Heap after GC invocations=60 (full 0):
 garbage-first heap   total 223232K, used 183053K [0x0000000080000000, 0x0000000100000000)
  region size 1024K, 2 young (2048K), 2 survivors (2048K)
 Metaspace       used 109792K, committed 110784K, reserved 1179648K
  class space    used 14929K, committed 15424K, reserved 1048576K
}
Event: 55.580 GC heap before
{Heap before GC invocations=60 (full 0):
 garbage-first heap   total 223232K, used 191245K [0x0000000080000000, 0x0000000100000000)
  region size 1024K, 11 young (11264K), 2 survivors (2048K)
 Metaspace       used 109821K, committed 110784K, reserved 1179648K
  class space    used 14930K, committed 15424K, reserved 1048576K
}
Event: 55.583 GC heap after
{Heap after GC invocations=61 (full 0):
 garbage-first heap   total 223232K, used 186134K [0x0000000080000000, 0x0000000100000000)
  region size 1024K, 2 young (2048K), 2 survivors (2048K)
 Metaspace       used 109821K, committed 110784K, reserved 1179648K
  class space    used 14930K, committed 15424K, reserved 1048576K
}
Event: 55.741 GC heap before
{Heap before GC invocations=61 (full 0):
 garbage-first heap   total 223232K, used 193302K [0x0000000080000000, 0x0000000100000000)
  region size 1024K, 10 young (10240K), 2 survivors (2048K)
 Metaspace       used 110090K, committed 111040K, reserved 1179648K
  class space    used 14965K, committed 15424K, reserved 1048576K
}
Event: 55.743 GC heap after
{Heap after GC invocations=62 (full 0):
 garbage-first heap   total 223232K, used 188760K [0x0000000080000000, 0x0000000100000000)
  region size 1024K, 2 young (2048K), 2 survivors (2048K)
 Metaspace       used 110090K, committed 111040K, reserved 1179648K
  class space    used 14965K, committed 15424K, reserved 1048576K
}
Event: 55.801 GC heap before
{Heap before GC invocations=62 (full 0):
 garbage-first heap   total 223232K, used 196952K [0x0000000080000000, 0x0000000100000000)
  region size 1024K, 10 young (10240K), 2 survivors (2048K)
 Metaspace       used 110205K, committed 111168K, reserved 1179648K
  class space    used 14974K, committed 15424K, reserved 1048576K
}
Event: 55.804 GC heap after
{Heap after GC invocations=63 (full 0):
 garbage-first heap   total 223232K, used 191256K [0x0000000080000000, 0x0000000100000000)
  region size 1024K, 2 young (2048K), 2 survivors (2048K)
 Metaspace       used 110205K, committed 111168K, reserved 1179648K
  class space    used 14974K, committed 15424K, reserved 1048576K
}
Event: 55.863 GC heap before
{Heap before GC invocations=63 (full 0):
 garbage-first heap   total 223232K, used 199448K [0x0000000080000000, 0x0000000100000000)
  region size 1024K, 10 young (10240K), 2 survivors (2048K)
 Metaspace       used 110376K, committed 111296K, reserved 1179648K
  class space    used 14988K, committed 15424K, reserved 1048576K
}

Dll operation events (16 events):
Event: 0.022 Loaded shared library C:\Users\Lenovo\.jdks\corretto-17.0.18\bin\java.dll
Event: 0.038 Loaded shared library C:\Users\Lenovo\.jdks\corretto-17.0.18\bin\jsvml.dll
Event: 0.103 Loaded shared library C:\Users\Lenovo\.jdks\corretto-17.0.18\bin\zip.dll
Event: 0.107 Loaded shared library C:\Users\Lenovo\.jdks\corretto-17.0.18\bin\instrument.dll
Event: 0.113 Loaded shared library C:\Users\Lenovo\.jdks\corretto-17.0.18\bin\net.dll
Event: 0.115 Loaded shared library C:\Users\Lenovo\.jdks\corretto-17.0.18\bin\nio.dll
Event: 0.118 Loaded shared library C:\Users\Lenovo\.jdks\corretto-17.0.18\bin\zip.dll
Event: 0.510 Loaded shared library C:\Users\Lenovo\.jdks\corretto-17.0.18\bin\jimage.dll
Event: 0.751 Loaded shared library C:\Users\Lenovo\.jdks\corretto-17.0.18\bin\verify.dll
Event: 0.991 Loaded shared library C:\Users\Lenovo\.gradle\native\c067742578af261105cb4f569cf0c3c89f3d7b1fecec35dd04571415982c5e48\windows-amd64\native-platform.dll
Event: 1.024 Loaded shared library C:\Users\Lenovo\.gradle\native\100fb08df4bc3b14c8652ba06237920a3bd2aa13389f12d3474272988ae205f9\windows-amd64\native-platform-file-events.dll
Event: 2.386 Loaded shared library C:\Users\Lenovo\.jdks\corretto-17.0.18\bin\management.dll
Event: 2.391 Loaded shared library C:\Users\Lenovo\.jdks\corretto-17.0.18\bin\management_ext.dll
Event: 2.685 Loaded shared library C:\Users\Lenovo\.jdks\corretto-17.0.18\bin\extnet.dll
Event: 2.920 Loaded shared library C:\Users\Lenovo\.jdks\corretto-17.0.18\bin\sunmscapi.dll
Event: 26.186 Loaded shared library C:\Users\Lenovo\.jdks\corretto-17.0.18\bin\rmi.dll

Deoptimization events (20 events):
Event: 55.395 Thread 0x0000028591bcdd50 DEOPT PACKING pc=0x00000285379a1bc8 sp=0x000000c2728f8950
Event: 55.395 Thread 0x0000028591bcdd50 DEOPT UNPACKING pc=0x00000285373569a3 sp=0x000000c2728f8980 mode 2
Event: 55.497 Thread 0x0000028591bcdd50 DEOPT PACKING pc=0x000002852fe64134 sp=0x000000c2728f8e80
Event: 55.497 Thread 0x0000028591bcdd50 DEOPT UNPACKING pc=0x0000028537357143 sp=0x000000c2728f83c0 mode 0
Event: 55.710 Thread 0x0000028591bcdd50 Uncommon trap: trap_request=0xffffff45 fr.pc=0x0000028537b987c4 relative=0x0000000000001124
Event: 55.710 Thread 0x0000028591bcdd50 Uncommon trap: reason=unstable_if action=reinterpret pc=0x0000028537b987c4 method=java.nio.file.FileTreeWalker.visit(Ljava/nio/file/Path;ZZ)Ljava/nio/file/FileTreeWalker$Event; @ 53 c2
Event: 55.710 Thread 0x0000028591bcdd50 DEOPT PACKING pc=0x0000028537b987c4 sp=0x000000c2728f93a0
Event: 55.710 Thread 0x0000028591bcdd50 DEOPT UNPACKING pc=0x00000285373569a3 sp=0x000000c2728f92d8 mode 2
Event: 55.767 Thread 0x0000028591bcdd50 DEOPT PACKING pc=0x00000285301fda95 sp=0x000000c2728f87d0
Event: 55.767 Thread 0x0000028591bcdd50 DEOPT UNPACKING pc=0x0000028537357143 sp=0x000000c2728f7cd0 mode 0
Event: 55.784 Thread 0x0000028591bcdd50 DEOPT PACKING pc=0x000002853055cdd3 sp=0x000000c2728f8620
Event: 55.784 Thread 0x0000028591bcdd50 DEOPT UNPACKING pc=0x0000028537357143 sp=0x000000c2728f7ab0 mode 0
Event: 55.806 Thread 0x0000028591bcdd50 Uncommon trap: trap_request=0xffffff45 fr.pc=0x00000285382992a8 relative=0x0000000000000868
Event: 55.806 Thread 0x0000028591bcdd50 Uncommon trap: reason=unstable_if action=reinterpret pc=0x00000285382992a8 method=com.sun.tools.javac.util.Convert.utf2chars([BI[CII)I @ 91 c2
Event: 55.806 Thread 0x0000028591bcdd50 DEOPT PACKING pc=0x00000285382992a8 sp=0x000000c2728f89c0
Event: 55.806 Thread 0x0000028591bcdd50 DEOPT UNPACKING pc=0x00000285373569a3 sp=0x000000c2728f88e0 mode 2
Event: 55.808 Thread 0x0000028591bcdd50 Uncommon trap: trap_request=0xffffff45 fr.pc=0x000002853829dad8 relative=0x00000000000002b8
Event: 55.808 Thread 0x0000028591bcdd50 Uncommon trap: reason=unstable_if action=reinterpret pc=0x000002853829dad8 method=com.sun.tools.javac.util.Convert.utf2chars([BI[CII)I @ 91 c2
Event: 55.808 Thread 0x0000028591bcdd50 DEOPT PACKING pc=0x000002853829dad8 sp=0x000000c2728f8670
Event: 55.808 Thread 0x0000028591bcdd50 DEOPT UNPACKING pc=0x00000285373569a3 sp=0x000000c2728f85d0 mode 2

Classes loaded (20 events):
Event: 54.047 Loading class java/util/JumboEnumSet
Event: 54.048 Loading class java/util/JumboEnumSet done
Event: 54.058 Loading class java/util/JumboEnumSet$EnumSetIterator
Event: 54.058 Loading class java/util/JumboEnumSet$EnumSetIterator done
Event: 54.065 Loading class java/util/ResourceBundle$KeyElementReference
Event: 54.066 Loading class java/util/ResourceBundle$CacheKeyReference
Event: 54.066 Loading class java/util/ResourceBundle$CacheKeyReference done
Event: 54.066 Loading class java/util/ResourceBundle$KeyElementReference done
Event: 54.066 Loading class java/util/ResourceBundle$3
Event: 54.066 Loading class java/util/ResourceBundle$3 done
Event: 54.074 Loading class java/util/ResourceBundle$BundleReference
Event: 54.074 Loading class java/util/ResourceBundle$BundleReference done
Event: 54.174 Loading class java/util/ServiceLoader$ProviderSpliterator
Event: 54.174 Loading class java/util/ServiceLoader$ProviderSpliterator done
Event: 55.688 Loading class java/util/ImmutableCollections$Access
Event: 55.688 Loading class java/util/ImmutableCollections$Access done
Event: 55.688 Loading class java/util/ImmutableCollections$Access$1
Event: 55.688 Loading class jdk/internal/access/JavaUtilCollectionAccess
Event: 55.689 Loading class jdk/internal/access/JavaUtilCollectionAccess done
Event: 55.689 Loading class java/util/ImmutableCollections$Access$1 done

Classes unloaded (0 events):
No events

Classes redefined (0 events):
No events

Internal exceptions (20 events):
Event: 55.823 Thread 0x0000028591bcdd50 Exception <a 'sun/nio/fs/WindowsException'{0x000000008d632cf8}> (0x000000008d632cf8) 
thrown [s\src\hotspot\share\prims\jni.cpp, line 516]
Event: 55.823 Thread 0x0000028591bcdd50 Exception <a 'sun/nio/fs/WindowsException'{0x000000008d634438}> (0x000000008d634438) 
thrown [s\src\hotspot\share\prims\jni.cpp, line 516]
Event: 55.837 Thread 0x0000028591bcdd50 Exception <a 'sun/nio/fs/WindowsException'{0x000000008d525ed8}> (0x000000008d525ed8) 
thrown [s\src\hotspot\share\prims\jni.cpp, line 516]
Event: 55.837 Thread 0x0000028591bcdd50 Exception <a 'sun/nio/fs/WindowsException'{0x000000008d538b30}> (0x000000008d538b30) 
thrown [s\src\hotspot\share\prims\jni.cpp, line 516]
Event: 55.839 Thread 0x0000028591bcdd50 Exception <a 'sun/nio/fs/WindowsException'{0x000000008d56dce0}> (0x000000008d56dce0) 
thrown [s\src\hotspot\share\prims\jni.cpp, line 516]
Event: 55.839 Thread 0x0000028591bcdd50 Exception <a 'sun/nio/fs/WindowsException'{0x000000008d577350}> (0x000000008d577350) 
thrown [s\src\hotspot\share\prims\jni.cpp, line 516]
Event: 55.847 Thread 0x0000028591bcdd50 Exception <a 'sun/nio/fs/WindowsException'{0x000000008d464140}> (0x000000008d464140) 
thrown [s\src\hotspot\share\prims\jni.cpp, line 516]
Event: 55.847 Thread 0x0000028591bcdd50 Exception <a 'sun/nio/fs/WindowsException'{0x000000008d4658a8}> (0x000000008d4658a8) 
thrown [s\src\hotspot\share\prims\jni.cpp, line 516]
Event: 55.851 Thread 0x0000028591bcdd50 Exception <a 'sun/nio/fs/WindowsException'{0x000000008d30da98}> (0x000000008d30da98) 
thrown [s\src\hotspot\share\prims\jni.cpp, line 516]
Event: 55.851 Thread 0x0000028591bcdd50 Exception <a 'sun/nio/fs/WindowsException'{0x000000008d30f1d0}> (0x000000008d30f1d0) 
thrown [s\src\hotspot\share\prims\jni.cpp, line 516]
Event: 55.855 Thread 0x0000028591bcdd50 Exception <a 'sun/nio/fs/WindowsException'{0x000000008d344a80}> (0x000000008d344a80) 
thrown [s\src\hotspot\share\prims\jni.cpp, line 516]
Event: 55.855 Thread 0x0000028591bcdd50 Exception <a 'sun/nio/fs/WindowsException'{0x000000008d34c958}> (0x000000008d34c958) 
thrown [s\src\hotspot\share\prims\jni.cpp, line 516]
Event: 55.855 Thread 0x0000028591bcdd50 Exception <a 'sun/nio/fs/WindowsException'{0x000000008d34edf8}> (0x000000008d34edf8) 
thrown [s\src\hotspot\share\prims\jni.cpp, line 516]
Event: 55.855 Thread 0x0000028591bcdd50 Exception <a 'sun/nio/fs/WindowsException'{0x000000008d358ae0}> (0x000000008d358ae0) 
thrown [s\src\hotspot\share\prims\jni.cpp, line 516]
Event: 55.855 Thread 0x0000028591bcdd50 Exception <a 'sun/nio/fs/WindowsException'{0x000000008d35adc8}> (0x000000008d35adc8) 
thrown [s\src\hotspot\share\prims\jni.cpp, line 516]
Event: 55.855 Thread 0x0000028591bcdd50 Exception <a 'sun/nio/fs/WindowsException'{0x000000008d367a80}> (0x000000008d367a80) 
thrown [s\src\hotspot\share\prims\jni.cpp, line 516]
Event: 55.858 Thread 0x0000028591bcdd50 Exception <a 'sun/nio/fs/WindowsException'{0x000000008d39e8f0}> (0x000000008d39e8f0) 
thrown [s\src\hotspot\share\prims\jni.cpp, line 516]
Event: 55.858 Thread 0x0000028591bcdd50 Exception <a 'sun/nio/fs/WindowsException'{0x000000008d3a0858}> (0x000000008d3a0858) 
thrown [s\src\hotspot\share\prims\jni.cpp, line 516]
Event: 55.858 Thread 0x0000028591bcdd50 Exception <a 'sun/nio/fs/WindowsException'{0x000000008d3a2c70}> (0x000000008d3a2c70) 
thrown [s\src\hotspot\share\prims\jni.cpp, line 516]
Event: 55.859 Thread 0x0000028591bcdd50 Exception <a 'sun/nio/fs/WindowsException'{0x000000008d3bc2b0}> (0x000000008d3bc2b0) 
thrown [s\src\hotspot\share\prims\jni.cpp, line 516]

VM Operations (20 events):
Event: 54.859 Executing VM operation: G1CollectForAllocation done
Event: 54.962 Executing VM operation: HandshakeAllThreads
Event: 54.962 Executing VM operation: HandshakeAllThreads done
Event: 55.036 Executing VM operation: G1CollectForAllocation
Event: 55.042 Executing VM operation: G1CollectForAllocation done
Event: 55.153 Executing VM operation: HandshakeAllThreads
Event: 55.154 Executing VM operation: HandshakeAllThreads done
Event: 55.209 Executing VM operation: G1CollectForAllocation
Event: 55.214 Executing VM operation: G1CollectForAllocation done
Event: 55.214 Executing VM operation: HandshakeAllThreads
Event: 55.215 Executing VM operation: HandshakeAllThreads done
Event: 55.367 Executing VM operation: G1CollectForAllocation
Event: 55.370 Executing VM operation: G1CollectForAllocation done
Event: 55.580 Executing VM operation: G1CollectForAllocation
Event: 55.583 Executing VM operation: G1CollectForAllocation done
Event: 55.740 Executing VM operation: G1CollectForAllocation
Event: 55.743 Executing VM operation: G1CollectForAllocation done
Event: 55.801 Executing VM operation: G1CollectForAllocation
Event: 55.804 Executing VM operation: G1CollectForAllocation done
Event: 55.863 Executing VM operation: G1CollectForAllocation

Memory protections (0 events):
No events

Nmethod flushes (20 events):
Event: 55.234 Thread 0x0000028546730da0 flushing  nmethod 0x00000285315fb210
Event: 55.234 Thread 0x0000028546730da0 flushing  nmethod 0x00000285315fd710
Event: 55.234 Thread 0x0000028546730da0 flushing  nmethod 0x0000028531602590
Event: 55.234 Thread 0x0000028546730da0 flushing  nmethod 0x0000028531602910
Event: 55.234 Thread 0x0000028546730da0 flushing  nmethod 0x0000028531602d90
Event: 55.234 Thread 0x0000028546730da0 flushing  nmethod 0x0000028531603790
Event: 55.234 Thread 0x0000028546730da0 flushing  nmethod 0x0000028531604090
Event: 55.235 Thread 0x0000028546730da0 flushing  nmethod 0x0000028531604790
Event: 55.235 Thread 0x0000028546730da0 flushing  nmethod 0x0000028531605a10
Event: 55.235 Thread 0x0000028546730da0 flushing  nmethod 0x0000028531606e90
Event: 55.235 Thread 0x0000028546730da0 flushing  nmethod 0x0000028531607210
Event: 55.235 Thread 0x0000028546730da0 flushing  nmethod 0x0000028531608e10
Event: 55.235 Thread 0x0000028546730da0 flushing  nmethod 0x0000028531621990
Event: 55.235 Thread 0x0000028546730da0 flushing  nmethod 0x0000028531622010
Event: 55.235 Thread 0x0000028546730da0 flushing  nmethod 0x000002853165a890
Event: 55.235 Thread 0x0000028546730da0 flushing  nmethod 0x000002853165ae10
Event: 55.235 Thread 0x0000028546730da0 flushing  nmethod 0x0000028531662c10
Event: 55.235 Thread 0x0000028546730da0 flushing  nmethod 0x0000028531673310
Event: 55.235 Thread 0x0000028546730da0 flushing osr nmethod 0x000002853168b690
Event: 55.235 Thread 0x0000028546730da0 flushing  nmethod 0x00000285316d1f10

Events (20 events):
Event: 21.439 Thread 0x0000028591bcdd50 Thread added: 0x00000285978da090
Event: 21.440 Thread 0x0000028591bcdd50 Thread added: 0x00000285978d3640
Event: 21.753 Thread 0x0000028591bcdd50 Thread added: 0x00000285978d3b50
Event: 21.753 Thread 0x0000028591bcdd50 Thread added: 0x00000285913c9fd0
Event: 25.811 Thread 0x0000028591bcc910 Thread added: 0x00000285913c3070
Event: 26.158 Thread 0x00000285913c3070 Thread added: 0x00000285913c3a90
Event: 26.176 Thread 0x00000285913c3070 Thread added: 0x00000285913ca9f0
Event: 26.188 Thread 0x00000285913c3070 Thread added: 0x00000285913c3580
Event: 26.348 Thread 0x00000285913c3070 Thread added: 0x00000285913c3fa0
Event: 26.349 Thread 0x00000285913c3070 Thread added: 0x00000285913c44b0
Event: 26.485 Thread 0x00000285913c3fa0 Thread added: 0x00000285913c58f0
Event: 29.720 Thread 0x000002858fa8c050 Thread exited: 0x000002858fa8c050
Event: 52.774 Thread 0x0000028591bcdd50 Thread added: 0x00000285913c7c60
Event: 52.945 Thread 0x0000028591bcdd50 Thread added: 0x00000285913c49c0
Event: 52.945 Thread 0x0000028591bcdd50 Thread added: 0x00000285913c4ed0
Event: 52.946 Thread 0x0000028591bcdd50 Thread added: 0x00000285913c6310
Event: 52.946 Thread 0x0000028591bcdd50 Thread added: 0x00000285913c7240
Event: 52.947 Thread 0x0000028591bcdd50 Thread added: 0x00000285913c6820
Event: 52.947 Thread 0x0000028591bcdd50 Thread added: 0x00000285913c53e0
Event: 52.947 Thread 0x0000028591bcdd50 Thread added: 0x00000285913c6d30


Dynamic libraries:
0x00007ff71db10000 - 0x00007ff71db1e000 	C:\Users\Lenovo\.jdks\corretto-17.0.18\bin\java.exe
0x00007fff22b90000 - 0x00007fff22d88000 	C:\Windows\SYSTEM32\ntdll.dll
0x00007fff21f90000 - 0x00007fff22052000 	C:\Windows\System32\KERNEL32.DLL
0x00007fff20220000 - 0x00007fff20516000 	C:\Windows\System32\KERNELBASE.dll
0x00007fff20990000 - 0x00007fff20a90000 	C:\Windows\System32\ucrtbase.dll
0x00007fff10dc0000 - 0x00007fff10dd8000 	C:\Users\Lenovo\.jdks\corretto-17.0.18\bin\jli.dll
0x00007fff10da0000 - 0x00007fff10dbe000 	C:\Users\Lenovo\.jdks\corretto-17.0.18\bin\VCRUNTIME140.dll
0x00007fff20fd0000 - 0x00007fff21171000 	C:\Windows\System32\USER32.dll
0x00007fff20520000 - 0x00007fff20542000 	C:\Windows\System32\win32u.dll
0x00007fff0fe00000 - 0x00007fff1009b000 	C:\Windows\WinSxS\amd64_microsoft.windows.common-controls_6595b64144ccf1df_6.0.19041.6456_none_60b8a6cb71f64256\COMCTL32.dll
0x00007fff212d0000 - 0x00007fff212fb000 	C:\Windows\System32\GDI32.dll
0x00007fff20650000 - 0x00007fff20769000 	C:\Windows\System32\gdi32full.dll
0x00007fff20a90000 - 0x00007fff20b2d000 	C:\Windows\System32\msvcp_win.dll
0x00007fff21300000 - 0x00007fff2139e000 	C:\Windows\System32\msvcrt.dll
0x00007fff21f50000 - 0x00007fff21f7f000 	C:\Windows\System32\IMM32.DLL
0x00007fff12500000 - 0x00007fff1250c000 	C:\Users\Lenovo\.jdks\corretto-17.0.18\bin\vcruntime140_1.dll
0x00007ffef7f10000 - 0x00007ffef7f99000 	C:\Users\Lenovo\.jdks\corretto-17.0.18\bin\msvcp140.dll
0x00007ffedaf40000 - 0x00007ffedbbb4000 	C:\Users\Lenovo\.jdks\corretto-17.0.18\bin\server\jvm.dll
0x00007fff213a0000 - 0x00007fff21451000 	C:\Windows\System32\ADVAPI32.dll
0x00007fff22060000 - 0x00007fff220ff000 	C:\Windows\System32\sechost.dll
0x00007fff22760000 - 0x00007fff22880000 	C:\Windows\System32\RPCRT4.dll
0x00007fff20770000 - 0x00007fff20797000 	C:\Windows\System32\bcrypt.dll
0x00007fff20df0000 - 0x00007fff20e5b000 	C:\Windows\System32\WS2_32.dll
0x00007fff14660000 - 0x00007fff14687000 	C:\Windows\SYSTEM32\WINMM.dll
0x00007fff16820000 - 0x00007fff1682a000 	C:\Windows\SYSTEM32\VERSION.dll
0x00007fff1f7b0000 - 0x00007fff1f7fb000 	C:\Windows\SYSTEM32\POWRPROF.dll
0x00007fff1f620000 - 0x00007fff1f632000 	C:\Windows\SYSTEM32\UMPDC.dll
0x00007fff1ea30000 - 0x00007fff1ea42000 	C:\Windows\SYSTEM32\kernel.appcore.dll
0x00007fff10d90000 - 0x00007fff10d9a000 	C:\Users\Lenovo\.jdks\corretto-17.0.18\bin\jimage.dll
0x00007fff1e040000 - 0x00007fff1e241000 	C:\Windows\SYSTEM32\DBGHELP.DLL
0x00007fff0c690000 - 0x00007fff0c6c4000 	C:\Windows\SYSTEM32\dbgcore.DLL
0x00007fff20900000 - 0x00007fff20982000 	C:\Windows\System32\bcryptPrimitives.dll
0x00007fff1bde0000 - 0x00007fff1bdef000 	C:\Users\Lenovo\.jdks\corretto-17.0.18\bin\instrument.dll
0x00007fff10d50000 - 0x00007fff10d76000 	C:\Users\Lenovo\.jdks\corretto-17.0.18\bin\java.dll
0x00007ffedf790000 - 0x00007ffedf867000 	C:\Users\Lenovo\.jdks\corretto-17.0.18\bin\jsvml.dll
0x00007fff217e0000 - 0x00007fff21f50000 	C:\Windows\System32\SHELL32.dll
0x00007fff1e270000 - 0x00007fff1ea15000 	C:\Windows\SYSTEM32\windows.storage.dll
0x00007fff21470000 - 0x00007fff217c4000 	C:\Windows\System32\combase.dll
0x00007fff1fc50000 - 0x00007fff1fc7b000 	C:\Windows\SYSTEM32\Wldp.dll
0x00007fff21180000 - 0x00007fff2124d000 	C:\Windows\System32\OLEAUT32.dll
0x00007fff20e60000 - 0x00007fff20f0d000 	C:\Windows\System32\SHCORE.dll
0x00007fff20f10000 - 0x00007fff20f6b000 	C:\Windows\System32\shlwapi.dll
0x00007fff20150000 - 0x00007fff20174000 	C:\Windows\SYSTEM32\profapi.dll
0x00007fff10d30000 - 0x00007fff10d48000 	C:\Users\Lenovo\.jdks\corretto-17.0.18\bin\zip.dll
0x00007fff0f780000 - 0x00007fff0f79b000 	C:\Users\Lenovo\.jdks\corretto-17.0.18\bin\net.dll
0x00007fff1a870000 - 0x00007fff1a97a000 	C:\Windows\SYSTEM32\WINHTTP.dll
0x00007fff1f9b0000 - 0x00007fff1fa1a000 	C:\Windows\system32\mswsock.dll
0x00007fff0f610000 - 0x00007fff0f626000 	C:\Users\Lenovo\.jdks\corretto-17.0.18\bin\nio.dll
0x00007fff175c0000 - 0x00007fff175d0000 	C:\Users\Lenovo\.jdks\corretto-17.0.18\bin\verify.dll
0x00007fff10de0000 - 0x00007fff10e07000 	C:\Users\Lenovo\.gradle\native\c067742578af261105cb4f569cf0c3c89f3d7b1fecec35dd04571415982c5e48\windows-amd64\native-platform.dll
0x00007ffedf640000 - 0x00007ffedf784000 	C:\Users\Lenovo\.gradle\native\100fb08df4bc3b14c8652ba06237920a3bd2aa13389f12d3474272988ae205f9\windows-amd64\native-platform-file-events.dll
0x00007fff0fce0000 - 0x00007fff0fcea000 	C:\Users\Lenovo\.jdks\corretto-17.0.18\bin\management.dll
0x00007fff0f970000 - 0x00007fff0f97c000 	C:\Users\Lenovo\.jdks\corretto-17.0.18\bin\management_ext.dll
0x00007fff21460000 - 0x00007fff21468000 	C:\Windows\System32\PSAPI.DLL
0x00007fff1fbb0000 - 0x00007fff1fbc8000 	C:\Windows\SYSTEM32\CRYPTSP.dll
0x00007fff1f260000 - 0x00007fff1f298000 	C:\Windows\system32\rsaenh.dll
0x00007fff20110000 - 0x00007fff2013e000 	C:\Windows\SYSTEM32\USERENV.dll
0x00007fff1fba0000 - 0x00007fff1fbac000 	C:\Windows\SYSTEM32\CRYPTBASE.dll
0x00007fff1f640000 - 0x00007fff1f67b000 	C:\Windows\SYSTEM32\IPHLPAPI.DLL
0x00007fff21f80000 - 0x00007fff21f88000 	C:\Windows\System32\NSI.dll
0x00007fff16ef0000 - 0x00007fff16f07000 	C:\Windows\SYSTEM32\dhcpcsvc6.DLL
0x00007fff175f0000 - 0x00007fff1760d000 	C:\Windows\SYSTEM32\dhcpcsvc.DLL
0x00007fff1f680000 - 0x00007fff1f74a000 	C:\Windows\SYSTEM32\DNSAPI.dll
0x00007fff0f770000 - 0x00007fff0f779000 	C:\Users\Lenovo\.jdks\corretto-17.0.18\bin\extnet.dll
0x00007fff12250000 - 0x00007fff1225e000 	C:\Users\Lenovo\.jdks\corretto-17.0.18\bin\sunmscapi.dll
0x00007fff207a0000 - 0x00007fff208fd000 	C:\Windows\System32\CRYPT32.dll
0x00007fff1fcc0000 - 0x00007fff1fce7000 	C:\Windows\SYSTEM32\ncrypt.dll
0x00007fff1fc80000 - 0x00007fff1fcbb000 	C:\Windows\SYSTEM32\NTASN1.dll
0x00007fff1c710000 - 0x00007fff1c717000 	C:\Windows\system32\wshunix.dll
0x00007fff18720000 - 0x00007fff18727000 	C:\Users\Lenovo\.jdks\corretto-17.0.18\bin\rmi.dll

dbghelp: loaded successfully - version: 4.0.5 - missing functions: none
symbol engine: initialized successfully - sym options: 0x614 - pdb path: .;C:\Users\Lenovo\.jdks\corretto-17.0.18\bin;C:\Windows\SYSTEM32;C:\Windows\WinSxS\amd64_microsoft.windows.common-controls_6595b64144ccf1df_6.0.19041.6456_none_60b8a6cb71f64256;C:\Users\Lenovo\.jdks\corretto-17.0.18\bin\server;C:\Users\Lenovo\.gradle\native\c067742578af261105cb4f569cf0c3c89f3d7b1fecec35dd04571415982c5e48\windows-amd64;C:\Users\Lenovo\.gradle\native\100fb08df4bc3b14c8652ba06237920a3bd2aa13389f12d3474272988ae205f9\windows-amd64

VM Arguments:
jvm_args: --add-opens=java.base/java.util=ALL-UNNAMED --add-opens=java.base/java.lang=ALL-UNNAMED --add-opens=java.base/java.lang.invoke=ALL-UNNAMED --add-opens=java.prefs/java.util.prefs=ALL-UNNAMED --add-exports=jdk.compiler/com.sun.tools.javac.api=ALL-UNNAMED --add-exports=jdk.compiler/com.sun.tools.javac.util=ALL-UNNAMED --add-opens=java.base/java.nio.charset=ALL-UNNAMED --add-opens=java.base/java.net=ALL-UNNAMED --add-opens=java.base/java.util.concurrent.atomic=ALL-UNNAMED -Xmx2048m -Dfile.encoding=UTF-8 -Duser.country=US -Duser.language=en -Duser.variant -javaagent:C:\Users\Lenovo\.gradle\wrapper\dists\gradle-8.9-bin\90cnw93cvbtalezasaz0blq0a\gradle-8.9\lib\agents\gradle-instrumentation-agent-8.9.jar 
java_command: org.gradle.launcher.daemon.bootstrap.GradleDaemon 8.9
java_class_path (initial): C:\Users\Lenovo\.gradle\wrapper\dists\gradle-8.9-bin\90cnw93cvbtalezasaz0blq0a\gradle-8.9\lib\gradle-daemon-main-8.9.jar
Launcher Type: SUN_STANDARD

[Global flags]
     intx CICompilerCount                          = 4                                         {product} {ergonomic}
     uint ConcGCThreads                            = 2                                         {product} {ergonomic}
     uint G1ConcRefinementThreads                  = 8                                         {product} {ergonomic}
   size_t G1HeapRegionSize                         = 1048576                                   {product} {ergonomic}
    uintx GCDrainStackTargetSize                   = 64                                        {product} {ergonomic}
   size_t InitialHeapSize                          = 98566144                                  {product} {ergonomic}
   size_t MarkStackSize                            = 4194304                                   {product} {ergonomic}
   size_t MaxHeapSize                              = 2147483648                                {product} {command line}
   size_t MaxNewSize                               = 1287651328                                {product} {ergonomic}
   size_t MinHeapDeltaBytes                        = 1048576                                   {product} {ergonomic}
   size_t MinHeapSize                              = 8388608                                   {product} {ergonomic}
    uintx NonNMethodCodeHeapSize                   = 5839372                                {pd product} {ergonomic}
    uintx NonProfiledCodeHeapSize                  = 122909434                              {pd product} {ergonomic}
    uintx ProfiledCodeHeapSize                     = 122909434                              {pd product} {ergonomic}
    uintx ReservedCodeCacheSize                    = 251658240                              {pd product} {ergonomic}
     bool SegmentedCodeCache                       = true                                      {product} {ergonomic}
   size_t SoftMaxHeapSize                          = 2147483648                             {manageable} {ergonomic}
     bool UseCompressedClassPointers               = true                           {product lp64_product} {ergonomic}
     bool UseCompressedOops                        = true                           {product lp64_product} {ergonomic}
     bool UseG1GC                                  = true                                      {product} {ergonomic}
     bool UseLargePagesIndividualAllocation        = false                                  {pd product} {ergonomic}

Logging:
Log output configuration:
 #0: stdout all=warning uptime,level,tags
 #1: stderr all=off uptime,level,tags

Environment Variables:
PATH=C:\Program Files\Common Files\Oracle\Java\javapath;C:\Program Files\Microsoft SDKs\Azure\CLI2\wbin;C:\Windows\system32;C:\Windows;C:\Windows\System32\Wbem;C:\Windows\System32\WindowsPowerShell\v1.0\;C:\Windows\System32\OpenSSH\;C:\TDM-GCC-64\bin;D:\Program Files\nodejs\;C:\Users\Lenovo\Downloads\apache-maven-3.9.12-bin\apache-maven-3.9.12\bin;D:\Program Files\Java\jdk-25\bin;C:\Users\Lenovo\AppData\Local\Programs\Python\Python311\Scripts\;C:\Users\Lenovo\AppData\Local\Programs\Python\Python311\;C:\Users\Lenovo\AppData\Local\Microsoft\WindowsApps;;C:\Users\Lenovo\AppData\Local\Programs\Microsoft VS Code\bin;C:\Users\Lenovo\AppData\Roaming\npm
USERNAME=Lenovo
OS=Windows_NT
PROCESSOR_IDENTIFIER=AMD64 Family 23 Model 104 Stepping 1, AuthenticAMD
TMP=C:\Users\Lenovo\AppData\Local\Temp
TEMP=C:\Users\Lenovo\AppData\Local\Temp



Periodic native trim disabled


---------------  S Y S T E M  ---------------

OS:
 Windows 10 , 64 bit Build 19041 (10.0.19041.5915)
OS uptime: 2 days 0:00 hours

CPU: total 8 (initial active 8) (8 cores per cpu, 2 threads per core) family 23 model 104 stepping 1 microcode 0x0, cx8, cmov, fxsr, ht, mmx, 3dnowpref, sse, sse2, sse3, ssse3, sse4a, sse4.1, sse4.2, popcnt, lzcnt, tsc, tscinvbit, avx, avx2, aes, clmul, bmi1, bmi2, adx, sha, fma, vzeroupper, clflush, clflushopt
Processor Information for all 8 processors :
  Max Mhz: 2600, Current Mhz: 2600, Mhz Limit: 2600

Memory: 4k page, system-wide physical 6005M (281M free)
TotalPageFile size 24437M (AvailPageFile size 42M)
current process WorkingSet (physical memory assigned to process): 318M, peak: 484M
current process commit charge ("private bytes"): 558M, peak: 601M

vm_info: OpenJDK 64-Bit Server VM (17.0.18+9-LTS) for windows-amd64 JRE (17.0.18+9-LTS), built on Jan 27 2026 22:38:43 by "Administrator" with MS VC++ 17.14 (VS2022)

END.
